#
# There is insufficient memory for the Java Runtime Environment to continue.
# Native memory allocation (malloc) failed to allocate 1508016 bytes. Error detail: Chunk::new
# Possible reasons:
#   The system is out of physical RAM or swap space
#   This process is running with CompressedOops enabled, and the Java Heap may be blocking the growth of the native heap
# Possible solutions:
#   Reduce memory load on the system
#   Increase physical memory or swap space
#   Check if swap backing store is full
#   Decrease Java heap size (-Xmx/-Xms)
#   Decrease number of Java threads
#   Decrease Java thread stack sizes (-Xss)
#   Set larger code cache with -XX:ReservedCodeCacheSize=
#   JVM is running with Unscaled Compressed Oops mode in which the Java heap is
#     placed in the first 4GB address space. The Java Heap base address is the
#     maximum limit for the native heap growth. Please use -XX:HeapBaseMinAddress
#     to set the Java Heap base and to place the Java Heap above 4GB virtual address.
# This output file may be truncated or incomplete.
#
#  Out of Memory Error (arena.cpp:168), pid=22404, tid=17852
#
# JRE version: OpenJDK Runtime Environment Temurin-21.0.7+6 (21.0.7+6) (build 21.0.7+6-LTS)
# Java VM: OpenJDK 64-Bit Server VM Temurin-21.0.7+6 (21.0.7+6-LTS, mixed mode, sharing, tiered, compressed oops, compressed class ptrs, parallel gc, windows-amd64)
# No core dump will be written. Minidumps are not enabled by default on client versions of Windows
#

---------------  S U M M A R Y ------------

Command Line: --add-modules=ALL-SYSTEM --add-opens=java.base/java.util=ALL-UNNAMED --add-opens=java.base/java.lang=ALL-UNNAMED --add-opens=java.base/sun.nio.fs=ALL-UNNAMED -Declipse.application=org.eclipse.jdt.ls.core.id1 -Dosgi.bundles.defaultStartLevel=4 -Declipse.product=org.eclipse.jdt.ls.core.product -Djava.import.generatesMetadataFilesAtProjectRoot=false -DDetectVMInstallationsJob.disabled=true -Dfile.encoding=utf8 -XX:+UseParallelGC -XX:GCTimeRatio=4 -XX:AdaptiveSizePolicyWeight=90 -Dsun.zip.disableMemoryMapping=true -Xmx2G -Xms100m -Xlog:disable -javaagent:c:\Users\TUF\.vscode\extensions\redhat.java-1.43.1-win32-x64\lombok\lombok-1.18.39-4050.jar -XX:+HeapDumpOnOutOfMemoryError -XX:HeapDumpPath=c:\Users\TUF\AppData\Roaming\Code\User\workspaceStorage\03fc4354315e2177e2f05af99acf76cd\redhat.java -Daether.dependencyCollector.impl=bf c:\Users\TUF\.vscode\extensions\redhat.java-1.43.1-win32-x64\server\plugins\org.eclipse.equinox.launcher_1.7.0.v20250519-0528.jar -configuration c:\Users\TUF\AppData\Roaming\Code\User\globalStorage\redhat.java\1.43.1\config_win -data c:\Users\TUF\AppData\Roaming\Code\User\workspaceStorage\03fc4354315e2177e2f05af99acf76cd\redhat.java\jdt_ws --pipe=\\.\pipe\lsp-0e90b87d65ca0f6edbf5556f0df97c3f-sock

Host: AMD Ryzen 5 5600X 6-Core Processor             , 12 cores, 14G,  Windows 11 , 64 bit Build 26100 (10.0.26100.4484)
Time: Fri Jul 18 01:02:14 2025 Malay Peninsula Standard Time elapsed time: 56.865388 seconds (0d 0h 0m 56s)

---------------  T H R E A D  ---------------

Current thread (0x00000251998b1820):  JavaThread "C2 CompilerThread0" daemon [_thread_in_native, id=17852, stack(0x00000068b2a00000,0x00000068b2b00000) (1024K)]


Current CompileTask:
C2:56865 10568       4       org.eclipse.osgi.internal.loader.classpath.ClasspathEntry::findResource (65 bytes)

Stack: [0x00000068b2a00000,0x00000068b2b00000]
Native frames: (J=compiled Java code, j=interpreted, Vv=VM code, C=native code)
V  [jvm.dll+0x6ce119]
V  [jvm.dll+0x8a84a1]
V  [jvm.dll+0x8aa9ce]
V  [jvm.dll+0x8ab0b3]
V  [jvm.dll+0x27f8a6]
V  [jvm.dll+0xc507d]
V  [jvm.dll+0xc55b3]
V  [jvm.dll+0x3b68f2]
V  [jvm.dll+0x382aa5]
V  [jvm.dll+0x381f0a]
V  [jvm.dll+0x247af0]
V  [jvm.dll+0x2470cf]
V  [jvm.dll+0x1c760e]
V  [jvm.dll+0x25695a]
V  [jvm.dll+0x254efa]
V  [jvm.dll+0x3f03f6]
V  [jvm.dll+0x851f6b]
V  [jvm.dll+0x6cc7dd]
C  [ucrtbase.dll+0x37b0]
C  [KERNEL32.DLL+0x2e8d7]
C  [ntdll.dll+0x3c34c]


---------------  P R O C E S S  ---------------

Threads class SMR info:
_java_thread_list=0x00000251a3b6d560, length=88, elements={
0x000002513ffd3700, 0x00000251998848b0, 0x0000025199887c30, 0x000002519988a780,
0x00000251998ab3e0, 0x00000251998ac030, 0x00000251998aea90, 0x00000251998b1820,
0x000002519991f560, 0x00000251999b0840, 0x0000025199bd9b70, 0x000002519e8d1000,
0x000002519ea94d50, 0x000002519e434130, 0x000002519e6393c0, 0x000002519e6cdd20,
0x000002519ecd8400, 0x000002519ec89c50, 0x000002519ec895c0, 0x000002519ec8a2e0,
0x000002519ec8a970, 0x000002519ec8b000, 0x000002519ec8b690, 0x000002519ec88210,
0x000002519ec888a0, 0x000002519ec88f30, 0x00000251a0cf6ea0, 0x00000251a0cf6180,
0x00000251a0cf8250, 0x00000251a0cf7530, 0x00000251a0cf5af0, 0x00000251a0cf7bc0,
0x00000251a0cf6810, 0x00000251a0cf4dd0, 0x00000251a0cf88e0, 0x00000251a0cf5460,
0x00000251a0cfa320, 0x00000251a0cf9c90, 0x00000251a0cfa9b0, 0x00000251a0cf9600,
0x00000251a0cfb6d0, 0x00000251a0cfbd60, 0x00000251a0cf8f70, 0x000002519f110be0,
0x000002519f10fec0, 0x000002519f111f90, 0x000002519f111270, 0x000002519f112620,
0x000002519f112cb0, 0x00000251a0cfc3f0, 0x00000251a371a870, 0x00000251a371a1e0,
0x00000251a37194c0, 0x00000251a371b590, 0x00000251a371af00, 0x00000251a3718110,
0x00000251a3719b50, 0x00000251a140f1a0, 0x00000251a1412150, 0x00000251a371bc20,
0x00000251a37187a0, 0x00000251a371ea10, 0x00000251a371f0a0, 0x00000251a371c940,
0x00000251a371dcf0, 0x00000251a371f730, 0x00000251a371cfd0, 0x00000251a371d660,
0x00000251a371e380, 0x00000251a371c2b0, 0x000002519f110550, 0x000002519febe1c0,
0x000002519febeee0, 0x000002519febf570, 0x000002519fec1cd0, 0x000002519febfc00,
0x000002519fec0290, 0x000002519fec1640, 0x000002519fec0fb0, 0x000002519febe850,
0x000002519fec29f0, 0x000002519fec3080, 0x000002519fec3710, 0x000002519fec3da0,
0x000002519fec0920, 0x000002519fec5150, 0x000002519fec57e0, 0x000002519fec4430
}

Java Threads: ( => current thread )
  0x000002513ffd3700 JavaThread "main"                              [_thread_blocked, id=3952, stack(0x00000068b2000000,0x00000068b2100000) (1024K)]
  0x00000251998848b0 JavaThread "Reference Handler"          daemon [_thread_blocked, id=19612, stack(0x00000068b2400000,0x00000068b2500000) (1024K)]
  0x0000025199887c30 JavaThread "Finalizer"                  daemon [_thread_blocked, id=3980, stack(0x00000068b2500000,0x00000068b2600000) (1024K)]
  0x000002519988a780 JavaThread "Signal Dispatcher"          daemon [_thread_blocked, id=25424, stack(0x00000068b2600000,0x00000068b2700000) (1024K)]
  0x00000251998ab3e0 JavaThread "Attach Listener"            daemon [_thread_blocked, id=6336, stack(0x00000068b2700000,0x00000068b2800000) (1024K)]
  0x00000251998ac030 JavaThread "Service Thread"             daemon [_thread_blocked, id=16868, stack(0x00000068b2800000,0x00000068b2900000) (1024K)]
  0x00000251998aea90 JavaThread "Monitor Deflation Thread"   daemon [_thread_blocked, id=12564, stack(0x00000068b2900000,0x00000068b2a00000) (1024K)]
=>0x00000251998b1820 JavaThread "C2 CompilerThread0"         daemon [_thread_in_native, id=17852, stack(0x00000068b2a00000,0x00000068b2b00000) (1024K)]
  0x000002519991f560 JavaThread "C1 CompilerThread0"         daemon [_thread_blocked, id=1688, stack(0x00000068b2b00000,0x00000068b2c00000) (1024K)]
  0x00000251999b0840 JavaThread "Common-Cleaner"             daemon [_thread_blocked, id=7848, stack(0x00000068b2c00000,0x00000068b2d00000) (1024K)]
  0x0000025199bd9b70 JavaThread "Notification Thread"        daemon [_thread_blocked, id=22400, stack(0x00000068b2e00000,0x00000068b2f00000) (1024K)]
  0x000002519e8d1000 JavaThread "Active Thread: Equinox Container: 4d5db429-3c10-4f3f-b4c7-c958c8fb9c14"        [_thread_blocked, id=18572, stack(0x00000068b3600000,0x00000068b3700000) (1024K)]
  0x000002519ea94d50 JavaThread "Refresh Thread: Equinox Container: 4d5db429-3c10-4f3f-b4c7-c958c8fb9c14" daemon [_thread_blocked, id=18748, stack(0x00000068b3800000,0x00000068b3900000) (1024K)]
  0x000002519e434130 JavaThread "Framework Event Dispatcher: Equinox Container: 4d5db429-3c10-4f3f-b4c7-c958c8fb9c14" daemon [_thread_blocked, id=18112, stack(0x00000068b3900000,0x00000068b3a00000) (1024K)]
  0x000002519e6393c0 JavaThread "Start Level: Equinox Container: 4d5db429-3c10-4f3f-b4c7-c958c8fb9c14" daemon [_thread_blocked, id=18444, stack(0x00000068b3a00000,0x00000068b3b00000) (1024K)]
  0x000002519e6cdd20 JavaThread "Bundle File Closer"         daemon [_thread_blocked, id=19852, stack(0x00000068b3d00000,0x00000068b3e00000) (1024K)]
  0x000002519ecd8400 JavaThread "SCR Component Actor"        daemon [_thread_blocked, id=19516, stack(0x00000068b3e00000,0x00000068b3f00000) (1024K)]
  0x000002519ec89c50 JavaThread "Worker-JM"                         [_thread_blocked, id=11060, stack(0x00000068b2f00000,0x00000068b3000000) (1024K)]
  0x000002519ec895c0 JavaThread "JNA Cleaner"                daemon [_thread_blocked, id=11648, stack(0x00000068b4000000,0x00000068b4100000) (1024K)]
  0x000002519ec8a2e0 JavaThread "Worker-0: Update project android"        [_thread_blocked, id=25564, stack(0x00000068b4100000,0x00000068b4200000) (1024K)]
  0x000002519ec8a970 JavaThread "Worker-1"                          [_thread_blocked, id=22380, stack(0x00000068b4200000,0x00000068b4300000) (1024K)]
  0x000002519ec8b000 JavaThread "Java indexing"              daemon [_thread_blocked, id=22288, stack(0x00000068b4400000,0x00000068b4500000) (1024K)]
  0x000002519ec8b690 JavaThread "Worker-2"                          [_thread_blocked, id=13072, stack(0x00000068b4800000,0x00000068b4900000) (1024K)]
  0x000002519ec88210 JavaThread "Worker-3"                          [_thread_blocked, id=15620, stack(0x00000068b4900000,0x00000068b4a00000) (1024K)]
  0x000002519ec888a0 JavaThread "Thread-2"                   daemon [_thread_in_native, id=13248, stack(0x00000068b4a00000,0x00000068b4b00000) (1024K)]
  0x000002519ec88f30 JavaThread "Thread-3"                   daemon [_thread_in_native, id=19152, stack(0x00000068b4b00000,0x00000068b4c00000) (1024K)]
  0x00000251a0cf6ea0 JavaThread "Thread-4"                   daemon [_thread_in_native, id=24244, stack(0x00000068b4c00000,0x00000068b4d00000) (1024K)]
  0x00000251a0cf6180 JavaThread "Thread-5"                   daemon [_thread_in_native, id=12696, stack(0x00000068b4d00000,0x00000068b4e00000) (1024K)]
  0x00000251a0cf8250 JavaThread "Thread-6"                   daemon [_thread_in_native, id=18176, stack(0x00000068b4e00000,0x00000068b4f00000) (1024K)]
  0x00000251a0cf7530 JavaThread "Thread-7"                   daemon [_thread_in_native, id=17164, stack(0x00000068b4f00000,0x00000068b5000000) (1024K)]
  0x00000251a0cf5af0 JavaThread "Thread-8"                   daemon [_thread_in_native, id=21028, stack(0x00000068b5000000,0x00000068b5100000) (1024K)]
  0x00000251a0cf7bc0 JavaThread "Thread-9"                   daemon [_thread_in_native, id=11100, stack(0x00000068b5100000,0x00000068b5200000) (1024K)]
  0x00000251a0cf6810 JavaThread "Thread-10"                  daemon [_thread_in_native, id=18952, stack(0x00000068b5200000,0x00000068b5300000) (1024K)]
  0x00000251a0cf4dd0 JavaThread "Thread-11"                  daemon [_thread_in_native, id=2864, stack(0x00000068b5300000,0x00000068b5400000) (1024K)]
  0x00000251a0cf88e0 JavaThread "Thread-12"                  daemon [_thread_in_native, id=15168, stack(0x00000068b5400000,0x00000068b5500000) (1024K)]
  0x00000251a0cf5460 JavaThread "Thread-13"                  daemon [_thread_in_native, id=23816, stack(0x00000068b5500000,0x00000068b5600000) (1024K)]
  0x00000251a0cfa320 JavaThread "Thread-14"                  daemon [_thread_in_native, id=23044, stack(0x00000068b5600000,0x00000068b5700000) (1024K)]
  0x00000251a0cf9c90 JavaThread "pool-2-thread-1"                   [_thread_blocked, id=23980, stack(0x00000068b5700000,0x00000068b5800000) (1024K)]
  0x00000251a0cfa9b0 JavaThread "Timer-0"                           [_thread_blocked, id=23772, stack(0x00000068b5800000,0x00000068b5900000) (1024K)]
  0x00000251a0cf9600 JavaThread "Timer-1"                           [_thread_blocked, id=6696, stack(0x00000068b5900000,0x00000068b5a00000) (1024K)]
  0x00000251a0cfb6d0 JavaThread "WorkspaceEventsHandler"            [_thread_blocked, id=17180, stack(0x00000068b5a00000,0x00000068b5b00000) (1024K)]
  0x00000251a0cfbd60 JavaThread "pool-1-thread-1"                   [_thread_blocked, id=7908, stack(0x00000068b5b00000,0x00000068b5c00000) (1024K)]
  0x00000251a0cf8f70 JavaThread "Worker-4: Initialize workspace"        [_thread_blocked, id=19540, stack(0x00000068b5d00000,0x00000068b5e00000) (1024K)]
  0x000002519f110be0 JavaThread "Worker-5"                          [_thread_blocked, id=14168, stack(0x00000068b5e00000,0x00000068b5f00000) (1024K)]
  0x000002519f10fec0 JavaThread "Timer-2"                           [_thread_blocked, id=18244, stack(0x00000068b5c00000,0x00000068b5d00000) (1024K)]
  0x000002519f111f90 JavaThread "Timer-3"                           [_thread_blocked, id=18320, stack(0x00000068b5f00000,0x00000068b6000000) (1024K)]
  0x000002519f111270 JavaThread "Timer-4"                           [_thread_blocked, id=12364, stack(0x00000068b6000000,0x00000068b6100000) (1024K)]
  0x000002519f112620 JavaThread "Timer-5"                           [_thread_blocked, id=23476, stack(0x00000068b3f00000,0x00000068b4000000) (1024K)]
  0x000002519f112cb0 JavaThread "Exec process"                      [_thread_blocked, id=7232, stack(0x00000068b6100000,0x00000068b6200000) (1024K)]
  0x00000251a0cfc3f0 JavaThread "Exec process Thread 2"             [_thread_blocked, id=22656, stack(0x00000068b6200000,0x00000068b6300000) (1024K)]
  0x00000251a371a870 JavaThread "Exec process Thread 3"             [_thread_blocked, id=17664, stack(0x00000068b6400000,0x00000068b6500000) (1024K)]
  0x00000251a371a1e0 JavaThread "Timer-6"                           [_thread_blocked, id=21780, stack(0x00000068b4300000,0x00000068b4400000) (1024K)]
  0x00000251a37194c0 JavaThread "Timer-7"                           [_thread_blocked, id=2044, stack(0x00000068b6500000,0x00000068b6600000) (1024K)]
  0x00000251a371b590 JavaThread "Timer-8"                           [_thread_blocked, id=14256, stack(0x00000068b6600000,0x00000068b6700000) (1024K)]
  0x00000251a371af00 JavaThread "Timer-9"                           [_thread_blocked, id=5708, stack(0x00000068b6800000,0x00000068b6900000) (1024K)]
  0x00000251a3718110 JavaThread "Timer-10"                          [_thread_blocked, id=23584, stack(0x00000068b2d00000,0x00000068b2e00000) (1024K)]
  0x00000251a3719b50 JavaThread "Timer-11"                          [_thread_blocked, id=9096, stack(0x00000068b6900000,0x00000068b6a00000) (1024K)]
  0x00000251a140f1a0 JavaThread "C2 CompilerThread1"         daemon [_thread_in_native, id=7364, stack(0x00000068b1d00000,0x00000068b1e00000) (1024K)]
  0x00000251a1412150 JavaThread "C2 CompilerThread2"         daemon [_thread_blocked, id=24664, stack(0x00000068b6700000,0x00000068b6800000) (1024K)]
  0x00000251a371bc20 JavaThread "ForkJoinPool.commonPool-worker-1" daemon [_thread_blocked, id=11072, stack(0x00000068b6a00000,0x00000068b6b00000) (1024K)]
  0x00000251a37187a0 JavaThread "Timer-12"                          [_thread_blocked, id=13620, stack(0x00000068b6b00000,0x00000068b6c00000) (1024K)]
  0x00000251a371ea10 JavaThread "Connection worker"                 [_thread_in_vm, id=5900, stack(0x00000068b6c00000,0x00000068b6d00000) (1024K)]
  0x00000251a371f0a0 JavaThread "pool-6-thread-1"                   [_thread_blocked, id=11392, stack(0x00000068b6d00000,0x00000068b6e00000) (1024K)]
  0x00000251a371c940 JavaThread "LocalFile Deleter"          daemon [_thread_blocked, id=25168, stack(0x00000068b6e00000,0x00000068b6f00000) (1024K)]
  0x00000251a371dcf0 JavaThread "LocalFile Deleter"          daemon [_thread_blocked, id=17648, stack(0x00000068b6f00000,0x00000068b7000000) (1024K)]
  0x00000251a371f730 JavaThread "LocalFile Deleter"          daemon [_thread_blocked, id=16468, stack(0x00000068b7000000,0x00000068b7100000) (1024K)]
  0x00000251a371cfd0 JavaThread "LocalFile Deleter"          daemon [_thread_blocked, id=22508, stack(0x00000068b7100000,0x00000068b7200000) (1024K)]
  0x00000251a371d660 JavaThread "LocalFile Deleter"          daemon [_thread_blocked, id=18204, stack(0x00000068b7200000,0x00000068b7300000) (1024K)]
  0x00000251a371e380 JavaThread "LocalFile Deleter"          daemon [_thread_blocked, id=4164, stack(0x00000068b7300000,0x00000068b7400000) (1024K)]
  0x00000251a371c2b0 JavaThread "LocalFile Deleter"          daemon [_thread_blocked, id=22684, stack(0x00000068b7400000,0x00000068b7500000) (1024K)]
  0x000002519f110550 JavaThread "LocalFile Deleter"          daemon [_thread_blocked, id=12872, stack(0x00000068b7500000,0x00000068b7600000) (1024K)]
  0x000002519febe1c0 JavaThread "LocalFile Deleter"          daemon [_thread_blocked, id=19232, stack(0x00000068b7600000,0x00000068b7700000) (1024K)]
  0x000002519febeee0 JavaThread "LocalFile Deleter"          daemon [_thread_blocked, id=4272, stack(0x00000068b7700000,0x00000068b7800000) (1024K)]
  0x000002519febf570 JavaThread "LocalFile Deleter"          daemon [_thread_blocked, id=1196, stack(0x00000068b7800000,0x00000068b7900000) (1024K)]
  0x000002519fec1cd0 JavaThread "LocalFile Deleter"          daemon [_thread_blocked, id=6768, stack(0x00000068b7900000,0x00000068b7a00000) (1024K)]
  0x000002519febfc00 JavaThread "Compiler Source File Reader" daemon [_thread_blocked, id=3476, stack(0x00000068b7a00000,0x00000068b7b00000) (1024K)]
  0x000002519fec0290 JavaThread "Compiler Source File Reader" daemon [_thread_blocked, id=1008, stack(0x00000068b7b00000,0x00000068b7c00000) (1024K)]
  0x000002519fec1640 JavaThread "Compiler Source File Reader" daemon [_thread_blocked, id=22632, stack(0x00000068b7c00000,0x00000068b7d00000) (1024K)]
  0x000002519fec0fb0 JavaThread "Compiler Source File Reader" daemon [_thread_blocked, id=10056, stack(0x00000068b7d00000,0x00000068b7e00000) (1024K)]
  0x000002519febe850 JavaThread "Compiler Source File Reader" daemon [_thread_blocked, id=10260, stack(0x00000068b7e00000,0x00000068b7f00000) (1024K)]
  0x000002519fec29f0 JavaThread "Compiler Source File Reader" daemon [_thread_blocked, id=19604, stack(0x00000068b7f00000,0x00000068b8000000) (1024K)]
  0x000002519fec3080 JavaThread "Compiler Processing Task"   daemon [_thread_blocked, id=16192, stack(0x00000068b8000000,0x00000068b8100000) (1024K)]
  0x000002519fec3710 JavaThread "Compiler Class File Writer" daemon [_thread_blocked, id=17884, stack(0x00000068b8100000,0x00000068b8200000) (1024K)]
  0x000002519fec3da0 JavaThread "Compiler Class File Writer" daemon [_thread_blocked, id=23748, stack(0x00000068b8200000,0x00000068b8300000) (1024K)]
  0x000002519fec0920 JavaThread "Compiler Class File Writer" daemon [_thread_blocked, id=7588, stack(0x00000068b8300000,0x00000068b8400000) (1024K)]
  0x000002519fec5150 JavaThread "Compiler Class File Writer" daemon [_thread_blocked, id=24648, stack(0x00000068b8400000,0x00000068b8500000) (1024K)]
  0x000002519fec57e0 JavaThread "Compiler Class File Writer" daemon [_thread_blocked, id=1960, stack(0x00000068b8500000,0x00000068b8600000) (1024K)]
  0x000002519fec4430 JavaThread "Compiler Class File Writer" daemon [_thread_blocked, id=4820, stack(0x00000068b8600000,0x00000068b8700000) (1024K)]
Total: 88

Other Threads:
  0x000002513ff63ff0 VMThread "VM Thread"                           [id=15872, stack(0x00000068b2300000,0x00000068b2400000) (1024K)]
  0x000002513fe5ca00 WatcherThread "VM Periodic Task Thread"        [id=12964, stack(0x00000068b2200000,0x00000068b2300000) (1024K)]
  0x000002513fff2cb0 WorkerThread "GC Thread#0"                     [id=7612, stack(0x00000068b2100000,0x00000068b2200000) (1024K)]
  0x000002519e43f160 WorkerThread "GC Thread#1"                     [id=7744, stack(0x00000068b3000000,0x00000068b3100000) (1024K)]
  0x000002519e43f500 WorkerThread "GC Thread#2"                     [id=17952, stack(0x00000068b3100000,0x00000068b3200000) (1024K)]
  0x000002519e43f8a0 WorkerThread "GC Thread#3"                     [id=424, stack(0x00000068b3200000,0x00000068b3300000) (1024K)]
  0x000002519e4cbd60 WorkerThread "GC Thread#4"                     [id=7320, stack(0x00000068b3300000,0x00000068b3400000) (1024K)]
  0x000002519e4cc100 WorkerThread "GC Thread#5"                     [id=20980, stack(0x00000068b3400000,0x00000068b3500000) (1024K)]
  0x000002519e4cc4a0 WorkerThread "GC Thread#6"                     [id=252, stack(0x00000068b3500000,0x00000068b3600000) (1024K)]
  0x000002519e9ad730 WorkerThread "GC Thread#7"                     [id=22060, stack(0x00000068b3700000,0x00000068b3800000) (1024K)]
  0x000002519e51ab90 WorkerThread "GC Thread#8"                     [id=18248, stack(0x00000068b3b00000,0x00000068b3c00000) (1024K)]
  0x000002519ee5e0a0 WorkerThread "GC Thread#9"                     [id=19648, stack(0x00000068b3c00000,0x00000068b3d00000) (1024K)]
Total: 12

Threads with active compile tasks:
C2 CompilerThread0  56880 10568       4       org.eclipse.osgi.internal.loader.classpath.ClasspathEntry::findResource (65 bytes)
C2 CompilerThread1  56880 10594       4       java.lang.invoke.DirectMethodHandle::make (275 bytes)
Total: 2

VM state: not at safepoint (normal execution)

VM Mutex/Monitor currently owned by a thread: None

Heap address: 0x0000000080000000, size: 2048 MB, Compressed Oops mode: 32-bit

CDS archive(s) mapped at: [0x0000025157000000-0x0000025157ba0000-0x0000025157ba0000), size 12189696, SharedBaseAddress: 0x0000025157000000, ArchiveRelocationMode: 1.
Compressed class space mapped at: 0x0000025158000000-0x0000025198000000, reserved size: 1073741824
Narrow klass base: 0x0000025157000000, Narrow klass shift: 0, Narrow klass range: 0x100000000

GC Precious Log:
 CardTable entry size: 512
 CPUs: 12 total, 12 available
 Memory: 15296M
 Large Page Support: Disabled
 NUMA Support: Disabled
 Compressed Oops: Enabled (32-bit)
 Alignments: Space 512K, Generation 512K, Heap 2M
 Heap Min Capacity: 100M
 Heap Initial Capacity: 100M
 Heap Max Capacity: 2G
 Pre-touch: Disabled
 Parallel Workers: 10

Heap:
 PSYoungGen      total 14848K, used 12321K [0x00000000d5580000, 0x00000000d6800000, 0x0000000100000000)
  eden space 14336K, 84% used [0x00000000d5580000,0x00000000d61587c0,0x00000000d6380000)
  from space 512K, 37% used [0x00000000d6700000,0x00000000d6730000,0x00000000d6780000)
  to   space 512K, 0% used [0x00000000d6780000,0x00000000d6780000,0x00000000d6800000)
 ParOldGen       total 221184K, used 199427K [0x0000000080000000, 0x000000008d800000, 0x00000000d5580000)
  object space 221184K, 90% used [0x0000000080000000,0x000000008c2c0da8,0x000000008d800000)
 Metaspace       used 78288K, committed 79808K, reserved 1179648K
  class space    used 9377K, committed 10112K, reserved 1048576K

Card table byte_map: [0x000002513f970000,0x000002513fd80000] _byte_map_base: 0x000002513f570000

Marking Bits: (ParMarkBitMap*) 0x00007ff87a8031f0
 Begin Bits: [0x0000025152470000, 0x0000025154470000)
 End Bits:   [0x0000025154470000, 0x0000025156470000)

Polling page: 0x000002513ddb0000

Metaspace:

Usage:
  Non-class:     67.30 MB used.
      Class:      9.16 MB used.
       Both:     76.45 MB used.

Virtual space:
  Non-class space:      128.00 MB reserved,      68.06 MB ( 53%) committed,  2 nodes.
      Class space:        1.00 GB reserved,       9.88 MB ( <1%) committed,  1 nodes.
             Both:        1.12 GB reserved,      77.94 MB (  7%) committed. 

Chunk freelists:
   Non-Class:  11.96 MB
       Class:  5.98 MB
        Both:  17.94 MB

MaxMetaspaceSize: unlimited
CompressedClassSpaceSize: 1.00 GB
Initial GC threshold: 21.00 MB
Current GC threshold: 117.44 MB
CDS: on
 - commit_granule_bytes: 65536.
 - commit_granule_words: 8192.
 - virtual_space_node_default_size: 8388608.
 - enlarge_chunks_in_place: 1.
 - use_allocation_guard: 0.


Internal statistics:

num_allocs_failed_limit: 9.
num_arena_births: 1370.
num_arena_deaths: 14.
num_vsnodes_births: 3.
num_vsnodes_deaths: 0.
num_space_committed: 1247.
num_space_uncommitted: 0.
num_chunks_returned_to_freelist: 23.
num_chunks_taken_from_freelist: 4865.
num_chunk_merges: 13.
num_chunk_splits: 2991.
num_chunks_enlarged: 1668.
num_inconsistent_stats: 0.

CodeHeap 'non-profiled nmethods': size=120000Kb used=8014Kb max_used=8014Kb free=111986Kb
 bounds [0x000002514ac90000, 0x000002514b470000, 0x00000251521c0000]
CodeHeap 'profiled nmethods': size=120000Kb used=18695Kb max_used=18912Kb free=101305Kb
 bounds [0x00000251431c0000, 0x00000251444a0000, 0x000002514a6f0000]
CodeHeap 'non-nmethods': size=5760Kb used=1474Kb max_used=1522Kb free=4285Kb
 bounds [0x000002514a6f0000, 0x000002514a960000, 0x000002514ac90000]
 total_blobs=10085 nmethods=9297 adapters=694
 compilation: enabled
              stopped_count=0, restarted_count=0
 full_count=0

Compilation events (20 events):
Event: 55.845 Thread 0x000002519991f560 nmethod 10653 0x0000025143b17910 code [0x0000025143b17ac0, 0x0000025143b17c50]
Event: 55.845 Thread 0x000002519991f560 10654       1       org.eclipse.jdt.launching.AbstractVMInstall::getId (5 bytes)
Event: 55.845 Thread 0x000002519991f560 nmethod 10654 0x000002514b45e610 code [0x000002514b45e7a0, 0x000002514b45e868]
Event: 55.848 Thread 0x000002519991f560 10655       3       org.eclipse.core.internal.dtree.AbstractDataTreeNode::assembleWith (177 bytes)
Event: 55.848 Thread 0x000002519991f560 nmethod 10655 0x0000025143c20910 code [0x0000025143c20c60, 0x0000025143c21f90]
Event: 55.848 Thread 0x000002519991f560 10659       3       org.eclipse.core.internal.dtree.DeltaDataTree::getChildNodes (176 bytes)
Event: 55.849 Thread 0x000002519991f560 nmethod 10659 0x0000025143df6c10 code [0x0000025143df6f00, 0x0000025143df7f58]
Event: 55.849 Thread 0x00000251a1412150 nmethod 10622 0x000002514b45e910 code [0x000002514b45eb60, 0x000002514b45f140]
Event: 55.849 Thread 0x000002519991f560 10656       3       org.eclipse.core.internal.resources.ResourceInfo::getCharsetGenerationCount (8 bytes)
Event: 55.849 Thread 0x000002519991f560 nmethod 10656 0x0000025143c20590 code [0x0000025143c20720, 0x0000025143c20830]
Event: 55.849 Thread 0x000002519991f560 10657       1       org.eclipse.core.internal.dtree.NodeComparison::getUserComparison (5 bytes)
Event: 55.849 Thread 0x000002519991f560 nmethod 10657 0x000002514b45f710 code [0x000002514b45f8a0, 0x000002514b45f968]
Event: 55.850 Thread 0x000002519991f560 10658       1       org.eclipse.core.internal.events.ResourceDelta::setStatus (6 bytes)
Event: 55.850 Thread 0x000002519991f560 nmethod 10658 0x000002514b45fa10 code [0x000002514b45fba0, 0x000002514b45fc68]
Event: 55.850 Thread 0x000002519991f560 10660       1       org.eclipse.core.internal.events.ResourceDelta::getFullPath (5 bytes)
Event: 55.850 Thread 0x00000251a1412150 10624       4       java.util.ArrayList::toArray (12 bytes)
Event: 55.850 Thread 0x000002519991f560 nmethod 10660 0x000002514b45fd10 code [0x000002514b45fea0, 0x000002514b45ff68]
Event: 55.852 Thread 0x00000251a1412150 nmethod 10624 0x000002514b460010 code [0x000002514b4601a0, 0x000002514b4604b0]
Event: 55.852 Thread 0x00000251a1412150 10605       4       java.util.ArrayList::addAll (76 bytes)
Event: 56.322 Thread 0x000002519991f560 10661       1       org.eclipse.lsp4j.ClientCapabilities::getWindow (5 bytes)

GC Heap History (20 events):
Event: 55.148 GC heap before
{Heap before GC invocations=553 (full 4):
 PSYoungGen      total 14848K, used 14841K [0x00000000d5580000, 0x00000000d6a00000, 0x0000000100000000)
  eden space 14336K, 100% used [0x00000000d5580000,0x00000000d6380000,0x00000000d6380000)
  from space 512K, 98% used [0x00000000d6980000,0x00000000d69fe470,0x00000000d6a00000)
  to   space 1536K, 0% used [0x00000000d6700000,0x00000000d6700000,0x00000000d6880000)
 ParOldGen       total 221184K, used 195866K [0x0000000080000000, 0x000000008d800000, 0x00000000d5580000)
  object space 221184K, 88% used [0x0000000080000000,0x000000008bf46988,0x000000008d800000)
 Metaspace       used 74321K, committed 75840K, reserved 1179648K
  class space    used 8995K, committed 9728K, reserved 1048576K
}
Event: 55.150 GC heap after
{Heap after GC invocations=553 (full 4):
 PSYoungGen      total 15872K, used 1526K [0x00000000d5580000, 0x00000000d6a00000, 0x0000000100000000)
  eden space 14336K, 0% used [0x00000000d5580000,0x00000000d5580000,0x00000000d6380000)
  from space 1536K, 99% used [0x00000000d6700000,0x00000000d687db18,0x00000000d6880000)
  to   space 1536K, 0% used [0x00000000d6880000,0x00000000d6880000,0x00000000d6a00000)
 ParOldGen       total 221184K, used 196948K [0x0000000080000000, 0x000000008d800000, 0x00000000d5580000)
  object space 221184K, 89% used [0x0000000080000000,0x000000008c055030,0x000000008d800000)
 Metaspace       used 74321K, committed 75840K, reserved 1179648K
  class space    used 8995K, committed 9728K, reserved 1048576K
}
Event: 55.200 GC heap before
{Heap before GC invocations=554 (full 4):
 PSYoungGen      total 15872K, used 15862K [0x00000000d5580000, 0x00000000d6a00000, 0x0000000100000000)
  eden space 14336K, 100% used [0x00000000d5580000,0x00000000d6380000,0x00000000d6380000)
  from space 1536K, 99% used [0x00000000d6700000,0x00000000d687db18,0x00000000d6880000)
  to   space 1536K, 0% used [0x00000000d6880000,0x00000000d6880000,0x00000000d6a00000)
 ParOldGen       total 221184K, used 196948K [0x0000000080000000, 0x000000008d800000, 0x00000000d5580000)
  object space 221184K, 89% used [0x0000000080000000,0x000000008c055030,0x000000008d800000)
 Metaspace       used 74344K, committed 75840K, reserved 1179648K
  class space    used 8995K, committed 9728K, reserved 1048576K
}
Event: 55.202 GC heap after
{Heap after GC invocations=554 (full 4):
 PSYoungGen      total 15872K, used 1117K [0x00000000d5580000, 0x00000000d6a00000, 0x0000000100000000)
  eden space 14336K, 0% used [0x00000000d5580000,0x00000000d5580000,0x00000000d6380000)
  from space 1536K, 72% used [0x00000000d6880000,0x00000000d69977d8,0x00000000d6a00000)
  to   space 2048K, 0% used [0x00000000d6600000,0x00000000d6600000,0x00000000d6800000)
 ParOldGen       total 221184K, used 197911K [0x0000000080000000, 0x000000008d800000, 0x00000000d5580000)
  object space 221184K, 89% used [0x0000000080000000,0x000000008c145d78,0x000000008d800000)
 Metaspace       used 74344K, committed 75840K, reserved 1179648K
  class space    used 8995K, committed 9728K, reserved 1048576K
}
Event: 55.221 GC heap before
{Heap before GC invocations=555 (full 4):
 PSYoungGen      total 15872K, used 15453K [0x00000000d5580000, 0x00000000d6a00000, 0x0000000100000000)
  eden space 14336K, 100% used [0x00000000d5580000,0x00000000d6380000,0x00000000d6380000)
  from space 1536K, 72% used [0x00000000d6880000,0x00000000d69977d8,0x00000000d6a00000)
  to   space 2048K, 0% used [0x00000000d6600000,0x00000000d6600000,0x00000000d6800000)
 ParOldGen       total 221184K, used 197911K [0x0000000080000000, 0x000000008d800000, 0x00000000d5580000)
  object space 221184K, 89% used [0x0000000080000000,0x000000008c145d78,0x000000008d800000)
 Metaspace       used 74351K, committed 75840K, reserved 1179648K
  class space    used 8995K, committed 9728K, reserved 1048576K
}
Event: 55.222 GC heap after
{Heap after GC invocations=555 (full 4):
 PSYoungGen      total 15872K, used 1471K [0x00000000d5580000, 0x00000000d6900000, 0x0000000100000000)
  eden space 14336K, 0% used [0x00000000d5580000,0x00000000d5580000,0x00000000d6380000)
  from space 1536K, 95% used [0x00000000d6600000,0x00000000d676fef0,0x00000000d6780000)
  to   space 1536K, 0% used [0x00000000d6780000,0x00000000d6780000,0x00000000d6900000)
 ParOldGen       total 221184K, used 197935K [0x0000000080000000, 0x000000008d800000, 0x00000000d5580000)
  object space 221184K, 89% used [0x0000000080000000,0x000000008c14bd78,0x000000008d800000)
 Metaspace       used 74351K, committed 75840K, reserved 1179648K
  class space    used 8995K, committed 9728K, reserved 1048576K
}
Event: 55.343 GC heap before
{Heap before GC invocations=556 (full 4):
 PSYoungGen      total 15872K, used 15807K [0x00000000d5580000, 0x00000000d6900000, 0x0000000100000000)
  eden space 14336K, 100% used [0x00000000d5580000,0x00000000d6380000,0x00000000d6380000)
  from space 1536K, 95% used [0x00000000d6600000,0x00000000d676fef0,0x00000000d6780000)
  to   space 1536K, 0% used [0x00000000d6780000,0x00000000d6780000,0x00000000d6900000)
 ParOldGen       total 221184K, used 197935K [0x0000000080000000, 0x000000008d800000, 0x00000000d5580000)
  object space 221184K, 89% used [0x0000000080000000,0x000000008c14bd78,0x000000008d800000)
 Metaspace       used 75655K, committed 77184K, reserved 1179648K
  class space    used 9130K, committed 9856K, reserved 1048576K
}
Event: 55.344 GC heap after
{Heap after GC invocations=556 (full 4):
 PSYoungGen      total 14848K, used 320K [0x00000000d5580000, 0x00000000d6800000, 0x0000000100000000)
  eden space 14336K, 0% used [0x00000000d5580000,0x00000000d5580000,0x00000000d6380000)
  from space 512K, 62% used [0x00000000d6780000,0x00000000d67d0000,0x00000000d6800000)
  to   space 1024K, 0% used [0x00000000d6600000,0x00000000d6600000,0x00000000d6700000)
 ParOldGen       total 221184K, used 197967K [0x0000000080000000, 0x000000008d800000, 0x00000000d5580000)
  object space 221184K, 89% used [0x0000000080000000,0x000000008c153d78,0x000000008d800000)
 Metaspace       used 75655K, committed 77184K, reserved 1179648K
  class space    used 9130K, committed 9856K, reserved 1048576K
}
Event: 55.490 GC heap before
{Heap before GC invocations=557 (full 4):
 PSYoungGen      total 14848K, used 14606K [0x00000000d5580000, 0x00000000d6800000, 0x0000000100000000)
  eden space 14336K, 99% used [0x00000000d5580000,0x00000000d6373850,0x00000000d6380000)
  from space 512K, 62% used [0x00000000d6780000,0x00000000d67d0000,0x00000000d6800000)
  to   space 1024K, 0% used [0x00000000d6600000,0x00000000d6600000,0x00000000d6700000)
 ParOldGen       total 221184K, used 197967K [0x0000000080000000, 0x000000008d800000, 0x00000000d5580000)
  object space 221184K, 89% used [0x0000000080000000,0x000000008c153d78,0x000000008d800000)
 Metaspace       used 76069K, committed 77632K, reserved 1179648K
  class space    used 9178K, committed 9920K, reserved 1048576K
}
Event: 55.491 GC heap after
{Heap after GC invocations=557 (full 4):
 PSYoungGen      total 15360K, used 328K [0x00000000d5580000, 0x00000000d6800000, 0x0000000100000000)
  eden space 14336K, 0% used [0x00000000d5580000,0x00000000d5580000,0x00000000d6380000)
  from space 1024K, 32% used [0x00000000d6600000,0x00000000d6652000,0x00000000d6700000)
  to   space 512K, 0% used [0x00000000d6780000,0x00000000d6780000,0x00000000d6800000)
 ParOldGen       total 221184K, used 198127K [0x0000000080000000, 0x000000008d800000, 0x00000000d5580000)
  object space 221184K, 89% used [0x0000000080000000,0x000000008c17bd78,0x000000008d800000)
 Metaspace       used 76069K, committed 77632K, reserved 1179648K
  class space    used 9178K, committed 9920K, reserved 1048576K
}
Event: 55.631 GC heap before
{Heap before GC invocations=558 (full 4):
 PSYoungGen      total 15360K, used 14664K [0x00000000d5580000, 0x00000000d6800000, 0x0000000100000000)
  eden space 14336K, 100% used [0x00000000d5580000,0x00000000d6380000,0x00000000d6380000)
  from space 1024K, 32% used [0x00000000d6600000,0x00000000d6652000,0x00000000d6700000)
  to   space 512K, 0% used [0x00000000d6780000,0x00000000d6780000,0x00000000d6800000)
 ParOldGen       total 221184K, used 198127K [0x0000000080000000, 0x000000008d800000, 0x00000000d5580000)
  object space 221184K, 89% used [0x0000000080000000,0x000000008c17bd78,0x000000008d800000)
 Metaspace       used 76705K, committed 78272K, reserved 1179648K
  class space    used 9244K, committed 9984K, reserved 1048576K
}
Event: 55.632 GC heap after
{Heap after GC invocations=558 (full 4):
 PSYoungGen      total 14848K, used 352K [0x00000000d5580000, 0x00000000d6800000, 0x0000000100000000)
  eden space 14336K, 0% used [0x00000000d5580000,0x00000000d5580000,0x00000000d6380000)
  from space 512K, 68% used [0x00000000d6780000,0x00000000d67d8000,0x00000000d6800000)
  to   space 512K, 0% used [0x00000000d6700000,0x00000000d6700000,0x00000000d6780000)
 ParOldGen       total 221184K, used 198319K [0x0000000080000000, 0x000000008d800000, 0x00000000d5580000)
  object space 221184K, 89% used [0x0000000080000000,0x000000008c1abd78,0x000000008d800000)
 Metaspace       used 76705K, committed 78272K, reserved 1179648K
  class space    used 9244K, committed 9984K, reserved 1048576K
}
Event: 55.664 GC heap before
{Heap before GC invocations=559 (full 4):
 PSYoungGen      total 14848K, used 14688K [0x00000000d5580000, 0x00000000d6800000, 0x0000000100000000)
  eden space 14336K, 100% used [0x00000000d5580000,0x00000000d6380000,0x00000000d6380000)
  from space 512K, 68% used [0x00000000d6780000,0x00000000d67d8000,0x00000000d6800000)
  to   space 512K, 0% used [0x00000000d6700000,0x00000000d6700000,0x00000000d6780000)
 ParOldGen       total 221184K, used 198319K [0x0000000080000000, 0x000000008d800000, 0x00000000d5580000)
  object space 221184K, 89% used [0x0000000080000000,0x000000008c1abd78,0x000000008d800000)
 Metaspace       used 77072K, committed 78592K, reserved 1179648K
  class space    used 9271K, committed 9984K, reserved 1048576K
}
Event: 55.665 GC heap after
{Heap after GC invocations=559 (full 4):
 PSYoungGen      total 14848K, used 288K [0x00000000d5580000, 0x00000000d6800000, 0x0000000100000000)
  eden space 14336K, 0% used [0x00000000d5580000,0x00000000d5580000,0x00000000d6380000)
  from space 512K, 56% used [0x00000000d6700000,0x00000000d6748000,0x00000000d6780000)
  to   space 512K, 0% used [0x00000000d6780000,0x00000000d6780000,0x00000000d6800000)
 ParOldGen       total 221184K, used 198507K [0x0000000080000000, 0x000000008d800000, 0x00000000d5580000)
  object space 221184K, 89% used [0x0000000080000000,0x000000008c1dad88,0x000000008d800000)
 Metaspace       used 77072K, committed 78592K, reserved 1179648K
  class space    used 9271K, committed 9984K, reserved 1048576K
}
Event: 55.690 GC heap before
{Heap before GC invocations=560 (full 4):
 PSYoungGen      total 14848K, used 14624K [0x00000000d5580000, 0x00000000d6800000, 0x0000000100000000)
  eden space 14336K, 100% used [0x00000000d5580000,0x00000000d6380000,0x00000000d6380000)
  from space 512K, 56% used [0x00000000d6700000,0x00000000d6748000,0x00000000d6780000)
  to   space 512K, 0% used [0x00000000d6780000,0x00000000d6780000,0x00000000d6800000)
 ParOldGen       total 221184K, used 198507K [0x0000000080000000, 0x000000008d800000, 0x00000000d5580000)
  object space 221184K, 89% used [0x0000000080000000,0x000000008c1dad88,0x000000008d800000)
 Metaspace       used 77545K, committed 79040K, reserved 1179648K
  class space    used 9296K, committed 9984K, reserved 1048576K
}
Event: 55.691 GC heap after
{Heap after GC invocations=560 (full 4):
 PSYoungGen      total 14848K, used 448K [0x00000000d5580000, 0x00000000d6800000, 0x0000000100000000)
  eden space 14336K, 0% used [0x00000000d5580000,0x00000000d5580000,0x00000000d6380000)
  from space 512K, 87% used [0x00000000d6780000,0x00000000d67f0000,0x00000000d6800000)
  to   space 512K, 0% used [0x00000000d6700000,0x00000000d6700000,0x00000000d6780000)
 ParOldGen       total 221184K, used 198595K [0x0000000080000000, 0x000000008d800000, 0x00000000d5580000)
  object space 221184K, 89% used [0x0000000080000000,0x000000008c1f0d88,0x000000008d800000)
 Metaspace       used 77545K, committed 79040K, reserved 1179648K
  class space    used 9296K, committed 9984K, reserved 1048576K
}
Event: 55.810 GC heap before
{Heap before GC invocations=561 (full 4):
 PSYoungGen      total 14848K, used 14784K [0x00000000d5580000, 0x00000000d6800000, 0x0000000100000000)
  eden space 14336K, 100% used [0x00000000d5580000,0x00000000d6380000,0x00000000d6380000)
  from space 512K, 87% used [0x00000000d6780000,0x00000000d67f0000,0x00000000d6800000)
  to   space 512K, 0% used [0x00000000d6700000,0x00000000d6700000,0x00000000d6780000)
 ParOldGen       total 221184K, used 198595K [0x0000000080000000, 0x000000008d800000, 0x00000000d5580000)
  object space 221184K, 89% used [0x0000000080000000,0x000000008c1f0d88,0x000000008d800000)
 Metaspace       used 78237K, committed 79808K, reserved 1179648K
  class space    used 9376K, committed 10112K, reserved 1048576K
}
Event: 55.811 GC heap after
{Heap after GC invocations=561 (full 4):
 PSYoungGen      total 14848K, used 480K [0x00000000d5580000, 0x00000000d6800000, 0x0000000100000000)
  eden space 14336K, 0% used [0x00000000d5580000,0x00000000d5580000,0x00000000d6380000)
  from space 512K, 93% used [0x00000000d6700000,0x00000000d6778020,0x00000000d6780000)
  to   space 512K, 0% used [0x00000000d6780000,0x00000000d6780000,0x00000000d6800000)
 ParOldGen       total 221184K, used 198947K [0x0000000080000000, 0x000000008d800000, 0x00000000d5580000)
  object space 221184K, 89% used [0x0000000080000000,0x000000008c248d88,0x000000008d800000)
 Metaspace       used 78237K, committed 79808K, reserved 1179648K
  class space    used 9376K, committed 10112K, reserved 1048576K
}
Event: 56.001 GC heap before
{Heap before GC invocations=562 (full 4):
 PSYoungGen      total 14848K, used 14816K [0x00000000d5580000, 0x00000000d6800000, 0x0000000100000000)
  eden space 14336K, 100% used [0x00000000d5580000,0x00000000d6380000,0x00000000d6380000)
  from space 512K, 93% used [0x00000000d6700000,0x00000000d6778020,0x00000000d6780000)
  to   space 512K, 0% used [0x00000000d6780000,0x00000000d6780000,0x00000000d6800000)
 ParOldGen       total 221184K, used 198947K [0x0000000080000000, 0x000000008d800000, 0x00000000d5580000)
  object space 221184K, 89% used [0x0000000080000000,0x000000008c248d88,0x000000008d800000)
 Metaspace       used 78283K, committed 79808K, reserved 1179648K
  class space    used 9377K, committed 10112K, reserved 1048576K
}
Event: 56.001 GC heap after
{Heap after GC invocations=562 (full 4):
 PSYoungGen      total 14848K, used 288K [0x00000000d5580000, 0x00000000d6800000, 0x0000000100000000)
  eden space 14336K, 0% used [0x00000000d5580000,0x00000000d5580000,0x00000000d6380000)
  from space 512K, 56% used [0x00000000d6780000,0x00000000d67c8000,0x00000000d6800000)
  to   space 512K, 0% used [0x00000000d6700000,0x00000000d6700000,0x00000000d6780000)
 ParOldGen       total 221184K, used 199323K [0x0000000080000000, 0x000000008d800000, 0x00000000d5580000)
  object space 221184K, 90% used [0x0000000080000000,0x000000008c2a6da8,0x000000008d800000)
 Metaspace       used 78283K, committed 79808K, reserved 1179648K
  class space    used 9377K, committed 10112K, reserved 1048576K
}

Dll operation events (15 events):
Event: 0.018 Loaded shared library c:\Users\TUF\.vscode\extensions\redhat.java-1.43.1-win32-x64\jre\21.0.7-win32-x86_64\bin\java.dll
Event: 0.081 Loaded shared library c:\Users\TUF\.vscode\extensions\redhat.java-1.43.1-win32-x64\jre\21.0.7-win32-x86_64\bin\zip.dll
Event: 0.104 Loaded shared library C:\Users\TUF\.vscode\extensions\redhat.java-1.43.1-win32-x64\jre\21.0.7-win32-x86_64\bin\instrument.dll
Event: 0.111 Loaded shared library C:\Users\TUF\.vscode\extensions\redhat.java-1.43.1-win32-x64\jre\21.0.7-win32-x86_64\bin\net.dll
Event: 0.113 Loaded shared library C:\Users\TUF\.vscode\extensions\redhat.java-1.43.1-win32-x64\jre\21.0.7-win32-x86_64\bin\nio.dll
Event: 0.116 Loaded shared library C:\Users\TUF\.vscode\extensions\redhat.java-1.43.1-win32-x64\jre\21.0.7-win32-x86_64\bin\zip.dll
Event: 0.130 Loaded shared library C:\Users\TUF\.vscode\extensions\redhat.java-1.43.1-win32-x64\jre\21.0.7-win32-x86_64\bin\jimage.dll
Event: 0.200 Loaded shared library c:\Users\TUF\.vscode\extensions\redhat.java-1.43.1-win32-x64\jre\21.0.7-win32-x86_64\bin\verify.dll
Event: 1.153 Loaded shared library C:\Users\TUF\AppData\Roaming\Code\User\globalStorage\redhat.java\1.43.1\config_win\org.eclipse.equinox.launcher\org.eclipse.equinox.launcher.win32.win32.x86_64_1.2.1300.v20250331-1702\eclipse_11911.dll
Event: 2.241 Loaded shared library C:\Users\TUF\AppData\Local\Temp\jna-83429\jna6085513279981510856.dll
Event: 3.645 Loaded shared library C:\Users\TUF\.gradle\native\c067742578af261105cb4f569cf0c3c89f3d7b1fecec35dd04571415982c5e48\windows-amd64\native-platform.dll
Event: 4.396 Loaded shared library C:\Users\TUF\.vscode\extensions\redhat.java-1.43.1-win32-x64\jre\21.0.7-win32-x86_64\bin\management.dll
Event: 4.398 Loaded shared library C:\Users\TUF\.vscode\extensions\redhat.java-1.43.1-win32-x64\jre\21.0.7-win32-x86_64\bin\management_ext.dll
Event: 6.541 Loaded shared library C:\Users\TUF\.vscode\extensions\redhat.java-1.43.1-win32-x64\jre\21.0.7-win32-x86_64\bin\extnet.dll
Event: 6.601 Loaded shared library C:\Users\TUF\.vscode\extensions\redhat.java-1.43.1-win32-x64\jre\21.0.7-win32-x86_64\bin\sunmscapi.dll

Deoptimization events (20 events):
Event: 55.738 Thread 0x000002519fec3080 Uncommon trap: trap_request=0xffffffd6 fr.pc=0x000002514acf9614 relative=0x0000000000001494
Event: 55.738 Thread 0x000002519fec3080 Uncommon trap: reason=array_check action=maybe_recompile pc=0x000002514acf9614 method=java.util.TimSort.binarySort([Ljava/lang/Object;IIILjava/util/Comparator;)V @ 193 c2
Event: 55.738 Thread 0x000002519fec3080 DEOPT PACKING pc=0x000002514acf9614 sp=0x00000068b80fec20
Event: 55.738 Thread 0x000002519fec3080 DEOPT UNPACKING pc=0x000002514a743aa2 sp=0x00000068b80feb10 mode 2
Event: 55.764 Thread 0x000002519fec3080 Uncommon trap: trap_request=0xffffffd6 fr.pc=0x000002514acf9724 relative=0x00000000000015a4
Event: 55.764 Thread 0x000002519fec3080 Uncommon trap: reason=array_check action=maybe_recompile pc=0x000002514acf9724 method=java.util.TimSort.binarySort([Ljava/lang/Object;IIILjava/util/Comparator;)V @ 183 c2
Event: 55.764 Thread 0x000002519fec3080 DEOPT PACKING pc=0x000002514acf9724 sp=0x00000068b80feb20
Event: 55.764 Thread 0x000002519fec3080 DEOPT UNPACKING pc=0x000002514a743aa2 sp=0x00000068b80fea10 mode 2
Event: 55.797 Thread 0x000002519fec3080 Uncommon trap: trap_request=0xffffff45 fr.pc=0x000002514b0200e0 relative=0x00000000000000c0
Event: 55.797 Thread 0x000002519fec3080 Uncommon trap: reason=unstable_if action=reinterpret pc=0x000002514b0200e0 method=java.util.Hashtable$Enumerator.nextElement()Ljava/lang/Object; @ 87 c2
Event: 55.797 Thread 0x000002519fec3080 DEOPT PACKING pc=0x000002514b0200e0 sp=0x00000068b80ff1b0
Event: 55.797 Thread 0x000002519fec3080 DEOPT UNPACKING pc=0x000002514a743aa2 sp=0x00000068b80ff0d0 mode 2
Event: 55.798 Thread 0x000002519ec88210 Uncommon trap: trap_request=0xffffff45 fr.pc=0x000002514b0208b8 relative=0x0000000000000098
Event: 55.798 Thread 0x000002519ec88210 Uncommon trap: reason=unstable_if action=reinterpret pc=0x000002514b0208b8 method=java.util.Hashtable$Enumerator.nextElement()Ljava/lang/Object; @ 87 c2
Event: 55.798 Thread 0x000002519ec88210 DEOPT PACKING pc=0x000002514b0208b8 sp=0x00000068b49fe630
Event: 55.798 Thread 0x000002519ec88210 DEOPT UNPACKING pc=0x000002514a743aa2 sp=0x00000068b49fe5b8 mode 2
Event: 55.798 Thread 0x000002519fec3080 Uncommon trap: trap_request=0xffffffd6 fr.pc=0x000002514acf9724 relative=0x00000000000015a4
Event: 55.798 Thread 0x000002519fec3080 Uncommon trap: reason=array_check action=maybe_recompile pc=0x000002514acf9724 method=java.util.TimSort.binarySort([Ljava/lang/Object;IIILjava/util/Comparator;)V @ 183 c2
Event: 55.798 Thread 0x000002519fec3080 DEOPT PACKING pc=0x000002514acf9724 sp=0x00000068b80fefb0
Event: 55.798 Thread 0x000002519fec3080 DEOPT UNPACKING pc=0x000002514a743aa2 sp=0x00000068b80feea0 mode 2

Classes loaded (20 events):
Event: 54.839 Loading class java/util/stream/Nodes$AbstractConcNode done
Event: 54.839 Loading class java/util/stream/Nodes$ConcNode done
Event: 54.865 Loading class java/util/stream/Nodes$ToArrayTask$OfRef
Event: 54.865 Loading class java/util/stream/Nodes$ToArrayTask
Event: 54.865 Loading class java/util/stream/Nodes$ToArrayTask done
Event: 54.866 Loading class java/util/stream/Nodes$ToArrayTask$OfRef done
Event: 55.602 Loading class java/util/regex/Pattern$Caret
Event: 55.602 Loading class java/util/regex/Pattern$Caret done
Event: 55.685 Loading class java/util/stream/ReduceOps$4
Event: 55.685 Loading class java/util/stream/ReduceOps$4 done
Event: 55.685 Loading class java/util/stream/ReduceOps$4ReducingSink
Event: 55.685 Loading class java/util/stream/ReduceOps$4ReducingSink done
Event: 55.687 Loading class java/nio/file/Files$2
Event: 55.687 Loading class java/nio/file/Files$2 done
Event: 55.797 Loading class java/util/Hashtable$ValueCollection
Event: 55.797 Loading class java/util/Hashtable$ValueCollection done
Event: 55.803 Loading class java/util/concurrent/ConcurrentHashMap$KeySpliterator
Event: 55.804 Loading class java/util/concurrent/ConcurrentHashMap$KeySpliterator done
Event: 55.814 Loading class sun/nio/ch/ChannelOutputStream
Event: 55.814 Loading class sun/nio/ch/ChannelOutputStream done

Classes unloaded (7 events):
Event: 2.594 Thread 0x000002513ff63ff0 Unloading class 0x00000251581a1000 'java/lang/invoke/LambdaForm$MH+0x00000251581a1000'
Event: 2.594 Thread 0x000002513ff63ff0 Unloading class 0x00000251581a0c00 'java/lang/invoke/LambdaForm$MH+0x00000251581a0c00'
Event: 2.594 Thread 0x000002513ff63ff0 Unloading class 0x00000251581a0800 'java/lang/invoke/LambdaForm$MH+0x00000251581a0800'
Event: 2.594 Thread 0x000002513ff63ff0 Unloading class 0x00000251581a0400 'java/lang/invoke/LambdaForm$MH+0x00000251581a0400'
Event: 2.594 Thread 0x000002513ff63ff0 Unloading class 0x00000251581a0000 'java/lang/invoke/LambdaForm$BMH+0x00000251581a0000'
Event: 2.594 Thread 0x000002513ff63ff0 Unloading class 0x000002515819fc00 'java/lang/invoke/LambdaForm$DMH+0x000002515819fc00'
Event: 2.594 Thread 0x000002513ff63ff0 Unloading class 0x000002515819e800 'java/lang/invoke/LambdaForm$DMH+0x000002515819e800'

Classes redefined (0 events):
No events

Internal exceptions (20 events):
Event: 55.080 Thread 0x00000251a371e380 Exception <a 'sun/nio/fs/WindowsException'{0x00000000d5b27828}> (0x00000000d5b27828) 
thrown [s\src\hotspot\share\prims\jni.cpp, line 520]
Event: 55.080 Thread 0x000002519f110550 Exception <a 'sun/nio/fs/WindowsException'{0x00000000d5b37668}> (0x00000000d5b37668) 
thrown [s\src\hotspot\share\prims\jni.cpp, line 520]
Event: 55.080 Thread 0x00000251a371c2b0 Exception <a 'sun/nio/fs/WindowsException'{0x00000000d5b2f8a0}> (0x00000000d5b2f8a0) 
thrown [s\src\hotspot\share\prims\jni.cpp, line 520]
Event: 55.322 Thread 0x00000251a37187a0 Exception <a 'java/io/IOException'{0x00000000d6154ec8}> (0x00000000d6154ec8) 
thrown [s\src\hotspot\share\prims\jni.cpp, line 520]
Event: 55.323 Thread 0x00000251a37187a0 Exception <a 'java/io/IOException'{0x00000000d61640a8}> (0x00000000d61640a8) 
thrown [s\src\hotspot\share\prims\jni.cpp, line 520]
Event: 55.628 Thread 0x00000251a371ea10 Exception <a 'java/io/IOException'{0x00000000d630df58}> (0x00000000d630df58) 
thrown [s\src\hotspot\share\prims\jni.cpp, line 520]
Event: 55.630 Thread 0x00000251a371ea10 Exception <a 'java/io/IOException'{0x00000000d6332a78}> (0x00000000d6332a78) 
thrown [s\src\hotspot\share\prims\jni.cpp, line 520]
Event: 55.630 Thread 0x00000251a371ea10 Exception <a 'java/io/IOException'{0x00000000d633a798}> (0x00000000d633a798) 
thrown [s\src\hotspot\share\prims\jni.cpp, line 520]
Event: 55.800 Thread 0x000002519ec88210 Exception <a 'java/io/IOException'{0x00000000d5e0aae0}> (0x00000000d5e0aae0) 
thrown [s\src\hotspot\share\prims\jni.cpp, line 520]
Event: 55.803 Thread 0x000002519ec88210 Exception <a 'java/io/IOException'{0x00000000d616e858}> (0x00000000d616e858) 
thrown [s\src\hotspot\share\prims\jni.cpp, line 520]
Event: 55.807 Thread 0x000002519ec88210 Exception <a 'java/lang/NoSuchMethodError'{0x00000000d62210e8}: 'java.lang.Object java.lang.invoke.DirectMethodHandle$Holder.newInvokeSpecial(java.lang.Object, java.lang.Object, int, int, java.lang.Object)'> (0x00000000d62210e8) 
thrown [s\src\hotspot\share\interpreter\linkResolver.cpp, line 773]
Event: 55.846 Thread 0x000002519ec88210 Exception <a 'sun/nio/fs/WindowsException'{0x00000000d563b4f0}> (0x00000000d563b4f0) 
thrown [s\src\hotspot\share\prims\jni.cpp, line 520]
Event: 55.846 Thread 0x000002519ec88210 Exception <a 'sun/nio/fs/WindowsException'{0x00000000d563bb20}> (0x00000000d563bb20) 
thrown [s\src\hotspot\share\prims\jni.cpp, line 520]
Event: 55.847 Thread 0x000002519ec88210 Exception <a 'java/io/IOException'{0x00000000d563c9b8}> (0x00000000d563c9b8) 
thrown [s\src\hotspot\share\prims\jni.cpp, line 520]
Event: 55.847 Thread 0x000002519ec88210 Exception <a 'java/io/IOException'{0x00000000d58c5620}> (0x00000000d58c5620) 
thrown [s\src\hotspot\share\prims\jni.cpp, line 520]
Event: 55.850 Thread 0x00000251a371ea10 Exception <a 'java/io/IOException'{0x00000000d58b4100}> (0x00000000d58b4100) 
thrown [s\src\hotspot\share\prims\jni.cpp, line 520]
Event: 55.850 Thread 0x00000251a371ea10 Exception <a 'java/io/IOException'{0x00000000d58f6068}> (0x00000000d58f6068) 
thrown [s\src\hotspot\share\prims\jni.cpp, line 520]
Event: 55.851 Thread 0x00000251a371ea10 Exception <a 'java/io/IOException'{0x00000000d58f6b90}> (0x00000000d58f6b90) 
thrown [s\src\hotspot\share\prims\jni.cpp, line 520]
Event: 56.055 Thread 0x00000251a371ea10 Exception <a 'java/io/IOException'{0x00000000d6119330}> (0x00000000d6119330) 
thrown [s\src\hotspot\share\prims\jni.cpp, line 520]
Event: 56.322 Thread 0x00000251a37187a0 Exception <a 'java/io/IOException'{0x00000000d6135370}> (0x00000000d6135370) 
thrown [s\src\hotspot\share\prims\jni.cpp, line 520]

ZGC Phase Switch (0 events):
No events

VM Operations (20 events):
Event: 55.200 Executing VM operation: ParallelGCFailedAllocation (Allocation Failure)
Event: 55.202 Executing VM operation: ParallelGCFailedAllocation (Allocation Failure) done
Event: 55.221 Executing VM operation: ParallelGCFailedAllocation (Allocation Failure)
Event: 55.222 Executing VM operation: ParallelGCFailedAllocation (Allocation Failure) done
Event: 55.342 Executing VM operation: ParallelGCFailedAllocation (Allocation Failure)
Event: 55.344 Executing VM operation: ParallelGCFailedAllocation (Allocation Failure) done
Event: 55.490 Executing VM operation: ParallelGCFailedAllocation (Allocation Failure)
Event: 55.491 Executing VM operation: ParallelGCFailedAllocation (Allocation Failure) done
Event: 55.630 Executing VM operation: ParallelGCFailedAllocation (Allocation Failure)
Event: 55.632 Executing VM operation: ParallelGCFailedAllocation (Allocation Failure) done
Event: 55.664 Executing VM operation: ParallelGCFailedAllocation (Allocation Failure)
Event: 55.665 Executing VM operation: ParallelGCFailedAllocation (Allocation Failure) done
Event: 55.690 Executing VM operation: ParallelGCFailedAllocation (Allocation Failure)
Event: 55.691 Executing VM operation: ParallelGCFailedAllocation (Allocation Failure) done
Event: 55.732 Executing VM operation: HandshakeAllThreads (Deoptimize)
Event: 55.732 Executing VM operation: HandshakeAllThreads (Deoptimize) done
Event: 55.810 Executing VM operation: ParallelGCFailedAllocation (Allocation Failure)
Event: 55.811 Executing VM operation: ParallelGCFailedAllocation (Allocation Failure) done
Event: 56.001 Executing VM operation: ParallelGCFailedAllocation (Allocation Failure)
Event: 56.001 Executing VM operation: ParallelGCFailedAllocation (Allocation Failure) done

Memory protections (0 events):
No events

Nmethod flushes (20 events):
Event: 44.620 Thread 0x000002513ff63ff0 flushing  nmethod 0x0000025143e95a90
Event: 44.620 Thread 0x000002513ff63ff0 flushing  nmethod 0x0000025143e95e10
Event: 44.620 Thread 0x000002513ff63ff0 flushing  nmethod 0x0000025143e98310
Event: 44.620 Thread 0x000002513ff63ff0 flushing  nmethod 0x0000025143e99a90
Event: 44.620 Thread 0x000002513ff63ff0 flushing  nmethod 0x0000025143e9d190
Event: 44.620 Thread 0x000002513ff63ff0 flushing  nmethod 0x0000025143ea3e10
Event: 44.620 Thread 0x000002513ff63ff0 flushing  nmethod 0x0000025143ea5a90
Event: 44.620 Thread 0x000002513ff63ff0 flushing  nmethod 0x0000025143ea6d90
Event: 44.620 Thread 0x000002513ff63ff0 flushing  nmethod 0x0000025143eb8390
Event: 44.620 Thread 0x000002513ff63ff0 flushing  nmethod 0x0000025143ec0c10
Event: 44.620 Thread 0x000002513ff63ff0 flushing  nmethod 0x0000025143ec2210
Event: 44.620 Thread 0x000002513ff63ff0 flushing  nmethod 0x0000025143ec3010
Event: 44.620 Thread 0x000002513ff63ff0 flushing  nmethod 0x0000025143eca290
Event: 44.620 Thread 0x000002513ff63ff0 flushing  nmethod 0x0000025143ecaf10
Event: 44.620 Thread 0x000002513ff63ff0 flushing  nmethod 0x0000025143ecb290
Event: 44.620 Thread 0x000002513ff63ff0 flushing osr nmethod 0x0000025143ed4410
Event: 44.620 Thread 0x000002513ff63ff0 flushing osr nmethod 0x0000025143ed7990
Event: 44.620 Thread 0x000002513ff63ff0 flushing  nmethod 0x0000025143ee8890
Event: 44.620 Thread 0x000002513ff63ff0 flushing osr nmethod 0x0000025143f3bd90
Event: 44.620 Thread 0x000002513ff63ff0 flushing osr nmethod 0x0000025143f3d590

Events (20 events):
Event: 55.080 Thread 0x00000251a371f730 Thread added: 0x00000251a371e380
Event: 55.080 Thread 0x00000251a371d660 Thread added: 0x00000251a371c2b0
Event: 55.080 Thread 0x00000251a371e380 Thread added: 0x000002519f110550
Event: 55.080 Thread 0x00000251a371cfd0 Thread added: 0x000002519febe1c0
Event: 55.080 Thread 0x00000251a371c2b0 Thread added: 0x000002519febeee0
Event: 55.080 Thread 0x00000251a371e380 Thread added: 0x000002519febf570
Event: 55.080 Thread 0x000002519f110550 Thread added: 0x000002519fec1cd0
Event: 55.094 Thread 0x000002519ec88210 Thread added: 0x000002519febfc00
Event: 55.094 Thread 0x000002519ec88210 Thread added: 0x000002519fec0290
Event: 55.094 Thread 0x000002519ec88210 Thread added: 0x000002519fec1640
Event: 55.094 Thread 0x000002519ec88210 Thread added: 0x000002519fec0fb0
Event: 55.094 Thread 0x000002519ec88210 Thread added: 0x000002519febe850
Event: 55.094 Thread 0x000002519ec88210 Thread added: 0x000002519fec29f0
Event: 55.725 Thread 0x000002519ec88210 Thread added: 0x000002519fec3080
Event: 55.808 Thread 0x000002519ec88210 Thread added: 0x000002519fec3710
Event: 55.818 Thread 0x000002519ec88210 Thread added: 0x000002519fec3da0
Event: 55.821 Thread 0x000002519ec88210 Thread added: 0x000002519fec0920
Event: 55.821 Thread 0x000002519ec88210 Thread added: 0x000002519fec5150
Event: 55.821 Thread 0x000002519ec88210 Thread added: 0x000002519fec57e0
Event: 55.821 Thread 0x000002519ec88210 Thread added: 0x000002519fec4430


Dynamic libraries:
0x00007ff6a5e60000 - 0x00007ff6a5e6e000 	c:\Users\TUF\.vscode\extensions\redhat.java-1.43.1-win32-x64\jre\21.0.7-win32-x86_64\bin\java.exe
0x00007ff908ba0000 - 0x00007ff908e08000 	C:\WINDOWS\SYSTEM32\ntdll.dll
0x00007ff907d00000 - 0x00007ff907dc9000 	C:\WINDOWS\System32\KERNEL32.DLL
0x00007ff906550000 - 0x00007ff90693d000 	C:\WINDOWS\System32\KERNELBASE.dll
0x00007ff9062a0000 - 0x00007ff9063eb000 	C:\WINDOWS\System32\ucrtbase.dll
0x00007ff8ec0b0000 - 0x00007ff8ec0c8000 	c:\Users\TUF\.vscode\extensions\redhat.java-1.43.1-win32-x64\jre\21.0.7-win32-x86_64\bin\jli.dll
0x00007ff8eb8c0000 - 0x00007ff8eb8de000 	c:\Users\TUF\.vscode\extensions\redhat.java-1.43.1-win32-x64\jre\21.0.7-win32-x86_64\bin\VCRUNTIME140.dll
0x00007ff908980000 - 0x00007ff908b4c000 	C:\WINDOWS\System32\USER32.dll
0x00007ff8ebb80000 - 0x00007ff8ebe1a000 	C:\WINDOWS\WinSxS\amd64_microsoft.windows.common-controls_6595b64144ccf1df_6.0.26100.4484_none_3e0e6d4ce32ef3b3\COMCTL32.dll
0x00007ff906080000 - 0x00007ff9060a7000 	C:\WINDOWS\System32\win32u.dll
0x00007ff906c60000 - 0x00007ff906d09000 	C:\WINDOWS\System32\msvcrt.dll
0x00007ff906fe0000 - 0x00007ff90700b000 	C:\WINDOWS\System32\GDI32.dll
0x00007ff906160000 - 0x00007ff906297000 	C:\WINDOWS\System32\gdi32full.dll
0x00007ff9060b0000 - 0x00007ff906153000 	C:\WINDOWS\System32\msvcp_win.dll
0x00007ff907bb0000 - 0x00007ff907bdf000 	C:\WINDOWS\System32\IMM32.DLL
0x00007ff8fe450000 - 0x00007ff8fe45c000 	c:\Users\TUF\.vscode\extensions\redhat.java-1.43.1-win32-x64\jre\21.0.7-win32-x86_64\bin\vcruntime140_1.dll
0x00007ff8e75e0000 - 0x00007ff8e766d000 	c:\Users\TUF\.vscode\extensions\redhat.java-1.43.1-win32-x64\jre\21.0.7-win32-x86_64\bin\msvcp140.dll
0x00007ff879b50000 - 0x00007ff87a8e0000 	c:\Users\TUF\.vscode\extensions\redhat.java-1.43.1-win32-x64\jre\21.0.7-win32-x86_64\bin\server\jvm.dll
0x00007ff907290000 - 0x00007ff907344000 	C:\WINDOWS\System32\ADVAPI32.dll
0x00007ff908730000 - 0x00007ff9087d6000 	C:\WINDOWS\System32\sechost.dll
0x00007ff9087e0000 - 0x00007ff9088f8000 	C:\WINDOWS\System32\RPCRT4.dll
0x00007ff908900000 - 0x00007ff908974000 	C:\WINDOWS\System32\WS2_32.dll
0x00007ff905450000 - 0x00007ff9054ae000 	C:\WINDOWS\SYSTEM32\POWRPROF.dll
0x00007ff8f5e20000 - 0x00007ff8f5e55000 	C:\WINDOWS\SYSTEM32\WINMM.dll
0x00007ff8ff520000 - 0x00007ff8ff52b000 	C:\WINDOWS\SYSTEM32\VERSION.dll
0x00007ff905430000 - 0x00007ff905444000 	C:\WINDOWS\SYSTEM32\UMPDC.dll
0x00007ff904a50000 - 0x00007ff904a6b000 	C:\WINDOWS\SYSTEM32\kernel.appcore.dll
0x00007ff8fb570000 - 0x00007ff8fb57a000 	c:\Users\TUF\.vscode\extensions\redhat.java-1.43.1-win32-x64\jre\21.0.7-win32-x86_64\bin\jimage.dll
0x00007ff8f5130000 - 0x00007ff8f5371000 	C:\WINDOWS\SYSTEM32\DBGHELP.DLL
0x00007ff907f10000 - 0x00007ff908296000 	C:\WINDOWS\System32\combase.dll
0x00007ff906d10000 - 0x00007ff906df0000 	C:\WINDOWS\System32\OLEAUT32.dll
0x00007ff8e9550000 - 0x00007ff8e9593000 	C:\WINDOWS\SYSTEM32\dbgcore.DLL
0x00007ff9064b0000 - 0x00007ff906549000 	C:\WINDOWS\System32\bcryptPrimitives.dll
0x00007ff8ef360000 - 0x00007ff8ef36f000 	c:\Users\TUF\.vscode\extensions\redhat.java-1.43.1-win32-x64\jre\21.0.7-win32-x86_64\bin\instrument.dll
0x00007ff8e6750000 - 0x00007ff8e676f000 	c:\Users\TUF\.vscode\extensions\redhat.java-1.43.1-win32-x64\jre\21.0.7-win32-x86_64\bin\java.dll
0x00007ff907460000 - 0x00007ff907baa000 	C:\WINDOWS\System32\SHELL32.dll
0x00007ff905cf0000 - 0x00007ff905e64000 	C:\WINDOWS\System32\wintypes.dll
0x00007ff903910000 - 0x00007ff90416b000 	C:\WINDOWS\SYSTEM32\windows.storage.dll
0x00007ff907c00000 - 0x00007ff907cf5000 	C:\WINDOWS\System32\SHCORE.dll
0x00007ff907dd0000 - 0x00007ff907e3a000 	C:\WINDOWS\System32\shlwapi.dll
0x00007ff905c00000 - 0x00007ff905c2f000 	C:\WINDOWS\SYSTEM32\profapi.dll
0x00007ff8e6730000 - 0x00007ff8e6748000 	c:\Users\TUF\.vscode\extensions\redhat.java-1.43.1-win32-x64\jre\21.0.7-win32-x86_64\bin\zip.dll
0x00007ff8fb440000 - 0x00007ff8fb450000 	C:\Users\TUF\.vscode\extensions\redhat.java-1.43.1-win32-x64\jre\21.0.7-win32-x86_64\bin\net.dll
0x00007ff8fe980000 - 0x00007ff8fea9e000 	C:\WINDOWS\SYSTEM32\WINHTTP.dll
0x00007ff904fc0000 - 0x00007ff90502a000 	C:\WINDOWS\system32\mswsock.dll
0x00007ff8e5300000 - 0x00007ff8e5316000 	C:\Users\TUF\.vscode\extensions\redhat.java-1.43.1-win32-x64\jre\21.0.7-win32-x86_64\bin\nio.dll
0x00007ff8eb8b0000 - 0x00007ff8eb8c0000 	c:\Users\TUF\.vscode\extensions\redhat.java-1.43.1-win32-x64\jre\21.0.7-win32-x86_64\bin\verify.dll
0x00007ff8e13a0000 - 0x00007ff8e13e5000 	C:\Users\TUF\AppData\Roaming\Code\User\globalStorage\redhat.java\1.43.1\config_win\org.eclipse.equinox.launcher\org.eclipse.equinox.launcher.win32.win32.x86_64_1.2.1300.v20250331-1702\eclipse_11911.dll
0x00007ff907080000 - 0x00007ff90721e000 	C:\WINDOWS\System32\ole32.dll
0x00007ff9054c0000 - 0x00007ff9054db000 	C:\WINDOWS\SYSTEM32\CRYPTSP.dll
0x00007ff9049b0000 - 0x00007ff9049eb000 	C:\WINDOWS\system32\rsaenh.dll
0x00007ff905060000 - 0x00007ff90508b000 	C:\WINDOWS\SYSTEM32\USERENV.dll
0x00007ff905bd0000 - 0x00007ff905bf6000 	C:\WINDOWS\SYSTEM32\bcrypt.dll
0x00007ff905200000 - 0x00007ff90520c000 	C:\WINDOWS\SYSTEM32\CRYPTBASE.dll
0x00007ff904460000 - 0x00007ff904493000 	C:\WINDOWS\SYSTEM32\IPHLPAPI.DLL
0x00007ff907bf0000 - 0x00007ff907bfa000 	C:\WINDOWS\System32\NSI.dll
0x00007ff8e12d0000 - 0x00007ff8e1319000 	C:\Users\TUF\AppData\Local\Temp\jna-83429\jna6085513279981510856.dll
0x00007ff907ef0000 - 0x00007ff907ef8000 	C:\WINDOWS\System32\PSAPI.DLL
0x00007ff8fe790000 - 0x00007ff8fe7af000 	C:\WINDOWS\SYSTEM32\dhcpcsvc6.DLL
0x00007ff8fe760000 - 0x00007ff8fe785000 	C:\WINDOWS\SYSTEM32\dhcpcsvc.DLL
0x00007ff8e3040000 - 0x00007ff8e3067000 	C:\Users\TUF\.gradle\native\c067742578af261105cb4f569cf0c3c89f3d7b1fecec35dd04571415982c5e48\windows-amd64\native-platform.dll
0x00007ff8f4de0000 - 0x00007ff8f4dea000 	C:\Users\TUF\.vscode\extensions\redhat.java-1.43.1-win32-x64\jre\21.0.7-win32-x86_64\bin\management.dll
0x00007ff8f0000000 - 0x00007ff8f000b000 	C:\Users\TUF\.vscode\extensions\redhat.java-1.43.1-win32-x64\jre\21.0.7-win32-x86_64\bin\management_ext.dll
0x00007ff8ef4c0000 - 0x00007ff8ef4c9000 	C:\Users\TUF\.vscode\extensions\redhat.java-1.43.1-win32-x64\jre\21.0.7-win32-x86_64\bin\extnet.dll
0x00007ff8efb40000 - 0x00007ff8efb4e000 	C:\Users\TUF\.vscode\extensions\redhat.java-1.43.1-win32-x64\jre\21.0.7-win32-x86_64\bin\sunmscapi.dll
0x00007ff905f00000 - 0x00007ff906077000 	C:\WINDOWS\System32\CRYPT32.dll
0x00007ff905610000 - 0x00007ff905640000 	C:\WINDOWS\SYSTEM32\ncrypt.dll
0x00007ff9055c0000 - 0x00007ff9055ff000 	C:\WINDOWS\SYSTEM32\NTASN1.dll
0x00007ff8708c0000 - 0x00007ff8708c8000 	C:\WINDOWS\system32\wshunix.dll
0x00007ff9044f0000 - 0x00007ff904616000 	C:\WINDOWS\SYSTEM32\DNSAPI.dll
0x00007ff8fe5b0000 - 0x00007ff8fe5bb000 	C:\Windows\System32\rasadhlp.dll
0x00007ff8fb180000 - 0x00007ff8fb206000 	C:\WINDOWS\System32\fwpuclnt.dll
0x00007ff904b80000 - 0x00007ff904bb6000 	C:\WINDOWS\SYSTEM32\ntmarta.dll

dbghelp: loaded successfully - version: 4.0.5 - missing functions: none
symbol engine: initialized successfully - sym options: 0x614 - pdb path: .;c:\Users\TUF\.vscode\extensions\redhat.java-1.43.1-win32-x64\jre\21.0.7-win32-x86_64\bin;C:\WINDOWS\SYSTEM32;C:\WINDOWS\WinSxS\amd64_microsoft.windows.common-controls_6595b64144ccf1df_6.0.26100.4484_none_3e0e6d4ce32ef3b3;c:\Users\TUF\.vscode\extensions\redhat.java-1.43.1-win32-x64\jre\21.0.7-win32-x86_64\bin\server;C:\Users\TUF\AppData\Roaming\Code\User\globalStorage\redhat.java\1.43.1\config_win\org.eclipse.equinox.launcher\org.eclipse.equinox.launcher.win32.win32.x86_64_1.2.1300.v20250331-1702;C:\Users\TUF\AppData\Local\Temp\jna-83429;C:\Users\TUF\.gradle\native\c067742578af261105cb4f569cf0c3c89f3d7b1fecec35dd04571415982c5e48\windows-amd64

VM Arguments:
jvm_args: --add-modules=ALL-SYSTEM --add-opens=java.base/java.util=ALL-UNNAMED --add-opens=java.base/java.lang=ALL-UNNAMED --add-opens=java.base/sun.nio.fs=ALL-UNNAMED -Declipse.application=org.eclipse.jdt.ls.core.id1 -Dosgi.bundles.defaultStartLevel=4 -Declipse.product=org.eclipse.jdt.ls.core.product -Djava.import.generatesMetadataFilesAtProjectRoot=false -DDetectVMInstallationsJob.disabled=true -Dfile.encoding=utf8 -XX:+UseParallelGC -XX:GCTimeRatio=4 -XX:AdaptiveSizePolicyWeight=90 -Dsun.zip.disableMemoryMapping=true -Xmx2G -Xms100m -Xlog:disable -javaagent:c:\Users\TUF\.vscode\extensions\redhat.java-1.43.1-win32-x64\lombok\lombok-1.18.39-4050.jar -XX:+HeapDumpOnOutOfMemoryError -XX:HeapDumpPath=c:\Users\TUF\AppData\Roaming\Code\User\workspaceStorage\03fc4354315e2177e2f05af99acf76cd\redhat.java -Daether.dependencyCollector.impl=bf 
java_command: c:\Users\TUF\.vscode\extensions\redhat.java-1.43.1-win32-x64\server\plugins\org.eclipse.equinox.launcher_1.7.0.v20250519-0528.jar -configuration c:\Users\TUF\AppData\Roaming\Code\User\globalStorage\redhat.java\1.43.1\config_win -data c:\Users\TUF\AppData\Roaming\Code\User\workspaceStorage\03fc4354315e2177e2f05af99acf76cd\redhat.java\jdt_ws --pipe=\\.\pipe\lsp-0e90b87d65ca0f6edbf5556f0df97c3f-sock
java_class_path (initial): c:\Users\TUF\.vscode\extensions\redhat.java-1.43.1-win32-x64\server\plugins\org.eclipse.equinox.launcher_1.7.0.v20250519-0528.jar
Launcher Type: SUN_STANDARD

[Global flags]
    uintx AdaptiveSizePolicyWeight                 = 90                                        {product} {command line}
     intx CICompilerCount                          = 4                                         {product} {ergonomic}
    uintx GCTimeRatio                              = 4                                         {product} {command line}
     bool HeapDumpOnOutOfMemoryError               = true                                   {manageable} {command line}
    ccstr HeapDumpPath                             = c:\Users\TUF\AppData\Roaming\Code\User\workspaceStorage\03fc4354315e2177e2f05af99acf76cd\redhat.java         {manageable} {command line}
   size_t InitialHeapSize                          = 104857600                                 {product} {command line}
   size_t MaxHeapSize                              = 2147483648                                {product} {command line}
   size_t MaxNewSize                               = 715653120                                 {product} {ergonomic}
   size_t MinHeapDeltaBytes                        = 524288                                    {product} {ergonomic}
   size_t MinHeapSize                              = 104857600                                 {product} {command line}
   size_t NewSize                                  = 34603008                                  {product} {ergonomic}
    uintx NonNMethodCodeHeapSize                   = 5839372                                {pd product} {ergonomic}
    uintx NonProfiledCodeHeapSize                  = 122909434                              {pd product} {ergonomic}
   size_t OldSize                                  = 70254592                                  {product} {ergonomic}
    uintx ProfiledCodeHeapSize                     = 122909434                              {pd product} {ergonomic}
    uintx ReservedCodeCacheSize                    = 251658240                              {pd product} {ergonomic}
     bool SegmentedCodeCache                       = true                                      {product} {ergonomic}
   size_t SoftMaxHeapSize                          = 2147483648                             {manageable} {ergonomic}
     bool UseCompressedOops                        = true                           {product lp64_product} {ergonomic}
     bool UseLargePagesIndividualAllocation        = false                                  {pd product} {ergonomic}
     bool UseParallelGC                            = true                                      {product} {command line}

Logging:
Log output configuration:
 #0: stdout all=off uptime,level,tags foldmultilines=false
 #1: stderr all=off uptime,level,tags foldmultilines=false

Environment Variables:
PATH=C:\Program Files\Common Files\Oracle\Java\javapath;C:\Program Files (x86)\Common Files\Oracle\Java\javapath;C:\WINDOWS\system32;C:\WINDOWS;C:\WINDOWS\System32\Wbem;C:\WINDOWS\System32\WindowsPowerShell\v1.0\;C:\WINDOWS\System32\OpenSSH\;C:\WINDOWS\system32;C:\WINDOWS;C:\WINDOWS\System32\Wbem;C:\WINDOWS\System32\WindowsPowerShell\v1.0\;C:\WINDOWS\System32\OpenSSH\;C:\Users\TUF\AppData\Roaming\nvm;C:\Program Files\nodejs;C:\Program Files\nodejs\;C:\xampp\php;C:\Program Files (x86)\NVIDIA Corporation\PhysX\Common;C:\Program Files\NVIDIA Corporation\NVIDIA NvDLISR;D:\git\Git\cmd;D:\git\Git\mingw64\bin;D:\git\Git\usr\bin;C:\Program Files (x86)\Windows Kits\10\Windows Performance Toolkit\;C:\Program Files\dotnet\;C:\ProgramData\ComposerSetup\bin;C:\php-8.3;C:\Users\TUF\AppData\Local\Programs\Python\Python313;C:\Users\TUF\AppData\Local\Programs\Python\Python313\Scripts;C:\Program Files\Docker\Docker\resources\bin;C:\Program Files (x86)\ZeroTier\One\;C:\Program Files\Java\jdk-24\bin;C:\Users\TUF\AppData\Local\Programs\Python\Launcher\;C:\Users\TUF\AppData\Local\Programs\Python\Python310\Scripts\;C:\Users\TUF\AppData\Local\Programs\Python\Python310\;C:\Users\TUF\AppData\Local\Microsoft\WindowsApps;D:\msys64\mingw64\bin;C:\Program Files\JetBrains\PyCharm Community Edition 2022.3.3\bin;;D:\nodejs;C:\Users\TUF\AppData\Roaming\nvm;C:\Program Files\nodejs;C:\Users\TUF\AppData\Roaming\npm;C:\src\flutter\bin;C:\Program Files\JetBrains\PyCharm 2024.1.4\bin;;C:\cmake-3.30.0-windows-x86_64\bin;D:\Flutter\src\flutter\bin;C:\Users\TUF\AppData\Local\GitHubDesktop\bin;C:\Users\TUF\.dotnet\tools;C:\Users\TUF\AppData\Roaming\Composer\vendor\bin;C:\Users\TUF\AppData\Local\Programs\Microsoft VS Code\bin
USERNAME=TUF
OS=Windows_NT
PROCESSOR_IDENTIFIER=AMD64 Family 25 Model 33 Stepping 2, AuthenticAMD
TMP=C:\Users\TUF\AppData\Local\Temp
TEMP=C:\Users\TUF\AppData\Local\Temp




Periodic native trim disabled

---------------  S Y S T E M  ---------------

OS:
 Windows 11 , 64 bit Build 26100 (10.0.26100.4484)
OS uptime: 0 days 0:49 hours
Hyper-V role detected

CPU: total 12 (initial active 12) (12 cores per cpu, 2 threads per core) family 25 model 33 stepping 2 microcode 0xa20120e, cx8, cmov, fxsr, ht, mmx, 3dnowpref, sse, sse2, sse3, ssse3, sse4a, sse4.1, sse4.2, popcnt, lzcnt, tsc, tscinvbit, avx, avx2, aes, erms, clmul, bmi1, bmi2, adx, sha, fma, vzeroupper, clflush, clflushopt, hv, rdtscp, rdpid, fsrm, f16c, cet_ss
Processor Information for the first 12 processors :
  Max Mhz: 3701, Current Mhz: 3701, Mhz Limit: 3701

Memory: 4k page, system-wide physical 15296M (1249M free)
TotalPageFile size 23488M (AvailPageFile size 136M)
current process WorkingSet (physical memory assigned to process): 649M, peak: 813M
current process commit charge ("private bytes"): 583M, peak: 1677M

vm_info: OpenJDK 64-Bit Server VM (21.0.7+6-LTS) for windows-amd64 JRE (21.0.7+6-LTS), built on 2025-04-15T00:00:00Z by "admin" with MS VC++ 17.7 (VS2022)

END.
