#
# There is insufficient memory for the Java Runtime Environment to continue.
# Native memory allocation (malloc) failed to allocate 65552 bytes. Error detail: Chunk::new
# Possible reasons:
#   The system is out of physical RAM or swap space
#   This process is running with CompressedOops enabled, and the Java Heap may be blocking the growth of the native heap
# Possible solutions:
#   Reduce memory load on the system
#   Increase physical memory or swap space
#   Check if swap backing store is full
#   Decrease Java heap size (-Xmx/-Xms)
#   Decrease number of Java threads
#   Decrease Java thread stack sizes (-Xss)
#   Set larger code cache with -XX:ReservedCodeCacheSize=
#   JVM is running with Zero Based Compressed Oops mode in which the Java heap is
#     placed in the first 32GB address space. The Java Heap base address is the
#     maximum limit for the native heap growth. Please use -XX:HeapBaseMinAddress
#     to set the Java Heap base and to place the Java Heap above 32GB virtual address.
# This output file may be truncated or incomplete.
#
#  Out of Memory Error (arena.cpp:168), pid=23424, tid=27500
#
# JRE version: OpenJDK Runtime Environment Temurin-21.0.7+6 (21.0.7+6) (build 21.0.7+6-LTS)
# Java VM: OpenJDK 64-Bit Server VM Temurin-21.0.7+6 (21.0.7+6-LTS, mixed mode, sharing, tiered, compressed oops, compressed class ptrs, g1 gc, windows-amd64)
# No core dump will be written. Minidumps are not enabled by default on client versions of Windows
#

---------------  S U M M A R Y ------------

Command Line: -XX:MaxMetaspaceSize=2G -XX:+HeapDumpOnOutOfMemoryError --add-opens=java.base/java.util=ALL-UNNAMED --add-opens=java.base/java.lang=ALL-UNNAMED --add-opens=java.base/java.lang.invoke=ALL-UNNAMED --add-opens=java.prefs/java.util.prefs=ALL-UNNAMED --add-exports=jdk.compiler/com.sun.tools.javac.api=ALL-UNNAMED --add-exports=jdk.compiler/com.sun.tools.javac.util=ALL-UNNAMED --add-opens=java.base/java.nio.charset=ALL-UNNAMED --add-opens=java.base/java.net=ALL-UNNAMED --add-opens=java.base/java.util.concurrent.atomic=ALL-UNNAMED -Xmx4G -Dfile.encoding=utf8 -Duser.country=US -Duser.language=en -Duser.variant -javaagent:C:\Users\TUF\.gradle\wrapper\dists\gradle-8.9-bin\90cnw93cvbtalezasaz0blq0a\gradle-8.9\lib\agents\gradle-instrumentation-agent-8.9.jar org.gradle.launcher.daemon.bootstrap.GradleDaemon 8.9

Host: AMD Ryzen 5 5600X 6-Core Processor             , 12 cores, 14G,  Windows 11 , 64 bit Build 26100 (10.0.26100.4484)
Time: Thu Jul 17 02:14:42 2025 Malay Peninsula Standard Time elapsed time: 18.411855 seconds (0d 0h 0m 18s)

---------------  T H R E A D  ---------------

Current thread (0x000001ef9f75a630):  JavaThread "C2 CompilerThread1" daemon [_thread_in_native, id=27500, stack(0x0000009ac2200000,0x0000009ac2300000) (1024K)]


Current CompileTask:
C2:18411 12480       4       java.lang.reflect.Method::getGenericInfo (28 bytes)

Stack: [0x0000009ac2200000,0x0000009ac2300000]
Native frames: (J=compiled Java code, j=interpreted, Vv=VM code, C=native code)
V  [jvm.dll+0x6ce119]
V  [jvm.dll+0x8a84a1]
V  [jvm.dll+0x8aa9ce]
V  [jvm.dll+0x8ab0b3]
V  [jvm.dll+0x27f8a6]
V  [jvm.dll+0xc507d]
V  [jvm.dll+0xc55b3]
V  [jvm.dll+0xc51a5]
V  [jvm.dll+0x6a96fc]
V  [jvm.dll+0x6573a1]
V  [jvm.dll+0x65ca8d]
V  [jvm.dll+0x65d9c6]
V  [jvm.dll+0x65bd5e]
V  [jvm.dll+0x247975]
V  [jvm.dll+0x2470cf]
V  [jvm.dll+0x1c760e]
V  [jvm.dll+0x25695a]
V  [jvm.dll+0x254efa]
V  [jvm.dll+0x3f03f6]
V  [jvm.dll+0x851f6b]
V  [jvm.dll+0x6cc7dd]
C  [ucrtbase.dll+0x37b0]
C  [KERNEL32.DLL+0x2e8d7]
C  [ntdll.dll+0x3c34c]


---------------  P R O C E S S  ---------------

Threads class SMR info:
_java_thread_list=0x000001ef9d3de8b0, length=168, elements={
0x000001ef38dfaf60, 0x000001ef54e57800, 0x000001ef54e58450, 0x000001ef54e5fae0,
0x000001ef54e607b0, 0x000001ef54e63210, 0x000001ef54e63ec0, 0x000001ef556183d0,
0x000001ef556390d0, 0x000001ef55717390, 0x000001ef55934640, 0x000001ef9c8f7010,
0x000001ef9c63cd10, 0x000001ef9c6bc0d0, 0x000001ef9c79b9e0, 0x000001ef9c79c860,
0x000001ef9c89ed30, 0x000001ef9c89f390, 0x000001ef9c8a2110, 0x000001ef9c8a34c0,
0x000001ef9c8a2e30, 0x000001ef9c8a3b50, 0x000001ef9c8a41e0, 0x000001ef9c8a13f0,
0x000001ef9c8a1a80, 0x000001ef9cba37f0, 0x000001ef9cba3e80, 0x000001ef9cba4510,
0x000001ef9cba1720, 0x000001ef9cba4ba0, 0x000001ef9cba5230, 0x000001ef9cba1db0,
0x000001ef9cba58c0, 0x000001ef9cba2440, 0x000001ef9cba5f50, 0x000001ef9cba3160,
0x000001ef9cba6c70, 0x000001ef9cba7990, 0x000001ef9cba7300, 0x000001ef9cba8020,
0x000001ef9cba8d40, 0x000001ef9f3fa600, 0x000001ef9f3fc6d0, 0x000001ef9f3fb9b0,
0x000001ef9f3fb320, 0x000001ef9f3fcd60, 0x000001ef9f3fd3f0, 0x000001ef9f3fda80,
0x000001ef9e7becb0, 0x000001ef9e7bf340, 0x000001ef9e7bdf90, 0x000001ef9e7bf9d0,
0x000001ef9e7c0060, 0x000001ef9e7c06f0, 0x000001ef9e7bd270, 0x000001ef9e7bd900,
0x000001ef9e7c1410, 0x000001ef9e7c1aa0, 0x000001ef9e7be620, 0x000001ef9e7c34e0,
0x000001ef9e7c4890, 0x000001ef9e7c3b70, 0x000001ef9e7c2130, 0x000001ef9e7c27c0,
0x000001ef9e7c2e50, 0x000001ef9e7c4200, 0x000001ef9f3fe110, 0x000001ef9edbbc60,
0x000001ef9edbc980, 0x000001ef9edbaf40, 0x000001ef9edbc2f0, 0x000001ef9edbd010,
0x000001ef9edbd6a0, 0x000001ef9edba220, 0x000001ef9edbdd30, 0x000001ef9edba8b0,
0x000001ef9edbb5d0, 0x000001ef9edbea50, 0x000001ef9edc1840, 0x000001ef9edbfe00,
0x000001ef9edbf0e0, 0x000001ef9edbf770, 0x000001ef9edc0490, 0x000001ef9edc0b20,
0x000001ef9edc11b0, 0x000001efa04d1080, 0x000001efa04d1710, 0x000001efa04d09f0,
0x000001efa04d2430, 0x000001efa04d2ac0, 0x000001efa04cf640, 0x000001efa04d3150,
0x000001efa04d0360, 0x000001efa04cfcd0, 0x000001efa04d5220, 0x000001efa04d6c60,
0x000001efa04d58b0, 0x000001efa04d37e0, 0x000001efa085df80, 0x000001efa085ab00,
0x000001efa085e610, 0x000001efa085beb0, 0x000001efa085d260, 0x000001efa085c540,
0x000001efa085cbd0, 0x000001efa085b190, 0x000001efa085eca0, 0x000001efa085b820,
0x000001efa0861400, 0x000001efa0861a90, 0x000001efa085f330, 0x000001efa085f9c0,
0x000001efa0860050, 0x000001efa08606e0, 0x000001efa0860d70, 0x000001efa04d4500,
0x000001efa04d4b90, 0x000001efa04d5f40, 0x000001efa0c63e50, 0x000001efa0c637c0,
0x000001efa0c644e0, 0x000001efa0c64b70, 0x000001efa0c65200, 0x000001efa0c62410,
0x000001efa0c65890, 0x000001efa0c65f20, 0x000001efa0c62aa0, 0x000001efa0c63130,
0x000001efa0c68d10, 0x000001efa0c665b0, 0x000001efa0c67ff0, 0x000001efa0c693a0,
0x000001efa0c68680, 0x000001efa0c67960, 0x000001efa0b0b1e0, 0x000001efa0b0b870,
0x000001efa0b083f0, 0x000001efa0b09110, 0x000001efa0b0bf00, 0x000001efa0b08a80,
0x000001efa0b0cc20, 0x000001efa0b0c590, 0x000001efa0b0d2b0, 0x000001efa085d8f0,
0x000001efa04d65d0, 0x000001ef9f3f7ea0, 0x000001efa095c380, 0x000001efa095d730,
0x000001efa095e450, 0x000001efa095afd0, 0x000001efa095ca10, 0x000001efa095bcf0,
0x000001efa095d0a0, 0x000001efa095ddc0, 0x000001efa095eae0, 0x000001efa095b660,
0x000001efa095f800, 0x000001efa0960bb0, 0x000001efa0960520, 0x000001efa095fe90,
0x000001efa09618d0, 0x000001efa0961240, 0x000001efa0961f60, 0x000001efa09625f0,
0x000001efa095f170, 0x000001efa2aecc20, 0x000001ef9f75a630, 0x000001ef9f75ad00
}

Java Threads: ( => current thread )
  0x000001ef38dfaf60 JavaThread "main"                              [_thread_blocked, id=24920, stack(0x0000009abcd00000,0x0000009abce00000) (1024K)]
  0x000001ef54e57800 JavaThread "Reference Handler"          daemon [_thread_blocked, id=20612, stack(0x0000009abd500000,0x0000009abd600000) (1024K)]
  0x000001ef54e58450 JavaThread "Finalizer"                  daemon [_thread_blocked, id=24440, stack(0x0000009abd600000,0x0000009abd700000) (1024K)]
  0x000001ef54e5fae0 JavaThread "Signal Dispatcher"          daemon [_thread_blocked, id=4460, stack(0x0000009abd700000,0x0000009abd800000) (1024K)]
  0x000001ef54e607b0 JavaThread "Attach Listener"            daemon [_thread_blocked, id=12672, stack(0x0000009abd800000,0x0000009abd900000) (1024K)]
  0x000001ef54e63210 JavaThread "Service Thread"             daemon [_thread_blocked, id=3308, stack(0x0000009abd900000,0x0000009abda00000) (1024K)]
  0x000001ef54e63ec0 JavaThread "Monitor Deflation Thread"   daemon [_thread_blocked, id=29124, stack(0x0000009abda00000,0x0000009abdb00000) (1024K)]
  0x000001ef556183d0 JavaThread "C2 CompilerThread0"         daemon [_thread_in_native, id=25492, stack(0x0000009abdb00000,0x0000009abdc00000) (1024K)]
  0x000001ef556390d0 JavaThread "C1 CompilerThread0"         daemon [_thread_blocked, id=26664, stack(0x0000009abdc00000,0x0000009abdd00000) (1024K)]
  0x000001ef55717390 JavaThread "Common-Cleaner"             daemon [_thread_blocked, id=28148, stack(0x0000009abdd00000,0x0000009abde00000) (1024K)]
  0x000001ef55934640 JavaThread "Notification Thread"        daemon [_thread_blocked, id=26640, stack(0x0000009abde00000,0x0000009abdf00000) (1024K)]
  0x000001ef9c8f7010 JavaThread "Daemon health stats"               [_thread_blocked, id=9456, stack(0x0000009abe000000,0x0000009abe100000) (1024K)]
  0x000001ef9c63cd10 JavaThread "Incoming local TCP Connector on port 53657"        [_thread_in_native, id=26768, stack(0x0000009abe900000,0x0000009abea00000) (1024K)]
  0x000001ef9c6bc0d0 JavaThread "Daemon periodic checks"            [_thread_blocked, id=17184, stack(0x0000009abea00000,0x0000009abeb00000) (1024K)]
  0x000001ef9c79b9e0 JavaThread "Daemon"                            [_thread_blocked, id=12408, stack(0x0000009abeb00000,0x0000009abec00000) (1024K)]
  0x000001ef9c79c860 JavaThread "Handler for socket connection from /127.0.0.1:53657 to /127.0.0.1:53658"        [_thread_blocked, id=9828, stack(0x0000009abec00000,0x0000009abed00000) (1024K)]
  0x000001ef9c89ed30 JavaThread "Cancel handler"                    [_thread_blocked, id=30684, stack(0x0000009abed00000,0x0000009abee00000) (1024K)]
  0x000001ef9c89f390 JavaThread "Daemon worker"                     [_thread_in_vm, id=26144, stack(0x0000009abee00000,0x0000009abef00000) (1024K)]
  0x000001ef9c8a2110 JavaThread "Stdin handler"                     [_thread_blocked, id=22456, stack(0x0000009abf000000,0x0000009abf100000) (1024K)]
  0x000001ef9c8a34c0 JavaThread "Cache worker for journal cache (C:\Users\TUF\.gradle\caches\journal-1)"        [_thread_blocked, id=21132, stack(0x0000009abf200000,0x0000009abf300000) (1024K)]
  0x000001ef9c8a2e30 JavaThread "File lock request listener"        [_thread_in_native, id=28992, stack(0x0000009abf300000,0x0000009abf400000) (1024K)]
  0x000001ef9c8a3b50 JavaThread "Cache worker for file hash cache (C:\Users\TUF\.gradle\caches\8.9\fileHashes)"        [_thread_blocked, id=7184, stack(0x0000009abf400000,0x0000009abf500000) (1024K)]
  0x000001ef9c8a41e0 JavaThread "Cache worker for file hash cache (D:\HackathonRepository\3Y2AAPWD\frontend\android\.gradle\8.9\fileHashes)"        [_thread_blocked, id=21000, stack(0x0000009abf900000,0x0000009abfa00000) (1024K)]
  0x000001ef9c8a13f0 JavaThread "Cache worker for Build Output Cleanup Cache (D:\HackathonRepository\3Y2AAPWD\frontend\android\.gradle\buildOutputCleanup)"        [_thread_blocked, id=28680, stack(0x0000009abfa00000,0x0000009abfb00000) (1024K)]
  0x000001ef9c8a1a80 JavaThread "File watcher server"        daemon [_thread_in_native, id=18228, stack(0x0000009abfb00000,0x0000009abfc00000) (1024K)]
  0x000001ef9cba37f0 JavaThread "File watcher consumer"      daemon [_thread_blocked, id=9296, stack(0x0000009abfc00000,0x0000009abfd00000) (1024K)]
  0x000001ef9cba3e80 JavaThread "jar transforms"                    [_thread_blocked, id=22472, stack(0x0000009abfd00000,0x0000009abfe00000) (1024K)]
  0x000001ef9cba4510 JavaThread "jar transforms Thread 2"           [_thread_blocked, id=28336, stack(0x0000009abfe00000,0x0000009abff00000) (1024K)]
  0x000001ef9cba1720 JavaThread "jar transforms Thread 3"           [_thread_blocked, id=28708, stack(0x0000009abff00000,0x0000009ac0000000) (1024K)]
  0x000001ef9cba4ba0 JavaThread "Cache worker for checksums cache (D:\HackathonRepository\3Y2AAPWD\frontend\android\.gradle\8.9\checksums)"        [_thread_blocked, id=4176, stack(0x0000009ac0000000,0x0000009ac0100000) (1024K)]
  0x000001ef9cba5230 JavaThread "Cache worker for file content cache (C:\Users\TUF\.gradle\caches\8.9\fileContent)"        [_thread_blocked, id=14904, stack(0x0000009ac0100000,0x0000009ac0200000) (1024K)]
  0x000001ef9cba1db0 JavaThread "Cache worker for cache directory md-rule (C:\Users\TUF\.gradle\caches\8.9\md-rule)"        [_thread_blocked, id=27116, stack(0x0000009ac0200000,0x0000009ac0300000) (1024K)]
  0x000001ef9cba58c0 JavaThread "Cache worker for cache directory md-supplier (C:\Users\TUF\.gradle\caches\8.9\md-supplier)"        [_thread_blocked, id=27128, stack(0x0000009ac0300000,0x0000009ac0400000) (1024K)]
  0x000001ef9cba2440 JavaThread "jar transforms Thread 4"           [_thread_blocked, id=17404, stack(0x0000009ac0400000,0x0000009ac0500000) (1024K)]
  0x000001ef9cba5f50 JavaThread "jar transforms Thread 5"           [_thread_blocked, id=30664, stack(0x0000009ac0500000,0x0000009ac0600000) (1024K)]
  0x000001ef9cba3160 JavaThread "jar transforms Thread 6"           [_thread_blocked, id=6036, stack(0x0000009ac0600000,0x0000009ac0700000) (1024K)]
  0x000001ef9cba6c70 JavaThread "jar transforms Thread 7"           [_thread_blocked, id=28012, stack(0x0000009ac0700000,0x0000009ac0800000) (1024K)]
  0x000001ef9cba7990 JavaThread "jar transforms Thread 8"           [_thread_blocked, id=21036, stack(0x0000009ac0800000,0x0000009ac0900000) (1024K)]
  0x000001ef9cba7300 JavaThread "jar transforms Thread 9"           [_thread_blocked, id=3748, stack(0x0000009ac0900000,0x0000009ac0a00000) (1024K)]
  0x000001ef9cba8020 JavaThread "jar transforms Thread 10"          [_thread_blocked, id=22276, stack(0x0000009ac0a00000,0x0000009ac0b00000) (1024K)]
  0x000001ef9cba8d40 JavaThread "Cache worker for Build Output Cleanup Cache (D:\Flutter\src\flutter\packages\flutter_tools\gradle\.gradle\buildOutputCleanup)"        [_thread_blocked, id=11316, stack(0x0000009ac0b00000,0x0000009ac0c00000) (1024K)]
  0x000001ef9f3fa600 JavaThread "Memory manager"                    [_thread_blocked, id=11112, stack(0x0000009abf800000,0x0000009abf900000) (1024K)]
  0x000001ef9f3fc6d0 JavaThread "included builds"                   [_thread_blocked, id=740, stack(0x0000009ac0d00000,0x0000009ac0e00000) (1024K)]
  0x000001ef9f3fb9b0 JavaThread "Execution worker"                  [_thread_blocked, id=20636, stack(0x0000009ac0e00000,0x0000009ac0f00000) (1024K)]
  0x000001ef9f3fb320 JavaThread "Execution worker Thread 2"         [_thread_blocked, id=29808, stack(0x0000009ac0f00000,0x0000009ac1000000) (1024K)]
  0x000001ef9f3fcd60 JavaThread "Execution worker Thread 3"         [_thread_blocked, id=17824, stack(0x0000009ac1000000,0x0000009ac1100000) (1024K)]
  0x000001ef9f3fd3f0 JavaThread "Execution worker Thread 4"         [_thread_blocked, id=1808, stack(0x0000009ac1100000,0x0000009ac1200000) (1024K)]
  0x000001ef9f3fda80 JavaThread "Execution worker Thread 5"         [_thread_blocked, id=4500, stack(0x0000009ac1200000,0x0000009ac1300000) (1024K)]
  0x000001ef9e7becb0 JavaThread "Execution worker Thread 6"         [_thread_blocked, id=25680, stack(0x0000009ac1300000,0x0000009ac1400000) (1024K)]
  0x000001ef9e7bf340 JavaThread "Execution worker Thread 7"         [_thread_blocked, id=11528, stack(0x0000009ac1400000,0x0000009ac1500000) (1024K)]
  0x000001ef9e7bdf90 JavaThread "Execution worker Thread 8"         [_thread_blocked, id=2832, stack(0x0000009ac1500000,0x0000009ac1600000) (1024K)]
  0x000001ef9e7bf9d0 JavaThread "Execution worker Thread 9"         [_thread_blocked, id=23396, stack(0x0000009ac1600000,0x0000009ac1700000) (1024K)]
  0x000001ef9e7c0060 JavaThread "Execution worker Thread 10"        [_thread_blocked, id=25728, stack(0x0000009ac1700000,0x0000009ac1800000) (1024K)]
  0x000001ef9e7c06f0 JavaThread "Execution worker Thread 11"        [_thread_blocked, id=29712, stack(0x0000009ac1800000,0x0000009ac1900000) (1024K)]
  0x000001ef9e7bd270 JavaThread "Cache worker for execution history cache (D:\Flutter\src\flutter\packages\flutter_tools\gradle\.gradle\8.9\executionHistory)"        [_thread_blocked, id=2708, stack(0x0000009ac1900000,0x0000009ac1a00000) (1024K)]
  0x000001ef9e7bd900 JavaThread "Unconstrained build operations"        [_thread_blocked, id=3348, stack(0x0000009abdf00000,0x0000009abe000000) (1024K)]
  0x000001ef9e7c1410 JavaThread "Unconstrained build operations Thread 2"        [_thread_blocked, id=30292, stack(0x0000009ac0c00000,0x0000009ac0d00000) (1024K)]
  0x000001ef9e7c1aa0 JavaThread "Unconstrained build operations Thread 3"        [_thread_blocked, id=28208, stack(0x0000009ac1a00000,0x0000009ac1b00000) (1024K)]
  0x000001ef9e7be620 JavaThread "Unconstrained build operations Thread 4"        [_thread_blocked, id=18700, stack(0x0000009ac1b00000,0x0000009ac1c00000) (1024K)]
  0x000001ef9e7c34e0 JavaThread "Unconstrained build operations Thread 5"        [_thread_blocked, id=192, stack(0x0000009ac1c00000,0x0000009ac1d00000) (1024K)]
  0x000001ef9e7c4890 JavaThread "Unconstrained build operations Thread 6"        [_thread_blocked, id=20652, stack(0x0000009ac1d00000,0x0000009ac1e00000) (1024K)]
  0x000001ef9e7c3b70 JavaThread "Unconstrained build operations Thread 7"        [_thread_blocked, id=17400, stack(0x0000009ac1e00000,0x0000009ac1f00000) (1024K)]
  0x000001ef9e7c2130 JavaThread "Unconstrained build operations Thread 8"        [_thread_blocked, id=23152, stack(0x0000009ac1f00000,0x0000009ac2000000) (1024K)]
  0x000001ef9e7c27c0 JavaThread "Unconstrained build operations Thread 9"        [_thread_blocked, id=27760, stack(0x0000009ac2000000,0x0000009ac2100000) (1024K)]
  0x000001ef9e7c2e50 JavaThread "Unconstrained build operations Thread 10"        [_thread_blocked, id=19736, stack(0x0000009ac2100000,0x0000009ac2200000) (1024K)]
  0x000001ef9e7c4200 JavaThread "Unconstrained build operations Thread 11"        [_thread_blocked, id=11508, stack(0x0000009ac2400000,0x0000009ac2500000) (1024K)]
  0x000001ef9f3fe110 JavaThread "Unconstrained build operations Thread 12"        [_thread_blocked, id=20724, stack(0x0000009ac2500000,0x0000009ac2600000) (1024K)]
  0x000001ef9edbbc60 JavaThread "Unconstrained build operations Thread 13"        [_thread_blocked, id=29776, stack(0x0000009ac2600000,0x0000009ac2700000) (1024K)]
  0x000001ef9edbc980 JavaThread "Unconstrained build operations Thread 14"        [_thread_blocked, id=25892, stack(0x0000009ac2700000,0x0000009ac2800000) (1024K)]
  0x000001ef9edbaf40 JavaThread "Unconstrained build operations Thread 15"        [_thread_blocked, id=26860, stack(0x0000009ac2800000,0x0000009ac2900000) (1024K)]
  0x000001ef9edbc2f0 JavaThread "Unconstrained build operations Thread 16"        [_thread_blocked, id=11736, stack(0x0000009ac2900000,0x0000009ac2a00000) (1024K)]
  0x000001ef9edbd010 JavaThread "Unconstrained build operations Thread 17"        [_thread_blocked, id=14636, stack(0x0000009ac2a00000,0x0000009ac2b00000) (1024K)]
  0x000001ef9edbd6a0 JavaThread "Unconstrained build operations Thread 18"        [_thread_blocked, id=26152, stack(0x0000009ac2b00000,0x0000009ac2c00000) (1024K)]
  0x000001ef9edba220 JavaThread "Unconstrained build operations Thread 19"        [_thread_blocked, id=18768, stack(0x0000009ac2c00000,0x0000009ac2d00000) (1024K)]
  0x000001ef9edbdd30 JavaThread "Unconstrained build operations Thread 20"        [_thread_blocked, id=5108, stack(0x0000009ac2d00000,0x0000009ac2e00000) (1024K)]
  0x000001ef9edba8b0 JavaThread "Unconstrained build operations Thread 21"        [_thread_blocked, id=7532, stack(0x0000009ac2e00000,0x0000009ac2f00000) (1024K)]
  0x000001ef9edbb5d0 JavaThread "Unconstrained build operations Thread 22"        [_thread_blocked, id=28664, stack(0x0000009ac2f00000,0x0000009ac3000000) (1024K)]
  0x000001ef9edbea50 JavaThread "Unconstrained build operations Thread 23"        [_thread_blocked, id=9024, stack(0x0000009ac3000000,0x0000009ac3100000) (1024K)]
  0x000001ef9edc1840 JavaThread "Unconstrained build operations Thread 24"        [_thread_blocked, id=23772, stack(0x0000009ac3100000,0x0000009ac3200000) (1024K)]
  0x000001ef9edbfe00 JavaThread "Unconstrained build operations Thread 25"        [_thread_blocked, id=29420, stack(0x0000009ac3200000,0x0000009ac3300000) (1024K)]
  0x000001ef9edbf0e0 JavaThread "Unconstrained build operations Thread 26"        [_thread_blocked, id=23112, stack(0x0000009ac3300000,0x0000009ac3400000) (1024K)]
  0x000001ef9edbf770 JavaThread "Unconstrained build operations Thread 27"        [_thread_blocked, id=26388, stack(0x0000009ac3400000,0x0000009ac3500000) (1024K)]
  0x000001ef9edc0490 JavaThread "Unconstrained build operations Thread 28"        [_thread_blocked, id=5556, stack(0x0000009ac3500000,0x0000009ac3600000) (1024K)]
  0x000001ef9edc0b20 JavaThread "Unconstrained build operations Thread 29"        [_thread_blocked, id=11844, stack(0x0000009ac3600000,0x0000009ac3700000) (1024K)]
  0x000001ef9edc11b0 JavaThread "Unconstrained build operations Thread 30"        [_thread_blocked, id=30360, stack(0x0000009ac3700000,0x0000009ac3800000) (1024K)]
  0x000001efa04d1080 JavaThread "Unconstrained build operations Thread 31"        [_thread_blocked, id=22924, stack(0x0000009ac3800000,0x0000009ac3900000) (1024K)]
  0x000001efa04d1710 JavaThread "Unconstrained build operations Thread 32"        [_thread_blocked, id=26488, stack(0x0000009ac3900000,0x0000009ac3a00000) (1024K)]
  0x000001efa04d09f0 JavaThread "Unconstrained build operations Thread 33"        [_thread_blocked, id=23640, stack(0x0000009ac3a00000,0x0000009ac3b00000) (1024K)]
  0x000001efa04d2430 JavaThread "Unconstrained build operations Thread 34"        [_thread_blocked, id=29740, stack(0x0000009ac3b00000,0x0000009ac3c00000) (1024K)]
  0x000001efa04d2ac0 JavaThread "Unconstrained build operations Thread 35"        [_thread_blocked, id=22044, stack(0x0000009ac3c00000,0x0000009ac3d00000) (1024K)]
  0x000001efa04cf640 JavaThread "Unconstrained build operations Thread 36"        [_thread_blocked, id=7740, stack(0x0000009ac3d00000,0x0000009ac3e00000) (1024K)]
  0x000001efa04d3150 JavaThread "Unconstrained build operations Thread 37"        [_thread_blocked, id=18140, stack(0x0000009ac3e00000,0x0000009ac3f00000) (1024K)]
  0x000001efa04d0360 JavaThread "Unconstrained build operations Thread 38"        [_thread_blocked, id=28540, stack(0x0000009ac3f00000,0x0000009ac4000000) (1024K)]
  0x000001efa04cfcd0 JavaThread "Unconstrained build operations Thread 39"        [_thread_blocked, id=22260, stack(0x0000009ac4000000,0x0000009ac4100000) (1024K)]
  0x000001efa04d5220 JavaThread "Unconstrained build operations Thread 40"        [_thread_blocked, id=30652, stack(0x0000009ac4100000,0x0000009ac4200000) (1024K)]
  0x000001efa04d6c60 JavaThread "Unconstrained build operations Thread 41"        [_thread_blocked, id=25364, stack(0x0000009ac4200000,0x0000009ac4300000) (1024K)]
  0x000001efa04d58b0 JavaThread "Unconstrained build operations Thread 42"        [_thread_blocked, id=6196, stack(0x0000009ac4300000,0x0000009ac4400000) (1024K)]
  0x000001efa04d37e0 JavaThread "Unconstrained build operations Thread 43"        [_thread_blocked, id=8656, stack(0x0000009ac4400000,0x0000009ac4500000) (1024K)]
  0x000001efa085df80 JavaThread "jar transforms Thread 11"          [_thread_blocked, id=29708, stack(0x0000009ac4500000,0x0000009ac4600000) (1024K)]
  0x000001efa085ab00 JavaThread "jar transforms Thread 12"          [_thread_blocked, id=7424, stack(0x0000009ac4600000,0x0000009ac4700000) (1024K)]
  0x000001efa085e610 JavaThread "Unconstrained build operations Thread 44"        [_thread_blocked, id=27680, stack(0x0000009ac4700000,0x0000009ac4800000) (1024K)]
  0x000001efa085beb0 JavaThread "Unconstrained build operations Thread 45"        [_thread_blocked, id=21892, stack(0x0000009ac4800000,0x0000009ac4900000) (1024K)]
  0x000001efa085d260 JavaThread "Unconstrained build operations Thread 46"        [_thread_blocked, id=1300, stack(0x0000009ac4900000,0x0000009ac4a00000) (1024K)]
  0x000001efa085c540 JavaThread "Unconstrained build operations Thread 47"        [_thread_blocked, id=29412, stack(0x0000009ac4a00000,0x0000009ac4b00000) (1024K)]
  0x000001efa085cbd0 JavaThread "Unconstrained build operations Thread 48"        [_thread_blocked, id=27904, stack(0x0000009ac4b00000,0x0000009ac4c00000) (1024K)]
  0x000001efa085b190 JavaThread "Unconstrained build operations Thread 49"        [_thread_blocked, id=30424, stack(0x0000009ac4c00000,0x0000009ac4d00000) (1024K)]
  0x000001efa085eca0 JavaThread "Unconstrained build operations Thread 50"        [_thread_blocked, id=19192, stack(0x0000009ac4d00000,0x0000009ac4e00000) (1024K)]
  0x000001efa085b820 JavaThread "Unconstrained build operations Thread 51"        [_thread_blocked, id=6760, stack(0x0000009ac4e00000,0x0000009ac4f00000) (1024K)]
  0x000001efa0861400 JavaThread "Unconstrained build operations Thread 52"        [_thread_blocked, id=14568, stack(0x0000009ac4f00000,0x0000009ac5000000) (1024K)]
  0x000001efa0861a90 JavaThread "Unconstrained build operations Thread 53"        [_thread_blocked, id=9664, stack(0x0000009ac5000000,0x0000009ac5100000) (1024K)]
  0x000001efa085f330 JavaThread "Unconstrained build operations Thread 54"        [_thread_blocked, id=28316, stack(0x0000009ac5100000,0x0000009ac5200000) (1024K)]
  0x000001efa085f9c0 JavaThread "Unconstrained build operations Thread 55"        [_thread_blocked, id=26100, stack(0x0000009ac5200000,0x0000009ac5300000) (1024K)]
  0x000001efa0860050 JavaThread "Unconstrained build operations Thread 56"        [_thread_blocked, id=27908, stack(0x0000009ac5300000,0x0000009ac5400000) (1024K)]
  0x000001efa08606e0 JavaThread "Unconstrained build operations Thread 57"        [_thread_blocked, id=29688, stack(0x0000009ac5400000,0x0000009ac5500000) (1024K)]
  0x000001efa0860d70 JavaThread "Unconstrained build operations Thread 58"        [_thread_blocked, id=26752, stack(0x0000009ac5500000,0x0000009ac5600000) (1024K)]
  0x000001efa04d4500 JavaThread "Unconstrained build operations Thread 59"        [_thread_blocked, id=20576, stack(0x0000009ac5600000,0x0000009ac5700000) (1024K)]
  0x000001efa04d4b90 JavaThread "Unconstrained build operations Thread 60"        [_thread_blocked, id=19064, stack(0x0000009ac5700000,0x0000009ac5800000) (1024K)]
  0x000001efa04d5f40 JavaThread "Unconstrained build operations Thread 61"        [_thread_blocked, id=29912, stack(0x0000009ac5800000,0x0000009ac5900000) (1024K)]
  0x000001efa0c63e50 JavaThread "Unconstrained build operations Thread 62"        [_thread_blocked, id=27272, stack(0x0000009ac5900000,0x0000009ac5a00000) (1024K)]
  0x000001efa0c637c0 JavaThread "Unconstrained build operations Thread 63"        [_thread_blocked, id=28216, stack(0x0000009ac5a00000,0x0000009ac5b00000) (1024K)]
  0x000001efa0c644e0 JavaThread "Unconstrained build operations Thread 64"        [_thread_blocked, id=21488, stack(0x0000009ac5b00000,0x0000009ac5c00000) (1024K)]
  0x000001efa0c64b70 JavaThread "Unconstrained build operations Thread 65"        [_thread_blocked, id=360, stack(0x0000009ac5c00000,0x0000009ac5d00000) (1024K)]
  0x000001efa0c65200 JavaThread "Unconstrained build operations Thread 66"        [_thread_blocked, id=15156, stack(0x0000009ac5d00000,0x0000009ac5e00000) (1024K)]
  0x000001efa0c62410 JavaThread "Unconstrained build operations Thread 67"        [_thread_blocked, id=25228, stack(0x0000009ac5e00000,0x0000009ac5f00000) (1024K)]
  0x000001efa0c65890 JavaThread "Unconstrained build operations Thread 68"        [_thread_blocked, id=6108, stack(0x0000009ac5f00000,0x0000009ac6000000) (1024K)]
  0x000001efa0c65f20 JavaThread "Unconstrained build operations Thread 69"        [_thread_blocked, id=22224, stack(0x0000009ac6000000,0x0000009ac6100000) (1024K)]
  0x000001efa0c62aa0 JavaThread "Unconstrained build operations Thread 70"        [_thread_blocked, id=22312, stack(0x0000009ac6100000,0x0000009ac6200000) (1024K)]
  0x000001efa0c63130 JavaThread "Unconstrained build operations Thread 71"        [_thread_blocked, id=28820, stack(0x0000009ac6200000,0x0000009ac6300000) (1024K)]
  0x000001efa0c68d10 JavaThread "Unconstrained build operations Thread 72"        [_thread_blocked, id=2664, stack(0x0000009ac6300000,0x0000009ac6400000) (1024K)]
  0x000001efa0c665b0 JavaThread "Unconstrained build operations Thread 73"        [_thread_blocked, id=27176, stack(0x0000009ac6400000,0x0000009ac6500000) (1024K)]
  0x000001efa0c67ff0 JavaThread "Unconstrained build operations Thread 74"        [_thread_blocked, id=21844, stack(0x0000009ac6500000,0x0000009ac6600000) (1024K)]
  0x000001efa0c693a0 JavaThread "Unconstrained build operations Thread 75"        [_thread_blocked, id=21372, stack(0x0000009ac6600000,0x0000009ac6700000) (1024K)]
  0x000001efa0c68680 JavaThread "Unconstrained build operations Thread 76"        [_thread_blocked, id=22860, stack(0x0000009ac6700000,0x0000009ac6800000) (1024K)]
  0x000001efa0c67960 JavaThread "Unconstrained build operations Thread 77"        [_thread_blocked, id=7528, stack(0x0000009ac6800000,0x0000009ac6900000) (1024K)]
  0x000001efa0b0b1e0 JavaThread "Unconstrained build operations Thread 78"        [_thread_blocked, id=12148, stack(0x0000009ac6900000,0x0000009ac6a00000) (1024K)]
  0x000001efa0b0b870 JavaThread "Unconstrained build operations Thread 79"        [_thread_blocked, id=11648, stack(0x0000009ac6a00000,0x0000009ac6b00000) (1024K)]
  0x000001efa0b083f0 JavaThread "Unconstrained build operations Thread 80"        [_thread_blocked, id=11608, stack(0x0000009ac6b00000,0x0000009ac6c00000) (1024K)]
  0x000001efa0b09110 JavaThread "Unconstrained build operations Thread 81"        [_thread_blocked, id=28768, stack(0x0000009ac6c00000,0x0000009ac6d00000) (1024K)]
  0x000001efa0b0bf00 JavaThread "Unconstrained build operations Thread 82"        [_thread_blocked, id=27612, stack(0x0000009ac6d00000,0x0000009ac6e00000) (1024K)]
  0x000001efa0b08a80 JavaThread "Unconstrained build operations Thread 83"        [_thread_blocked, id=23276, stack(0x0000009ac6e00000,0x0000009ac6f00000) (1024K)]
  0x000001efa0b0cc20 JavaThread "Unconstrained build operations Thread 84"        [_thread_blocked, id=26660, stack(0x0000009ac6f00000,0x0000009ac7000000) (1024K)]
  0x000001efa0b0c590 JavaThread "Unconstrained build operations Thread 85"        [_thread_blocked, id=2552, stack(0x0000009ac7000000,0x0000009ac7100000) (1024K)]
  0x000001efa0b0d2b0 JavaThread "Unconstrained build operations Thread 86"        [_thread_blocked, id=11504, stack(0x0000009ac7100000,0x0000009ac7200000) (1024K)]
  0x000001efa085d8f0 JavaThread "Unconstrained build operations Thread 87"        [_thread_blocked, id=3324, stack(0x0000009ac7200000,0x0000009ac7300000) (1024K)]
  0x000001efa04d65d0 JavaThread "Unconstrained build operations Thread 88"        [_thread_blocked, id=30096, stack(0x0000009ac7300000,0x0000009ac7400000) (1024K)]
  0x000001ef9f3f7ea0 JavaThread "Unconstrained build operations Thread 89"        [_thread_blocked, id=28600, stack(0x0000009ac7400000,0x0000009ac7500000) (1024K)]
  0x000001efa095c380 JavaThread "Unconstrained build operations Thread 90"        [_thread_blocked, id=27788, stack(0x0000009ac7500000,0x0000009ac7600000) (1024K)]
  0x000001efa095d730 JavaThread "Unconstrained build operations Thread 91"        [_thread_blocked, id=25928, stack(0x0000009ac7600000,0x0000009ac7700000) (1024K)]
  0x000001efa095e450 JavaThread "Unconstrained build operations Thread 92"        [_thread_blocked, id=25848, stack(0x0000009ac7700000,0x0000009ac7800000) (1024K)]
  0x000001efa095afd0 JavaThread "Unconstrained build operations Thread 93"        [_thread_blocked, id=26712, stack(0x0000009ac7800000,0x0000009ac7900000) (1024K)]
  0x000001efa095ca10 JavaThread "Unconstrained build operations Thread 94"        [_thread_blocked, id=25960, stack(0x0000009ac7900000,0x0000009ac7a00000) (1024K)]
  0x000001efa095bcf0 JavaThread "Unconstrained build operations Thread 95"        [_thread_blocked, id=572, stack(0x0000009ac7a00000,0x0000009ac7b00000) (1024K)]
  0x000001efa095d0a0 JavaThread "Unconstrained build operations Thread 96"        [_thread_blocked, id=25956, stack(0x0000009ac7b00000,0x0000009ac7c00000) (1024K)]
  0x000001efa095ddc0 JavaThread "Unconstrained build operations Thread 97"        [_thread_blocked, id=11348, stack(0x0000009ac7c00000,0x0000009ac7d00000) (1024K)]
  0x000001efa095eae0 JavaThread "Unconstrained build operations Thread 98"        [_thread_blocked, id=10116, stack(0x0000009ac7d00000,0x0000009ac7e00000) (1024K)]
  0x000001efa095b660 JavaThread "Unconstrained build operations Thread 99"        [_thread_blocked, id=28276, stack(0x0000009ac7e00000,0x0000009ac7f00000) (1024K)]
  0x000001efa095f800 JavaThread "Unconstrained build operations Thread 100"        [_thread_blocked, id=12552, stack(0x0000009ac7f00000,0x0000009ac8000000) (1024K)]
  0x000001efa0960bb0 JavaThread "Unconstrained build operations Thread 101"        [_thread_blocked, id=22024, stack(0x0000009ac8000000,0x0000009ac8100000) (1024K)]
  0x000001efa0960520 JavaThread "Unconstrained build operations Thread 102"        [_thread_blocked, id=19616, stack(0x0000009ac8100000,0x0000009ac8200000) (1024K)]
  0x000001efa095fe90 JavaThread "Unconstrained build operations Thread 103"        [_thread_blocked, id=16740, stack(0x0000009ac8200000,0x0000009ac8300000) (1024K)]
  0x000001efa09618d0 JavaThread "Unconstrained build operations Thread 104"        [_thread_blocked, id=18544, stack(0x0000009ac8300000,0x0000009ac8400000) (1024K)]
  0x000001efa0961240 JavaThread "Unconstrained build operations Thread 105"        [_thread_blocked, id=27616, stack(0x0000009ac8400000,0x0000009ac8500000) (1024K)]
  0x000001efa0961f60 JavaThread "Unconstrained build operations Thread 106"        [_thread_blocked, id=26872, stack(0x0000009ac8500000,0x0000009ac8600000) (1024K)]
  0x000001efa09625f0 JavaThread "Unconstrained build operations Thread 107"        [_thread_blocked, id=18732, stack(0x0000009ac8600000,0x0000009ac8700000) (1024K)]
  0x000001efa095f170 JavaThread "Unconstrained build operations Thread 108"        [_thread_blocked, id=26452, stack(0x0000009ac8700000,0x0000009ac8800000) (1024K)]
  0x000001efa2aecc20 JavaThread "Unconstrained build operations Thread 109"        [_thread_blocked, id=5952, stack(0x0000009ac8800000,0x0000009ac8900000) (1024K)]
=>0x000001ef9f75a630 JavaThread "C2 CompilerThread1"         daemon [_thread_in_native, id=27500, stack(0x0000009ac2200000,0x0000009ac2300000) (1024K)]
  0x000001ef9f75ad00 JavaThread "C2 CompilerThread2"         daemon [_thread_blocked, id=7196, stack(0x0000009ac2300000,0x0000009ac2400000) (1024K)]
Total: 168

Other Threads:
  0x000001ef54e3c110 VMThread "VM Thread"                           [id=10196, stack(0x0000009abd400000,0x0000009abd500000) (1024K)]
  0x000001ef54e29a00 WatcherThread "VM Periodic Task Thread"        [id=26844, stack(0x0000009abd300000,0x0000009abd400000) (1024K)]
  0x000001ef391a8ae0 WorkerThread "GC Thread#0"                     [id=21212, stack(0x0000009abce00000,0x0000009abcf00000) (1024K)]
  0x000001ef9b12f750 WorkerThread "GC Thread#1"                     [id=12140, stack(0x0000009abe100000,0x0000009abe200000) (1024K)]
  0x000001ef9b19bdc0 WorkerThread "GC Thread#2"                     [id=15900, stack(0x0000009abe200000,0x0000009abe300000) (1024K)]
  0x000001ef9b19c160 WorkerThread "GC Thread#3"                     [id=9288, stack(0x0000009abe300000,0x0000009abe400000) (1024K)]
  0x000001ef9b19c500 WorkerThread "GC Thread#4"                     [id=25996, stack(0x0000009abe400000,0x0000009abe500000) (1024K)]
  0x000001ef9c5bad20 WorkerThread "GC Thread#5"                     [id=21748, stack(0x0000009abe500000,0x0000009abe600000) (1024K)]
  0x000001ef9c5bb0c0 WorkerThread "GC Thread#6"                     [id=23136, stack(0x0000009abe600000,0x0000009abe700000) (1024K)]
  0x000001ef9c5bc070 WorkerThread "GC Thread#7"                     [id=27144, stack(0x0000009abe700000,0x0000009abe800000) (1024K)]
  0x000001ef9c5bc410 WorkerThread "GC Thread#8"                     [id=29168, stack(0x0000009abe800000,0x0000009abe900000) (1024K)]
  0x000001ef9fedb010 WorkerThread "GC Thread#9"                     [id=19476, stack(0x0000009abf500000,0x0000009abf600000) (1024K)]
  0x000001ef391b99d0 ConcurrentGCThread "G1 Main Marker"            [id=29528, stack(0x0000009abcf00000,0x0000009abd000000) (1024K)]
  0x000001ef391bc110 WorkerThread "G1 Conc#0"                       [id=10328, stack(0x0000009abd000000,0x0000009abd100000) (1024K)]
  0x000001ef9f1d6be0 WorkerThread "G1 Conc#1"                       [id=27636, stack(0x0000009abf600000,0x0000009abf700000) (1024K)]
  0x000001ef9f24c9f0 WorkerThread "G1 Conc#2"                       [id=30572, stack(0x0000009abf700000,0x0000009abf800000) (1024K)]
  0x000001ef54cfa4b0 ConcurrentGCThread "G1 Refine#0"               [id=23684, stack(0x0000009abd100000,0x0000009abd200000) (1024K)]
  0x000001ef54cfadd0 ConcurrentGCThread "G1 Service"                [id=3428, stack(0x0000009abd200000,0x0000009abd300000) (1024K)]
Total: 18

Threads with active compile tasks:
C2 CompilerThread0  19997 12596 %     4       org.gradle.internal.instantiation.generator.AbstractClassGenerator::inspectType @ 107 (560 bytes)
C1 CompilerThread0  19997 12598       3       org.gradle.internal.instantiation.generator.AsmBackedClassGenerator$ClassBuilderImpl::addLazyGroovySupportSetterOverloads (30 bytes)
C2 CompilerThread1  19997 12480       4       java.lang.reflect.Method::getGenericInfo (28 bytes)
C2 CompilerThread2  19997 12593       4       groovy.lang.MetaClassImpl$1MOPIter::methodNameAction (325 bytes)
Total: 4

VM state: at safepoint (normal execution)

VM Mutex/Monitor currently owned by a thread:  ([mutex/lock_event])
[0x00007ffe6808e308] Threads_lock - owner thread: 0x000001ef54e3c110
[0x00007ffe6808e408] Heap_lock - owner thread: 0x000001ef9c89f390

Heap address: 0x0000000700000000, size: 4096 MB, Compressed Oops mode: Zero based, Oop shift amount: 3

CDS archive(s) mapped at: [0x000001ef56000000-0x000001ef56ba0000-0x000001ef56ba0000), size 12189696, SharedBaseAddress: 0x000001ef56000000, ArchiveRelocationMode: 1.
Compressed class space mapped at: 0x000001ef57000000-0x000001ef97000000, reserved size: 1073741824
Narrow klass base: 0x000001ef56000000, Narrow klass shift: 0, Narrow klass range: 0x100000000

GC Precious Log:
 CardTable entry size: 512
 Card Set container configuration: InlinePtr #cards 4 size 8 Array Of Cards #cards 16 size 48 Howl #buckets 8 coarsen threshold 3686 Howl Bitmap #cards 512 size 80 coarsen threshold 460 Card regions per heap region 1 cards per card region 4096
 CPUs: 12 total, 12 available
 Memory: 15296M
 Large Page Support: Disabled
 NUMA Support: Disabled
 Compressed Oops: Enabled (Zero based)
 Heap Region Size: 2M
 Heap Min Capacity: 8M
 Heap Initial Capacity: 240M
 Heap Max Capacity: 4G
 Pre-touch: Disabled
 Parallel Workers: 10
 Concurrent Workers: 3
 Concurrent Refinement Workers: 10
 Periodic GC: Disabled

Heap:
 garbage-first heap   total 235520K, used 202604K [0x0000000700000000, 0x0000000800000000)
  region size 2048K, 36 young (73728K), 5 survivors (10240K)
 Metaspace       used 90065K, committed 92544K, reserved 1179648K
  class space    used 12804K, committed 14016K, reserved 1048576K

Heap Regions: E=young(eden), S=young(survivor), O=old, HS=humongous(starts), HC=humongous(continues), CS=collection set, F=free, TAMS=top-at-mark-start, PB=parsable bottom
|   0|0x0000000700000000, 0x0000000700200000, 0x0000000700200000|100%| O|  |TAMS 0x0000000700000000| PB 0x0000000700000000| Untracked 
|   1|0x0000000700200000, 0x0000000700400000, 0x0000000700400000|100%|HS|  |TAMS 0x0000000700200000| PB 0x0000000700200000| Complete 
|   2|0x0000000700400000, 0x0000000700600000, 0x0000000700600000|100%|HC|  |TAMS 0x0000000700400000| PB 0x0000000700400000| Complete 
|   3|0x0000000700600000, 0x0000000700800000, 0x0000000700800000|100%| O|  |TAMS 0x0000000700600000| PB 0x0000000700600000| Untracked 
|   4|0x0000000700800000, 0x0000000700a00000, 0x0000000700a00000|100%| O|  |TAMS 0x0000000700800000| PB 0x0000000700800000| Untracked 
|   5|0x0000000700a00000, 0x0000000700c00000, 0x0000000700c00000|100%| O|  |TAMS 0x0000000700a00000| PB 0x0000000700a00000| Untracked 
|   6|0x0000000700c00000, 0x0000000700e00000, 0x0000000700e00000|100%| O|  |TAMS 0x0000000700c00000| PB 0x0000000700c00000| Untracked 
|   7|0x0000000700e00000, 0x0000000701000000, 0x0000000701000000|100%| O|  |TAMS 0x0000000700e00000| PB 0x0000000700e00000| Untracked 
|   8|0x0000000701000000, 0x0000000701200000, 0x0000000701200000|100%| O|  |TAMS 0x0000000701000000| PB 0x0000000701000000| Untracked 
|   9|0x0000000701200000, 0x0000000701400000, 0x0000000701400000|100%| O|  |TAMS 0x0000000701200000| PB 0x0000000701200000| Untracked 
|  10|0x0000000701400000, 0x0000000701600000, 0x0000000701600000|100%| O|  |TAMS 0x0000000701400000| PB 0x0000000701400000| Untracked 
|  11|0x0000000701600000, 0x0000000701800000, 0x0000000701800000|100%| O|  |TAMS 0x0000000701600000| PB 0x0000000701600000| Untracked 
|  12|0x0000000701800000, 0x0000000701a00000, 0x0000000701a00000|100%| O|  |TAMS 0x0000000701800000| PB 0x0000000701800000| Untracked 
|  13|0x0000000701a00000, 0x0000000701c00000, 0x0000000701c00000|100%| O|  |TAMS 0x0000000701a00000| PB 0x0000000701a00000| Untracked 
|  14|0x0000000701c00000, 0x0000000701e00000, 0x0000000701e00000|100%|HS|  |TAMS 0x0000000701c00000| PB 0x0000000701c00000| Complete 
|  15|0x0000000701e00000, 0x0000000702000000, 0x0000000702000000|100%| O|  |TAMS 0x0000000701e00000| PB 0x0000000701e00000| Untracked 
|  16|0x0000000702000000, 0x0000000702200000, 0x0000000702200000|100%| O|Cm|TAMS 0x0000000702000000| PB 0x0000000702000000| Complete 
|  17|0x0000000702200000, 0x0000000702400000, 0x0000000702400000|100%| O|  |TAMS 0x0000000702200000| PB 0x0000000702200000| Untracked 
|  18|0x0000000702400000, 0x0000000702600000, 0x0000000702600000|100%| O|  |TAMS 0x0000000702400000| PB 0x0000000702400000| Untracked 
|  19|0x0000000702600000, 0x0000000702800000, 0x0000000702800000|100%| O|  |TAMS 0x0000000702600000| PB 0x0000000702600000| Untracked 
|  20|0x0000000702800000, 0x0000000702a00000, 0x0000000702a00000|100%| O|  |TAMS 0x0000000702800000| PB 0x0000000702800000| Untracked 
|  21|0x0000000702a00000, 0x0000000702c00000, 0x0000000702c00000|100%| O|  |TAMS 0x0000000702a00000| PB 0x0000000702a00000| Untracked 
|  22|0x0000000702c00000, 0x0000000702e00000, 0x0000000702e00000|100%| O|  |TAMS 0x0000000702c00000| PB 0x0000000702c00000| Untracked 
|  23|0x0000000702e00000, 0x0000000703000000, 0x0000000703000000|100%| O|  |TAMS 0x0000000702e00000| PB 0x0000000702e00000| Untracked 
|  24|0x0000000703000000, 0x0000000703200000, 0x0000000703200000|100%| O|Cm|TAMS 0x0000000703000000| PB 0x0000000703000000| Complete 
|  25|0x0000000703200000, 0x0000000703400000, 0x0000000703400000|100%| O|  |TAMS 0x0000000703200000| PB 0x0000000703200000| Untracked 
|  26|0x0000000703400000, 0x0000000703600000, 0x0000000703600000|100%| O|  |TAMS 0x0000000703400000| PB 0x0000000703400000| Untracked 
|  27|0x0000000703600000, 0x0000000703800000, 0x0000000703800000|100%| O|  |TAMS 0x0000000703600000| PB 0x0000000703600000| Untracked 
|  28|0x0000000703800000, 0x0000000703a00000, 0x0000000703a00000|100%| O|  |TAMS 0x0000000703800000| PB 0x0000000703800000| Untracked 
|  29|0x0000000703a00000, 0x0000000703c00000, 0x0000000703c00000|100%| O|  |TAMS 0x0000000703a00000| PB 0x0000000703a00000| Untracked 
|  30|0x0000000703c00000, 0x0000000703e00000, 0x0000000703e00000|100%|HS|  |TAMS 0x0000000703c00000| PB 0x0000000703c00000| Complete 
|  31|0x0000000703e00000, 0x0000000704000000, 0x0000000704000000|100%|HC|  |TAMS 0x0000000703e00000| PB 0x0000000703e00000| Complete 
|  32|0x0000000704000000, 0x0000000704200000, 0x0000000704200000|100%|HS|  |TAMS 0x0000000704000000| PB 0x0000000704000000| Complete 
|  33|0x0000000704200000, 0x0000000704400000, 0x0000000704400000|100%|HS|  |TAMS 0x0000000704200000| PB 0x0000000704200000| Complete 
|  34|0x0000000704400000, 0x0000000704600000, 0x0000000704600000|100%|HC|  |TAMS 0x0000000704400000| PB 0x0000000704400000| Complete 
|  35|0x0000000704600000, 0x0000000704800000, 0x0000000704800000|100%| O|  |TAMS 0x0000000704600000| PB 0x0000000704600000| Untracked 
|  36|0x0000000704800000, 0x0000000704a00000, 0x0000000704a00000|100%|HS|  |TAMS 0x0000000704800000| PB 0x0000000704800000| Complete 
|  37|0x0000000704a00000, 0x0000000704c00000, 0x0000000704c00000|100%| O|  |TAMS 0x0000000704a00000| PB 0x0000000704a00000| Untracked 
|  38|0x0000000704c00000, 0x0000000704e00000, 0x0000000704e00000|100%| O|  |TAMS 0x0000000704c00000| PB 0x0000000704c00000| Untracked 
|  39|0x0000000704e00000, 0x0000000705000000, 0x0000000705000000|100%| O|  |TAMS 0x0000000704e00000| PB 0x0000000704e00000| Untracked 
|  40|0x0000000705000000, 0x0000000705200000, 0x0000000705200000|100%| O|  |TAMS 0x0000000705000000| PB 0x0000000705000000| Untracked 
|  41|0x0000000705200000, 0x0000000705400000, 0x0000000705400000|100%| O|  |TAMS 0x0000000705200000| PB 0x0000000705200000| Untracked 
|  42|0x0000000705400000, 0x0000000705600000, 0x0000000705600000|100%| O|  |TAMS 0x0000000705400000| PB 0x0000000705400000| Untracked 
|  43|0x0000000705600000, 0x000000070572e370, 0x0000000705800000| 59%| O|  |TAMS 0x0000000705600000| PB 0x0000000705600000| Untracked 
|  44|0x0000000705800000, 0x0000000705a00000, 0x0000000705a00000|100%| O|  |TAMS 0x0000000705800000| PB 0x0000000705800000| Untracked 
|  45|0x0000000705a00000, 0x0000000705c00000, 0x0000000705c00000|100%|HS|  |TAMS 0x0000000705a00000| PB 0x0000000705a00000| Complete 
|  46|0x0000000705c00000, 0x0000000705e00000, 0x0000000705e00000|100%|HC|  |TAMS 0x0000000705c00000| PB 0x0000000705c00000| Complete 
|  47|0x0000000705e00000, 0x0000000706000000, 0x0000000706000000|100%| O|  |TAMS 0x0000000705e00000| PB 0x0000000705e00000| Untracked 
|  48|0x0000000706000000, 0x0000000706200000, 0x0000000706200000|100%| O|  |TAMS 0x0000000706000000| PB 0x0000000706000000| Untracked 
|  49|0x0000000706200000, 0x0000000706400000, 0x0000000706400000|100%| O|  |TAMS 0x0000000706200000| PB 0x0000000706200000| Untracked 
|  50|0x0000000706400000, 0x0000000706600000, 0x0000000706600000|100%|HS|  |TAMS 0x0000000706400000| PB 0x0000000706400000| Complete 
|  51|0x0000000706600000, 0x0000000706800000, 0x0000000706800000|100%|HC|  |TAMS 0x0000000706600000| PB 0x0000000706600000| Complete 
|  52|0x0000000706800000, 0x0000000706a00000, 0x0000000706a00000|100%|HS|  |TAMS 0x0000000706800000| PB 0x0000000706800000| Complete 
|  53|0x0000000706a00000, 0x0000000706c00000, 0x0000000706c00000|100%| O|  |TAMS 0x0000000706a00000| PB 0x0000000706a00000| Untracked 
|  54|0x0000000706c00000, 0x0000000706e00000, 0x0000000706e00000|100%| O|  |TAMS 0x0000000706c00000| PB 0x0000000706c00000| Untracked 
|  55|0x0000000706e00000, 0x0000000707000000, 0x0000000707000000|100%| O|  |TAMS 0x0000000706e00000| PB 0x0000000706e00000| Untracked 
|  56|0x0000000707000000, 0x0000000707200000, 0x0000000707200000|100%| O|  |TAMS 0x0000000707000000| PB 0x0000000707000000| Untracked 
|  57|0x0000000707200000, 0x0000000707200000, 0x0000000707400000|  0%| F|  |TAMS 0x0000000707200000| PB 0x0000000707200000| Untracked 
|  58|0x0000000707400000, 0x0000000707400000, 0x0000000707600000|  0%| F|  |TAMS 0x0000000707400000| PB 0x0000000707400000| Untracked 
|  59|0x0000000707600000, 0x0000000707600000, 0x0000000707800000|  0%| F|  |TAMS 0x0000000707600000| PB 0x0000000707600000| Untracked 
|  60|0x0000000707800000, 0x0000000707800000, 0x0000000707a00000|  0%| F|  |TAMS 0x0000000707800000| PB 0x0000000707800000| Untracked 
|  61|0x0000000707a00000, 0x0000000707a00000, 0x0000000707c00000|  0%| F|  |TAMS 0x0000000707a00000| PB 0x0000000707a00000| Untracked 
|  62|0x0000000707c00000, 0x0000000707c00000, 0x0000000707e00000|  0%| F|  |TAMS 0x0000000707c00000| PB 0x0000000707c00000| Untracked 
|  63|0x0000000707e00000, 0x0000000708000000, 0x0000000708000000|100%| O|  |TAMS 0x0000000707e00000| PB 0x0000000707e00000| Untracked 
|  64|0x0000000708000000, 0x0000000708200000, 0x0000000708200000|100%| O|  |TAMS 0x0000000708000000| PB 0x0000000708000000| Untracked 
|  65|0x0000000708200000, 0x0000000708400000, 0x0000000708400000|100%| O|  |TAMS 0x0000000708200000| PB 0x0000000708200000| Untracked 
|  66|0x0000000708400000, 0x0000000708600000, 0x0000000708600000|100%| O|  |TAMS 0x0000000708400000| PB 0x0000000708400000| Untracked 
|  67|0x0000000708600000, 0x0000000708600000, 0x0000000708800000|  0%| F|  |TAMS 0x0000000708600000| PB 0x0000000708600000| Untracked 
|  68|0x0000000708800000, 0x0000000708800000, 0x0000000708a00000|  0%| F|  |TAMS 0x0000000708800000| PB 0x0000000708800000| Untracked 
|  69|0x0000000708a00000, 0x0000000708a00000, 0x0000000708c00000|  0%| F|  |TAMS 0x0000000708a00000| PB 0x0000000708a00000| Untracked 
|  70|0x0000000708c00000, 0x0000000708c00000, 0x0000000708e00000|  0%| F|  |TAMS 0x0000000708c00000| PB 0x0000000708c00000| Untracked 
|  71|0x0000000708e00000, 0x0000000708e00000, 0x0000000709000000|  0%| F|  |TAMS 0x0000000708e00000| PB 0x0000000708e00000| Untracked 
|  72|0x0000000709000000, 0x0000000709000000, 0x0000000709200000|  0%| F|  |TAMS 0x0000000709000000| PB 0x0000000709000000| Untracked 
|  73|0x0000000709200000, 0x00000007092c7058, 0x0000000709400000| 38%| S|CS|TAMS 0x0000000709200000| PB 0x0000000709200000| Complete 
|  74|0x0000000709400000, 0x0000000709600000, 0x0000000709600000|100%| S|CS|TAMS 0x0000000709400000| PB 0x0000000709400000| Complete 
|  75|0x0000000709600000, 0x0000000709800000, 0x0000000709800000|100%| S|CS|TAMS 0x0000000709600000| PB 0x0000000709600000| Complete 
|  76|0x0000000709800000, 0x0000000709a00000, 0x0000000709a00000|100%| S|CS|TAMS 0x0000000709800000| PB 0x0000000709800000| Complete 
|  77|0x0000000709a00000, 0x0000000709c00000, 0x0000000709c00000|100%| S|CS|TAMS 0x0000000709a00000| PB 0x0000000709a00000| Complete 
|  78|0x0000000709c00000, 0x0000000709c00000, 0x0000000709e00000|  0%| F|  |TAMS 0x0000000709c00000| PB 0x0000000709c00000| Untracked 
|  79|0x0000000709e00000, 0x0000000709e00000, 0x000000070a000000|  0%| F|  |TAMS 0x0000000709e00000| PB 0x0000000709e00000| Untracked 
|  80|0x000000070a000000, 0x000000070a000000, 0x000000070a200000|  0%| F|  |TAMS 0x000000070a000000| PB 0x000000070a000000| Untracked 
|  81|0x000000070a200000, 0x000000070a200000, 0x000000070a400000|  0%| F|  |TAMS 0x000000070a200000| PB 0x000000070a200000| Untracked 
|  82|0x000000070a400000, 0x000000070a400000, 0x000000070a600000|  0%| F|  |TAMS 0x000000070a400000| PB 0x000000070a400000| Untracked 
|  83|0x000000070a600000, 0x000000070a600000, 0x000000070a800000|  0%| F|  |TAMS 0x000000070a600000| PB 0x000000070a600000| Untracked 
|  84|0x000000070a800000, 0x000000070a800000, 0x000000070aa00000|  0%| F|  |TAMS 0x000000070a800000| PB 0x000000070a800000| Untracked 
|  85|0x000000070aa00000, 0x000000070aa00000, 0x000000070ac00000|  0%| F|  |TAMS 0x000000070aa00000| PB 0x000000070aa00000| Untracked 
|  86|0x000000070ac00000, 0x000000070ac00000, 0x000000070ae00000|  0%| F|  |TAMS 0x000000070ac00000| PB 0x000000070ac00000| Untracked 
|  87|0x000000070ae00000, 0x000000070ae00000, 0x000000070b000000|  0%| F|  |TAMS 0x000000070ae00000| PB 0x000000070ae00000| Untracked 
|  88|0x000000070b000000, 0x000000070b000000, 0x000000070b200000|  0%| F|  |TAMS 0x000000070b000000| PB 0x000000070b000000| Untracked 
|  89|0x000000070b200000, 0x000000070b200000, 0x000000070b400000|  0%| F|  |TAMS 0x000000070b200000| PB 0x000000070b200000| Untracked 
|  90|0x000000070b400000, 0x000000070b400000, 0x000000070b600000|  0%| F|  |TAMS 0x000000070b400000| PB 0x000000070b400000| Untracked 
|  91|0x000000070b600000, 0x000000070b600000, 0x000000070b800000|  0%| F|  |TAMS 0x000000070b600000| PB 0x000000070b600000| Untracked 
|  92|0x000000070b800000, 0x000000070b800000, 0x000000070ba00000|  0%| F|  |TAMS 0x000000070b800000| PB 0x000000070b800000| Untracked 
|  93|0x000000070ba00000, 0x000000070ba00000, 0x000000070bc00000|  0%| F|  |TAMS 0x000000070ba00000| PB 0x000000070ba00000| Untracked 
|  94|0x000000070bc00000, 0x000000070bc00000, 0x000000070be00000|  0%| F|  |TAMS 0x000000070bc00000| PB 0x000000070bc00000| Untracked 
|  95|0x000000070be00000, 0x000000070be00000, 0x000000070c000000|  0%| F|  |TAMS 0x000000070be00000| PB 0x000000070be00000| Untracked 
|  96|0x000000070c000000, 0x000000070c000000, 0x000000070c200000|  0%| F|  |TAMS 0x000000070c000000| PB 0x000000070c000000| Untracked 
|  97|0x000000070c200000, 0x000000070c200000, 0x000000070c400000|  0%| F|  |TAMS 0x000000070c200000| PB 0x000000070c200000| Untracked 
|  98|0x000000070c400000, 0x000000070c400000, 0x000000070c600000|  0%| F|  |TAMS 0x000000070c400000| PB 0x000000070c400000| Untracked 
|  99|0x000000070c600000, 0x000000070c600000, 0x000000070c800000|  0%| F|  |TAMS 0x000000070c600000| PB 0x000000070c600000| Untracked 
| 100|0x000000070c800000, 0x000000070c800000, 0x000000070ca00000|  0%| F|  |TAMS 0x000000070c800000| PB 0x000000070c800000| Untracked 
| 101|0x000000070ca00000, 0x000000070ca00000, 0x000000070cc00000|  0%| F|  |TAMS 0x000000070ca00000| PB 0x000000070ca00000| Untracked 
| 102|0x000000070cc00000, 0x000000070cc00000, 0x000000070ce00000|  0%| F|  |TAMS 0x000000070cc00000| PB 0x000000070cc00000| Untracked 
| 103|0x000000070ce00000, 0x000000070ce00000, 0x000000070d000000|  0%| F|  |TAMS 0x000000070ce00000| PB 0x000000070ce00000| Untracked 
| 104|0x000000070d000000, 0x000000070d000000, 0x000000070d200000|  0%| F|  |TAMS 0x000000070d000000| PB 0x000000070d000000| Untracked 
| 105|0x000000070d200000, 0x000000070d200000, 0x000000070d400000|  0%| F|  |TAMS 0x000000070d200000| PB 0x000000070d200000| Untracked 
| 119|0x000000070ee00000, 0x000000070ee00000, 0x000000070f000000|  0%| F|  |TAMS 0x000000070ee00000| PB 0x000000070ee00000| Untracked 
|2040|0x00000007ff000000, 0x00000007ff200000, 0x00000007ff200000|100%| O|  |TAMS 0x00000007ff000000| PB 0x00000007ff000000| Untracked 
|2041|0x00000007ff200000, 0x00000007ff200000, 0x00000007ff400000|  0%| F|  |TAMS 0x00000007ff200000| PB 0x00000007ff200000| Untracked 
|2042|0x00000007ff400000, 0x00000007ff4f70b0, 0x00000007ff600000| 48%| E|  |TAMS 0x00000007ff400000| PB 0x00000007ff400000| Complete 
|2043|0x00000007ff600000, 0x00000007ff800000, 0x00000007ff800000|100%| O|  |TAMS 0x00000007ff600000| PB 0x00000007ff600000| Untracked 
|2044|0x00000007ff800000, 0x00000007ffa00000, 0x00000007ffa00000|100%| O|  |TAMS 0x00000007ff800000| PB 0x00000007ff800000| Untracked 
|2045|0x00000007ffa00000, 0x00000007ffc00000, 0x00000007ffc00000|100%| O|  |TAMS 0x00000007ffa00000| PB 0x00000007ffa00000| Untracked 
|2046|0x00000007ffc00000, 0x00000007ffe00000, 0x00000007ffe00000|100%| O|  |TAMS 0x00000007ffc00000| PB 0x00000007ffc00000| Untracked 
|2047|0x00000007ffe00000, 0x0000000800000000, 0x0000000800000000|100%| O|  |TAMS 0x00000007ffe00000| PB 0x00000007ffe00000| Untracked 

Card table byte_map: [0x000001ef4e0b0000,0x000001ef4e8b0000] _byte_map_base: 0x000001ef4a8b0000

Marking Bits: (CMBitMap*) 0x000001ef391a90f0
 Bits: [0x000001ef4e8b0000, 0x000001ef528b0000)

Polling page: 0x000001ef3aac0000

Metaspace:

Usage:
  Non-class:     75.48 MB used.
      Class:     12.51 MB used.
       Both:     87.99 MB used.

Virtual space:
  Non-class space:      128.00 MB reserved,      76.75 MB ( 60%) committed,  2 nodes.
      Class space:        1.00 GB reserved,      13.69 MB (  1%) committed,  1 nodes.
             Both:        1.12 GB reserved,      90.44 MB (  8%) committed. 

Chunk freelists:
   Non-Class:  2.61 MB
       Class:  2.28 MB
        Both:  4.89 MB

MaxMetaspaceSize: 2.00 GB
CompressedClassSpaceSize: 1.00 GB
Initial GC threshold: 21.00 MB
Current GC threshold: 147.94 MB
CDS: on
 - commit_granule_bytes: 65536.
 - commit_granule_words: 8192.
 - virtual_space_node_default_size: 8388608.
 - enlarge_chunks_in_place: 1.
 - use_allocation_guard: 0.


Internal statistics:

num_allocs_failed_limit: 12.
num_arena_births: 4080.
num_arena_deaths: 0.
num_vsnodes_births: 3.
num_vsnodes_deaths: 0.
num_space_committed: 1447.
num_space_uncommitted: 0.
num_chunks_returned_to_freelist: 12.
num_chunks_taken_from_freelist: 8440.
num_chunk_merges: 6.
num_chunk_splits: 5394.
num_chunks_enlarged: 3317.
num_inconsistent_stats: 0.

CodeHeap 'non-profiled nmethods': size=120000Kb used=7648Kb max_used=7648Kb free=112351Kb
 bounds [0x000001ef45700000, 0x000001ef45e80000, 0x000001ef4cc30000]
CodeHeap 'profiled nmethods': size=120000Kb used=19132Kb max_used=19148Kb free=100867Kb
 bounds [0x000001ef3dc30000, 0x000001ef3ef00000, 0x000001ef45160000]
CodeHeap 'non-nmethods': size=5760Kb used=2853Kb max_used=2889Kb free=2906Kb
 bounds [0x000001ef45160000, 0x000001ef45440000, 0x000001ef45700000]
 total_blobs=11350 nmethods=10395 adapters=857
 compilation: enabled
              stopped_count=0, restarted_count=0
 full_count=0

Compilation events (20 events):
Event: 16.213 Thread 0x000001ef556390d0 12494       3       groovyjarjarasm.asm.Handler::getExceptionTableSize (10 bytes)
Event: 16.213 Thread 0x000001ef556390d0 nmethod 12494 0x000001ef3e8f3c10 code [0x000001ef3e8f3dc0, 0x000001ef3e8f3fb8]
Event: 16.213 Thread 0x000001ef556390d0 12495       3       groovyjarjarasm.asm.ByteVector::putByteArray (49 bytes)
Event: 16.213 Thread 0x000001ef556390d0 nmethod 12495 0x000001ef3e9b6390 code [0x000001ef3e9b6560, 0x000001ef3e9b6828]
Event: 16.213 Thread 0x000001ef556390d0 12493       3       groovyjarjarasm.asm.SymbolTable$Entry::<init> (20 bytes)
Event: 16.213 Thread 0x000001ef556390d0 nmethod 12493 0x000001ef3e6c2d10 code [0x000001ef3e6c2ec0, 0x000001ef3e6c3018]
Event: 16.214 Thread 0x000001ef556390d0 12496       3       org.gradle.internal.metaobject.DynamicInvokeResult::notFound (4 bytes)
Event: 16.214 Thread 0x000001ef556390d0 nmethod 12496 0x000001ef3dc59a10 code [0x000001ef3dc59ba0, 0x000001ef3dc59c98]
Event: 16.220 Thread 0x000001ef556390d0 12500       3       org.codehaus.groovy.runtime.callsite.MetaClassSite::<init> (11 bytes)
Event: 16.220 Thread 0x000001ef556390d0 nmethod 12500 0x000001ef3dec7f90 code [0x000001ef3dec8160, 0x000001ef3dec86d8]
Event: 16.232 Thread 0x000001ef556390d0 12501       3       sun.management.spi.PlatformMBeanProvider$PlatformComponent::getMBeans (87 bytes)
Event: 16.232 Thread 0x000001ef556390d0 nmethod 12501 0x000001ef3e795410 code [0x000001ef3e7957a0, 0x000001ef3e796e30]
Event: 16.232 Thread 0x000001ef556390d0 12502       3       java.lang.management.ManagementFactory$$Lambda/0x000001ef57071870::apply (12 bytes)
Event: 16.233 Thread 0x000001ef556390d0 nmethod 12502 0x000001ef3e7f5610 code [0x000001ef3e7f57e0, 0x000001ef3e7f5bf8]
Event: 16.233 Thread 0x000001ef556390d0 12503       3       java.lang.management.ManagementFactory::lambda$getPlatformMXBeans$3 (13 bytes)
Event: 16.233 Thread 0x000001ef556390d0 nmethod 12503 0x000001ef3e794e10 code [0x000001ef3e794fe0, 0x000001ef3e795260]
Event: 17.228 Thread 0x000001ef556390d0 12504       3       java.util.Collections$EmptyList::spliterator (4 bytes)
Event: 17.229 Thread 0x000001ef556390d0 nmethod 12504 0x000001ef3e707990 code [0x000001ef3e707b40, 0x000001ef3e707cb0]
Event: 17.229 Thread 0x000001ef556390d0 12505       3       sun.management.MemoryPoolImpl::getType (15 bytes)
Event: 17.229 Thread 0x000001ef556390d0 nmethod 12505 0x000001ef3e761110 code [0x000001ef3e7612c0, 0x000001ef3e761440]

GC Heap History (20 events):
Event: 12.553 GC heap before
{Heap before GC invocations=29 (full 0):
 garbage-first heap   total 151552K, used 130314K [0x0000000700000000, 0x0000000800000000)
  region size 2048K, 18 young (36864K), 3 survivors (6144K)
 Metaspace       used 72598K, committed 74752K, reserved 1114112K
  class space    used 10313K, committed 11392K, reserved 1048576K
}
Event: 12.555 GC heap after
{Heap after GC invocations=30 (full 0):
 garbage-first heap   total 151552K, used 102675K [0x0000000700000000, 0x0000000800000000)
  region size 2048K, 1 young (2048K), 1 survivors (2048K)
 Metaspace       used 72598K, committed 74752K, reserved 1114112K
  class space    used 10313K, committed 11392K, reserved 1048576K
}
Event: 12.779 GC heap before
{Heap before GC invocations=31 (full 0):
 garbage-first heap   total 174080K, used 135443K [0x0000000700000000, 0x0000000800000000)
  region size 2048K, 17 young (34816K), 1 survivors (2048K)
 Metaspace       used 74800K, committed 76992K, reserved 1179648K
  class space    used 10593K, committed 11648K, reserved 1048576K
}
Event: 12.781 GC heap after
{Heap after GC invocations=32 (full 0):
 garbage-first heap   total 174080K, used 104324K [0x0000000700000000, 0x0000000800000000)
  region size 2048K, 2 young (4096K), 2 survivors (4096K)
 Metaspace       used 74800K, committed 76992K, reserved 1179648K
  class space    used 10593K, committed 11648K, reserved 1048576K
}
Event: 13.247 GC heap before
{Heap before GC invocations=32 (full 0):
 garbage-first heap   total 174080K, used 151428K [0x0000000700000000, 0x0000000800000000)
  region size 2048K, 25 young (51200K), 2 survivors (4096K)
 Metaspace       used 78596K, committed 80896K, reserved 1179648K
  class space    used 11085K, committed 12224K, reserved 1048576K
}
Event: 13.250 GC heap after
{Heap after GC invocations=33 (full 0):
 garbage-first heap   total 174080K, used 106397K [0x0000000700000000, 0x0000000800000000)
  region size 2048K, 4 young (8192K), 4 survivors (8192K)
 Metaspace       used 78596K, committed 80896K, reserved 1179648K
  class space    used 11085K, committed 12224K, reserved 1048576K
}
Event: 13.267 GC heap before
{Heap before GC invocations=33 (full 0):
 garbage-first heap   total 174080K, used 108445K [0x0000000700000000, 0x0000000800000000)
  region size 2048K, 6 young (12288K), 4 survivors (8192K)
 Metaspace       used 78746K, committed 81024K, reserved 1179648K
  class space    used 11102K, committed 12224K, reserved 1048576K
}
Event: 13.270 GC heap after
{Heap after GC invocations=34 (full 0):
 garbage-first heap   total 174080K, used 107484K [0x0000000700000000, 0x0000000800000000)
  region size 2048K, 2 young (4096K), 2 survivors (4096K)
 Metaspace       used 78746K, committed 81024K, reserved 1179648K
  class space    used 11102K, committed 12224K, reserved 1048576K
}
Event: 13.628 GC heap before
{Heap before GC invocations=35 (full 0):
 garbage-first heap   total 188416K, used 160732K [0x0000000700000000, 0x0000000800000000)
  region size 2048K, 26 young (53248K), 2 survivors (4096K)
 Metaspace       used 80048K, committed 82368K, reserved 1179648K
  class space    used 11268K, committed 12416K, reserved 1048576K
}
Event: 13.631 GC heap after
{Heap after GC invocations=36 (full 0):
 garbage-first heap   total 188416K, used 115194K [0x0000000700000000, 0x0000000800000000)
  region size 2048K, 4 young (8192K), 4 survivors (8192K)
 Metaspace       used 80048K, committed 82368K, reserved 1179648K
  class space    used 11268K, committed 12416K, reserved 1048576K
}
Event: 13.917 GC heap before
{Heap before GC invocations=36 (full 0):
 garbage-first heap   total 188416K, used 164346K [0x0000000700000000, 0x0000000800000000)
  region size 2048K, 29 young (59392K), 4 survivors (8192K)
 Metaspace       used 80304K, committed 82624K, reserved 1179648K
  class space    used 11277K, committed 12416K, reserved 1048576K
}
Event: 13.923 GC heap after
{Heap after GC invocations=37 (full 0):
 garbage-first heap   total 227328K, used 117572K [0x0000000700000000, 0x0000000800000000)
  region size 2048K, 4 young (8192K), 4 survivors (8192K)
 Metaspace       used 80304K, committed 82624K, reserved 1179648K
  class space    used 11277K, committed 12416K, reserved 1048576K
}
Event: 14.094 GC heap before
{Heap before GC invocations=37 (full 0):
 garbage-first heap   total 227328K, used 193348K [0x0000000700000000, 0x0000000800000000)
  region size 2048K, 42 young (86016K), 4 survivors (8192K)
 Metaspace       used 80305K, committed 82624K, reserved 1179648K
  class space    used 11277K, committed 12416K, reserved 1048576K
}
Event: 14.098 GC heap after
{Heap after GC invocations=38 (full 0):
 garbage-first heap   total 227328K, used 120488K [0x0000000700000000, 0x0000000800000000)
  region size 2048K, 4 young (8192K), 4 survivors (8192K)
 Metaspace       used 80305K, committed 82624K, reserved 1179648K
  class space    used 11277K, committed 12416K, reserved 1048576K
}
Event: 14.756 GC heap before
{Heap before GC invocations=39 (full 0):
 garbage-first heap   total 227328K, used 202408K [0x0000000700000000, 0x0000000800000000)
  region size 2048K, 42 young (86016K), 4 survivors (8192K)
 Metaspace       used 80448K, committed 82752K, reserved 1179648K
  class space    used 11293K, committed 12416K, reserved 1048576K
}
Event: 14.760 GC heap after
{Heap after GC invocations=40 (full 0):
 garbage-first heap   total 227328K, used 134431K [0x0000000700000000, 0x0000000800000000)
  region size 2048K, 6 young (12288K), 6 survivors (12288K)
 Metaspace       used 80448K, committed 82752K, reserved 1179648K
  class space    used 11293K, committed 12416K, reserved 1048576K
}
Event: 15.471 GC heap before
{Heap before GC invocations=40 (full 0):
 garbage-first heap   total 227328K, used 199967K [0x0000000700000000, 0x0000000800000000)
  region size 2048K, 38 young (77824K), 6 survivors (12288K)
 Metaspace       used 83744K, committed 86144K, reserved 1179648K
  class space    used 11747K, committed 12928K, reserved 1048576K
}
Event: 15.475 GC heap after
{Heap after GC invocations=41 (full 0):
 garbage-first heap   total 227328K, used 136757K [0x0000000700000000, 0x0000000800000000)
  region size 2048K, 3 young (6144K), 3 survivors (6144K)
 Metaspace       used 83744K, committed 86144K, reserved 1179648K
  class space    used 11747K, committed 12928K, reserved 1048576K
}
Event: 15.977 GC heap before
{Heap before GC invocations=41 (full 0):
 garbage-first heap   total 227328K, used 202293K [0x0000000700000000, 0x0000000800000000)
  region size 2048K, 35 young (71680K), 3 survivors (6144K)
 Metaspace       used 88064K, committed 90496K, reserved 1179648K
  class space    used 12517K, committed 13696K, reserved 1048576K
}
Event: 15.980 GC heap after
{Heap after GC invocations=42 (full 0):
 garbage-first heap   total 227328K, used 139116K [0x0000000700000000, 0x0000000800000000)
  region size 2048K, 4 young (8192K), 4 survivors (8192K)
 Metaspace       used 88064K, committed 90496K, reserved 1179648K
  class space    used 12517K, committed 13696K, reserved 1048576K
}

Dll operation events (14 events):
Event: 0.010 Loaded shared library C:\Users\TUF\.vscode\extensions\redhat.java-1.43.1-win32-x64\jre\21.0.7-win32-x86_64\bin\java.dll
Event: 0.075 Loaded shared library C:\Users\TUF\.vscode\extensions\redhat.java-1.43.1-win32-x64\jre\21.0.7-win32-x86_64\bin\zip.dll
Event: 0.096 Loaded shared library C:\Users\TUF\.vscode\extensions\redhat.java-1.43.1-win32-x64\jre\21.0.7-win32-x86_64\bin\instrument.dll
Event: 0.101 Loaded shared library C:\Users\TUF\.vscode\extensions\redhat.java-1.43.1-win32-x64\jre\21.0.7-win32-x86_64\bin\net.dll
Event: 0.102 Loaded shared library C:\Users\TUF\.vscode\extensions\redhat.java-1.43.1-win32-x64\jre\21.0.7-win32-x86_64\bin\nio.dll
Event: 0.105 Loaded shared library C:\Users\TUF\.vscode\extensions\redhat.java-1.43.1-win32-x64\jre\21.0.7-win32-x86_64\bin\zip.dll
Event: 0.279 Loaded shared library C:\Users\TUF\.vscode\extensions\redhat.java-1.43.1-win32-x64\jre\21.0.7-win32-x86_64\bin\jimage.dll
Event: 0.371 Loaded shared library C:\Users\TUF\.vscode\extensions\redhat.java-1.43.1-win32-x64\jre\21.0.7-win32-x86_64\bin\verify.dll
Event: 0.465 Loaded shared library C:\Users\TUF\.gradle\native\c067742578af261105cb4f569cf0c3c89f3d7b1fecec35dd04571415982c5e48\windows-amd64\native-platform.dll
Event: 0.476 Loaded shared library C:\Users\TUF\.gradle\native\100fb08df4bc3b14c8652ba06237920a3bd2aa13389f12d3474272988ae205f9\windows-amd64\native-platform-file-events.dll
Event: 1.189 Loaded shared library C:\Users\TUF\.vscode\extensions\redhat.java-1.43.1-win32-x64\jre\21.0.7-win32-x86_64\bin\management.dll
Event: 1.191 Loaded shared library C:\Users\TUF\.vscode\extensions\redhat.java-1.43.1-win32-x64\jre\21.0.7-win32-x86_64\bin\management_ext.dll
Event: 1.374 Loaded shared library C:\Users\TUF\.vscode\extensions\redhat.java-1.43.1-win32-x64\jre\21.0.7-win32-x86_64\bin\extnet.dll
Event: 1.486 Loaded shared library C:\Users\TUF\.vscode\extensions\redhat.java-1.43.1-win32-x64\jre\21.0.7-win32-x86_64\bin\sunmscapi.dll

Deoptimization events (20 events):
Event: 15.889 Thread 0x000001ef9c8a27a0 Uncommon trap: trap_request=0xffffff45 fr.pc=0x000001ef45c1ef8c relative=0x000000000000082c
Event: 15.889 Thread 0x000001ef9c8a27a0 Uncommon trap: reason=unstable_if action=reinterpret pc=0x000001ef45c1ef8c method=sun.nio.ch.IOUtil.writeFromNativeBuffer(Ljava/io/FileDescriptor;Ljava/nio/ByteBuffer;JZZILsun/nio/ch/NativeDispatcher;)I @ 153 c2
Event: 15.889 Thread 0x000001ef9c8a27a0 DEOPT PACKING pc=0x000001ef45c1ef8c sp=0x0000009abf1fefd0
Event: 15.889 Thread 0x000001ef9c8a27a0 DEOPT UNPACKING pc=0x000001ef451b46a2 sp=0x0000009abf1febf0 mode 2
Event: 15.891 Thread 0x000001ef9c8a27a0 Uncommon trap: trap_request=0xffffff45 fr.pc=0x000001ef45b861fc relative=0x000000000000013c
Event: 15.891 Thread 0x000001ef9c8a27a0 Uncommon trap: reason=unstable_if action=reinterpret pc=0x000001ef45b861fc method=java.lang.ThreadLocal.get(Ljava/lang/Thread;)Ljava/lang/Object; @ 7 c2
Event: 15.891 Thread 0x000001ef9c8a27a0 DEOPT PACKING pc=0x000001ef45b861fc sp=0x0000009abf1fe830
Event: 15.891 Thread 0x000001ef9c8a27a0 DEOPT UNPACKING pc=0x000001ef451b46a2 sp=0x0000009abf1fe758 mode 2
Event: 15.891 Thread 0x000001ef9c8a27a0 Uncommon trap: trap_request=0xffffff45 fr.pc=0x000001ef45cf12f4 relative=0x0000000000000854
Event: 15.891 Thread 0x000001ef9c8a27a0 Uncommon trap: reason=unstable_if action=reinterpret pc=0x000001ef45cf12f4 method=java.lang.ThreadLocal.setInitialValue(Ljava/lang/Thread;)Ljava/lang/Object; @ 12 c2
Event: 15.891 Thread 0x000001ef9c8a27a0 DEOPT PACKING pc=0x000001ef45cf12f4 sp=0x0000009abf1fe6f0
Event: 15.891 Thread 0x000001ef9c8a27a0 DEOPT UNPACKING pc=0x000001ef451b46a2 sp=0x0000009abf1fe6d0 mode 2
Event: 15.940 Thread 0x000001ef9c89f390 Uncommon trap: trap_request=0xffffff45 fr.pc=0x000001ef45de0cd4 relative=0x0000000000000534
Event: 15.940 Thread 0x000001ef9c89f390 Uncommon trap: reason=unstable_if action=reinterpret pc=0x000001ef45de0cd4 method=org.gradle.internal.snapshot.impl.AbstractValueProcessor.processValue(Ljava/lang/Object;Lorg/gradle/internal/snapshot/impl/AbstractValueProcessor$ValueVisitor;)Ljava/lang/Ob
Event: 15.940 Thread 0x000001ef9c89f390 DEOPT PACKING pc=0x000001ef45de0cd4 sp=0x0000009abeef49b0
Event: 15.940 Thread 0x000001ef9c89f390 DEOPT UNPACKING pc=0x000001ef451b46a2 sp=0x0000009abeef4948 mode 2
Event: 16.049 Thread 0x000001ef9c89f390 Uncommon trap: trap_request=0xffffff6e fr.pc=0x000001ef4582ce78 relative=0x0000000000000158
Event: 16.049 Thread 0x000001ef9c89f390 Uncommon trap: reason=loop_limit_check action=maybe_recompile pc=0x000001ef4582ce78 method=java.util.regex.Pattern$Start.match(Ljava/util/regex/Matcher;ILjava/lang/CharSequence;)Z @ 34 c2
Event: 16.049 Thread 0x000001ef9c89f390 DEOPT PACKING pc=0x000001ef4582ce78 sp=0x0000009abeef3ee0
Event: 16.049 Thread 0x000001ef9c89f390 DEOPT UNPACKING pc=0x000001ef451b46a2 sp=0x0000009abeef3e90 mode 2

Classes loaded (20 events):
Event: 16.179 Loading class java/lang/StringLatin1$CharsSpliterator
Event: 16.179 Loading class java/lang/StringLatin1$CharsSpliterator done
Event: 16.180 Loading class java/util/stream/IntPipeline$10
Event: 16.180 Loading class java/util/stream/IntPipeline$10 done
Event: 16.180 Loading class java/util/stream/ReduceOps$9
Event: 16.180 Loading class java/util/stream/ReduceOps$9 done
Event: 16.180 Loading class java/util/stream/ReduceOps$CountingSink$OfInt
Event: 16.180 Loading class java/util/stream/ReduceOps$CountingSink
Event: 16.180 Loading class java/util/stream/ReduceOps$CountingSink done
Event: 16.180 Loading class java/util/stream/ReduceOps$CountingSink$OfInt done
Event: 16.181 Loading class java/util/stream/IntPipeline$10$1
Event: 16.181 Loading class java/util/stream/IntPipeline$10$1 done
Event: 16.185 Loading class java/util/Collections$SingletonListBeanInfo
Event: 16.185 Loading class java/util/Collections$SingletonListBeanInfo done
Event: 16.186 Loading class java/util/Collections$SingletonListBeanInfo
Event: 16.186 Loading class java/util/Collections$SingletonListBeanInfo done
Event: 16.186 Loading class java/util/Collections$SingletonListCustomizer
Event: 16.186 Loading class java/util/Collections$SingletonListCustomizer done
Event: 16.186 Loading class java/util/Collections$SingletonListCustomizer
Event: 16.186 Loading class java/util/Collections$SingletonListCustomizer done

Classes unloaded (0 events):
No events

Classes redefined (0 events):
No events

Internal exceptions (20 events):
Event: 16.173 Thread 0x000001ef9c89f390 Exception <a 'java/lang/ClassNotFoundException'{0x000000070c2b0bc8}: org/gradle/api/internal/AbstractTaskCustomizer> (0x000000070c2b0bc8) 
thrown [s\src\hotspot\share\classfile\systemDictionary.cpp, line 312]
Event: 16.175 Thread 0x000001ef9c89f390 Exception <a 'java/lang/ClassNotFoundException'{0x000000070c3236f0}: org/gradle/api/DefaultTaskCustomizer> (0x000000070c3236f0) 
thrown [s\src\hotspot\share\classfile\systemDictionary.cpp, line 312]
Event: 16.177 Thread 0x000001ef9c89f390 Exception <a 'java/lang/ClassNotFoundException'{0x000000070c391c90}: com/google/gms/googleservices/GoogleServicesTaskCustomizer> (0x000000070c391c90) 
thrown [s\src\hotspot\share\classfile\systemDictionary.cpp, line 312]
Event: 16.179 Thread 0x000001ef9c89f390 Exception <a 'java/lang/NoSuchMethodError'{0x000000070c3b7790}: 'long java.lang.invoke.DirectMethodHandle$Holder.invokeStatic(java.lang.Object, java.lang.Object)'> (0x000000070c3b7790) 
thrown [s\src\hotspot\share\interpreter\linkResolver.cpp, line 773]
Event: 16.186 Thread 0x000001ef9c89f390 Exception <a 'java/lang/ClassNotFoundException'{0x000000070c110320}: java/util/Collections$SingletonListBeanInfo> (0x000000070c110320) 
thrown [s\src\hotspot\share\classfile\systemDictionary.cpp, line 312]
Event: 16.186 Thread 0x000001ef9c89f390 Exception <a 'java/lang/ClassNotFoundException'{0x000000070c11d140}: java/util/Collections$SingletonListCustomizer> (0x000000070c11d140) 
thrown [s\src\hotspot\share\classfile\systemDictionary.cpp, line 312]
Event: 16.191 Thread 0x000001ef9c89f390 Exception <a 'java/lang/ClassNotFoundException'{0x000000070c1e87a8}: org/gradle/api/internal/tasks/DefaultTaskContainer$TaskCreatingProvider_DecoratedBeanInfo> (0x000000070c1e87a8) 
thrown [s\src\hotspot\share\classfile\systemDictionary.cpp, line 312]
Event: 16.192 Thread 0x000001ef9c89f390 Exception <a 'java/lang/ClassNotFoundException'{0x000000070be07958}: org/gradle/api/internal/tasks/DefaultTaskContainer$TaskCreatingProviderBeanInfo> (0x000000070be07958) 
thrown [s\src\hotspot\share\classfile\systemDictionary.cpp, line 312]
Event: 16.193 Thread 0x000001ef9c89f390 Exception <a 'java/lang/ClassNotFoundException'{0x000000070be277e8}: org/gradle/api/internal/DefaultNamedDomainObjectCollection$AbstractDomainObjectCreatingProviderBeanInfo> (0x000000070be277e8) 
thrown [s\src\hotspot\share\classfile\systemDictionary.cpp, line 312]
Event: 16.193 Thread 0x000001ef9c89f390 Exception <a 'java/lang/ClassNotFoundException'{0x000000070be47498}: org/gradle/api/internal/DefaultNamedDomainObjectCollection$AbstractNamedDomainObjectProviderBeanInfo> (0x000000070be47498) 
thrown [s\src\hotspot\share\classfile\systemDictionary.cpp, line 312]
Event: 16.194 Thread 0x000001ef9c89f390 Exception <a 'java/lang/ClassNotFoundException'{0x000000070be66988}: org/gradle/api/internal/provider/AbstractMinimalProviderBeanInfo> (0x000000070be66988) 
thrown [s\src\hotspot\share\classfile\systemDictionary.cpp, line 312]
Event: 16.195 Thread 0x000001ef9c89f390 Exception <a 'java/lang/ClassNotFoundException'{0x000000070be85e68}: org/gradle/api/internal/provider/AbstractMinimalProviderCustomizer> (0x000000070be85e68) 
thrown [s\src\hotspot\share\classfile\systemDictionary.cpp, line 312]
Event: 16.196 Thread 0x000001ef9c89f390 Exception <a 'java/lang/ClassNotFoundException'{0x000000070bec5fa8}: org/gradle/api/internal/DefaultNamedDomainObjectCollection$AbstractNamedDomainObjectProviderCustomizer> (0x000000070bec5fa8) 
thrown [s\src\hotspot\share\classfile\systemDictionary.cpp, line 312]
Event: 16.198 Thread 0x000001ef9c89f390 Exception <a 'java/lang/ClassNotFoundException'{0x000000070bef72f0}: org/gradle/api/internal/DefaultNamedDomainObjectCollection$AbstractDomainObjectCreatingProviderCustomizer> (0x000000070bef72f0) 
thrown [s\src\hotspot\share\classfile\systemDictionary.cpp, line 312]
Event: 16.199 Thread 0x000001ef9c89f390 Exception <a 'java/lang/ClassNotFoundException'{0x000000070bf20150}: org/gradle/api/internal/tasks/DefaultTaskContainer$TaskCreatingProviderCustomizer> (0x000000070bf20150) 
thrown [s\src\hotspot\share\classfile\systemDictionary.cpp, line 312]
Event: 16.200 Thread 0x000001ef9c89f390 Exception <a 'java/lang/ClassNotFoundException'{0x000000070bf46368}: org/gradle/api/internal/tasks/DefaultTaskContainer$TaskCreatingProvider_DecoratedCustomizer> (0x000000070bf46368) 
thrown [s\src\hotspot\share\classfile\systemDictionary.cpp, line 312]
Event: 16.216 Thread 0x000001ef9c89f390 Exception <a 'java/lang/ClassNotFoundException'{0x000000070bc29298}: org/gradle/api/internal/StartParameterInternalBeanInfo> (0x000000070bc29298) 
thrown [s\src\hotspot\share\classfile\systemDictionary.cpp, line 312]
Event: 16.217 Thread 0x000001ef9c89f390 Exception <a 'java/lang/ClassNotFoundException'{0x000000070bc47010}: org/gradle/StartParameterBeanInfo> (0x000000070bc47010) 
thrown [s\src\hotspot\share\classfile\systemDictionary.cpp, line 312]
Event: 16.218 Thread 0x000001ef9c89f390 Exception <a 'java/lang/ClassNotFoundException'{0x000000070bc64820}: org/gradle/StartParameterCustomizer> (0x000000070bc64820) 
thrown [s\src\hotspot\share\classfile\systemDictionary.cpp, line 312]
Event: 16.219 Thread 0x000001ef9c89f390 Exception <a 'java/lang/ClassNotFoundException'{0x000000070bcca990}: org/gradle/api/internal/StartParameterInternalCustomizer> (0x000000070bcca990) 
thrown [s\src\hotspot\share\classfile\systemDictionary.cpp, line 312]

ZGC Phase Switch (0 events):
No events

VM Operations (20 events):
Event: 14.756 Executing VM operation: G1CollectForAllocation (G1 Evacuation Pause)
Event: 14.760 Executing VM operation: G1CollectForAllocation (G1 Evacuation Pause) done
Event: 14.943 Executing VM operation: HandshakeAllThreads (Deoptimize)
Event: 14.944 Executing VM operation: HandshakeAllThreads (Deoptimize) done
Event: 15.044 Executing VM operation: HandshakeAllThreads (Deoptimize)
Event: 15.044 Executing VM operation: HandshakeAllThreads (Deoptimize) done
Event: 15.470 Executing VM operation: G1CollectForAllocation (G1 Evacuation Pause)
Event: 15.475 Executing VM operation: G1CollectForAllocation (G1 Evacuation Pause) done
Event: 15.977 Executing VM operation: G1CollectForAllocation (G1 Evacuation Pause)
Event: 15.980 Executing VM operation: G1CollectForAllocation (G1 Evacuation Pause) done
Event: 16.024 Executing VM operation: G1PauseRemark
Event: 16.027 Executing VM operation: G1PauseRemark done
Event: 16.042 Executing VM operation: G1PauseCleanup
Event: 16.043 Executing VM operation: G1PauseCleanup done
Event: 16.209 Executing VM operation: HandshakeAllThreads (Deoptimize)
Event: 16.209 Executing VM operation: HandshakeAllThreads (Deoptimize) done
Event: 17.213 Executing VM operation: Cleanup
Event: 17.213 Executing VM operation: Cleanup done
Event: 18.219 Executing VM operation: Cleanup
Event: 18.219 Executing VM operation: Cleanup done

Memory protections (0 events):
No events

Nmethod flushes (20 events):
Event: 16.026 Thread 0x000001ef54e3c110 flushing  nmethod 0x000001ef3e8f5110
Event: 16.026 Thread 0x000001ef54e3c110 flushing  nmethod 0x000001ef3ea20890
Event: 16.026 Thread 0x000001ef54e3c110 flushing  nmethod 0x000001ef3ea8c290
Event: 16.026 Thread 0x000001ef54e3c110 flushing  nmethod 0x000001ef3ea8c690
Event: 16.026 Thread 0x000001ef54e3c110 flushing  nmethod 0x000001ef3dc53c10
Event: 16.026 Thread 0x000001ef54e3c110 flushing  nmethod 0x000001ef3dc9cc10
Event: 16.026 Thread 0x000001ef54e3c110 flushing  nmethod 0x000001ef3dd17a90
Event: 16.026 Thread 0x000001ef54e3c110 flushing  nmethod 0x000001ef3dec7f90
Event: 16.026 Thread 0x000001ef54e3c110 flushing  nmethod 0x000001ef3e062890
Event: 16.026 Thread 0x000001ef54e3c110 flushing  nmethod 0x000001ef3e53ca90
Event: 16.026 Thread 0x000001ef54e3c110 flushing  nmethod 0x000001ef3e53df10
Event: 16.026 Thread 0x000001ef54e3c110 flushing  nmethod 0x000001ef3e6c2d10
Event: 16.026 Thread 0x000001ef54e3c110 flushing  nmethod 0x000001ef3e725a10
Event: 16.026 Thread 0x000001ef54e3c110 flushing  nmethod 0x000001ef3e726390
Event: 16.026 Thread 0x000001ef54e3c110 flushing  nmethod 0x000001ef3e771a90
Event: 16.026 Thread 0x000001ef54e3c110 flushing  nmethod 0x000001ef3e773e90
Event: 16.026 Thread 0x000001ef54e3c110 flushing  nmethod 0x000001ef3e775590
Event: 16.026 Thread 0x000001ef54e3c110 flushing  nmethod 0x000001ef3e872590
Event: 16.026 Thread 0x000001ef54e3c110 flushing  nmethod 0x000001ef3e9a3090
Event: 16.026 Thread 0x000001ef54e3c110 flushing  nmethod 0x000001ef3e9a3410

Events (20 events):
Event: 13.826 Thread 0x000001ef9c89f390 Thread added: 0x000001efa095afd0
Event: 13.828 Thread 0x000001ef9c89f390 Thread added: 0x000001efa095ca10
Event: 13.829 Thread 0x000001ef9c89f390 Thread added: 0x000001efa095bcf0
Event: 13.829 Thread 0x000001ef9c89f390 Thread added: 0x000001efa095d0a0
Event: 13.830 Thread 0x000001ef9c89f390 Thread added: 0x000001efa095ddc0
Event: 13.830 Thread 0x000001ef9c89f390 Thread added: 0x000001efa095eae0
Event: 13.903 Thread 0x000001ef9c89f390 Thread added: 0x000001efa095b660
Event: 13.903 Thread 0x000001ef9c89f390 Thread added: 0x000001efa095f800
Event: 13.903 Thread 0x000001ef9c89f390 Thread added: 0x000001efa0960bb0
Event: 13.904 Thread 0x000001ef9c89f390 Thread added: 0x000001efa0960520
Event: 13.904 Thread 0x000001ef9c89f390 Thread added: 0x000001efa095fe90
Event: 13.904 Thread 0x000001ef9c89f390 Thread added: 0x000001efa09618d0
Event: 13.905 Thread 0x000001ef9c89f390 Thread added: 0x000001efa0961240
Event: 13.905 Thread 0x000001ef9c89f390 Thread added: 0x000001efa0961f60
Event: 13.905 Thread 0x000001ef9c89f390 Thread added: 0x000001efa09625f0
Event: 13.905 Thread 0x000001ef9c89f390 Thread added: 0x000001efa095f170
Event: 13.905 Thread 0x000001ef9c89f390 Thread added: 0x000001efa2aecc20
Event: 14.435 Thread 0x000001ef9c718d60 Thread exited: 0x000001ef9c718d60
Event: 14.436 Thread 0x000001ef9de10440 Thread exited: 0x000001ef9de10440
Event: 15.196 Thread 0x000001ef556183d0 Thread added: 0x000001ef9f75a630


Dynamic libraries:
0x00007ff7b2f50000 - 0x00007ff7b2f5e000 	C:\Users\TUF\.vscode\extensions\redhat.java-1.43.1-win32-x64\jre\21.0.7-win32-x86_64\bin\java.exe
0x00007fff00a20000 - 0x00007fff00c88000 	C:\WINDOWS\SYSTEM32\ntdll.dll
0x00007ffefebb0000 - 0x00007ffefec79000 	C:\WINDOWS\System32\KERNEL32.DLL
0x00007ffefdcb0000 - 0x00007ffefe09d000 	C:\WINDOWS\System32\KERNELBASE.dll
0x00007ffefe420000 - 0x00007ffefe56b000 	C:\WINDOWS\System32\ucrtbase.dll
0x00007ffef5e00000 - 0x00007ffef5e1e000 	C:\Users\TUF\.vscode\extensions\redhat.java-1.43.1-win32-x64\jre\21.0.7-win32-x86_64\bin\VCRUNTIME140.dll
0x00007ffef5e40000 - 0x00007ffef5e58000 	C:\Users\TUF\.vscode\extensions\redhat.java-1.43.1-win32-x64\jre\21.0.7-win32-x86_64\bin\jli.dll
0x00007ffeffd90000 - 0x00007ffefff5c000 	C:\WINDOWS\System32\USER32.dll
0x00007ffee4840000 - 0x00007ffee4ada000 	C:\WINDOWS\WinSxS\amd64_microsoft.windows.common-controls_6595b64144ccf1df_6.0.26100.4484_none_3e0e6d4ce32ef3b3\COMCTL32.dll
0x00007ffefe9f0000 - 0x00007ffefea99000 	C:\WINDOWS\System32\msvcrt.dll
0x00007ffefe790000 - 0x00007ffefe7b7000 	C:\WINDOWS\System32\win32u.dll
0x00007ffefec90000 - 0x00007ffefecbb000 	C:\WINDOWS\System32\GDI32.dll
0x00007ffefe160000 - 0x00007ffefe297000 	C:\WINDOWS\System32\gdi32full.dll
0x00007ffefdc00000 - 0x00007ffefdca3000 	C:\WINDOWS\System32\msvcp_win.dll
0x00007fff00280000 - 0x00007fff002af000 	C:\WINDOWS\System32\IMM32.DLL
0x00007ffef8bd0000 - 0x00007ffef8bdc000 	C:\Users\TUF\.vscode\extensions\redhat.java-1.43.1-win32-x64\jre\21.0.7-win32-x86_64\bin\vcruntime140_1.dll
0x00007ffed0130000 - 0x00007ffed01bd000 	C:\Users\TUF\.vscode\extensions\redhat.java-1.43.1-win32-x64\jre\21.0.7-win32-x86_64\bin\msvcp140.dll
0x00007ffe673e0000 - 0x00007ffe68170000 	C:\Users\TUF\.vscode\extensions\redhat.java-1.43.1-win32-x64\jre\21.0.7-win32-x86_64\bin\server\jvm.dll
0x00007ffefe8c0000 - 0x00007ffefe974000 	C:\WINDOWS\System32\ADVAPI32.dll
0x00007ffefff60000 - 0x00007fff00006000 	C:\WINDOWS\System32\sechost.dll
0x00007ffeffbc0000 - 0x00007ffeffcd8000 	C:\WINDOWS\System32\RPCRT4.dll
0x00007fff00010000 - 0x00007fff00084000 	C:\WINDOWS\System32\WS2_32.dll
0x00007ffefd2c0000 - 0x00007ffefd31e000 	C:\WINDOWS\SYSTEM32\POWRPROF.dll
0x00007ffeedc50000 - 0x00007ffeedc85000 	C:\WINDOWS\SYSTEM32\WINMM.dll
0x00007ffef6bd0000 - 0x00007ffef6bdb000 	C:\WINDOWS\SYSTEM32\VERSION.dll
0x00007ffefd2a0000 - 0x00007ffefd2b4000 	C:\WINDOWS\SYSTEM32\UMPDC.dll
0x00007ffefc8d0000 - 0x00007ffefc8eb000 	C:\WINDOWS\SYSTEM32\kernel.appcore.dll
0x00007ffef8660000 - 0x00007ffef866a000 	C:\Users\TUF\.vscode\extensions\redhat.java-1.43.1-win32-x64\jre\21.0.7-win32-x86_64\bin\jimage.dll
0x00007ffeecfb0000 - 0x00007ffeed1f1000 	C:\WINDOWS\SYSTEM32\DBGHELP.DLL
0x00007fff00620000 - 0x00007fff009a6000 	C:\WINDOWS\System32\combase.dll
0x00007fff003c0000 - 0x00007fff004a0000 	C:\WINDOWS\System32\OLEAUT32.dll
0x00007ffee10a0000 - 0x00007ffee10e3000 	C:\WINDOWS\SYSTEM32\dbgcore.DLL
0x00007ffefe6f0000 - 0x00007ffefe789000 	C:\WINDOWS\System32\bcryptPrimitives.dll
0x00007ffef8ce0000 - 0x00007ffef8cef000 	C:\Users\TUF\.vscode\extensions\redhat.java-1.43.1-win32-x64\jre\21.0.7-win32-x86_64\bin\instrument.dll
0x00007ffedef80000 - 0x00007ffedef9f000 	C:\Users\TUF\.vscode\extensions\redhat.java-1.43.1-win32-x64\jre\21.0.7-win32-x86_64\bin\java.dll
0x00007ffefed20000 - 0x00007ffeff46a000 	C:\WINDOWS\System32\SHELL32.dll
0x00007ffefe570000 - 0x00007ffefe6e4000 	C:\WINDOWS\System32\wintypes.dll
0x00007ffefb790000 - 0x00007ffefbfeb000 	C:\WINDOWS\SYSTEM32\windows.storage.dll
0x00007ffeffac0000 - 0x00007ffeffbb5000 	C:\WINDOWS\System32\SHCORE.dll
0x00007ffefe7c0000 - 0x00007ffefe82a000 	C:\WINDOWS\System32\shlwapi.dll
0x00007ffefda80000 - 0x00007ffefdaaf000 	C:\WINDOWS\SYSTEM32\profapi.dll
0x00007ffed92d0000 - 0x00007ffed92e8000 	C:\Users\TUF\.vscode\extensions\redhat.java-1.43.1-win32-x64\jre\21.0.7-win32-x86_64\bin\zip.dll
0x00007ffee9880000 - 0x00007ffee9890000 	C:\Users\TUF\.vscode\extensions\redhat.java-1.43.1-win32-x64\jre\21.0.7-win32-x86_64\bin\net.dll
0x00007ffef6a30000 - 0x00007ffef6b4e000 	C:\WINDOWS\SYSTEM32\WINHTTP.dll
0x00007ffefce40000 - 0x00007ffefceaa000 	C:\WINDOWS\system32\mswsock.dll
0x00007ffed8fc0000 - 0x00007ffed8fd6000 	C:\Users\TUF\.vscode\extensions\redhat.java-1.43.1-win32-x64\jre\21.0.7-win32-x86_64\bin\nio.dll
0x00007ffef8c70000 - 0x00007ffef8c80000 	C:\Users\TUF\.vscode\extensions\redhat.java-1.43.1-win32-x64\jre\21.0.7-win32-x86_64\bin\verify.dll
0x00007ffed9340000 - 0x00007ffed9367000 	C:\Users\TUF\.gradle\native\c067742578af261105cb4f569cf0c3c89f3d7b1fecec35dd04571415982c5e48\windows-amd64\native-platform.dll
0x00007ffea5bb0000 - 0x00007ffea5cf4000 	C:\Users\TUF\.gradle\native\100fb08df4bc3b14c8652ba06237920a3bd2aa13389f12d3474272988ae205f9\windows-amd64\native-platform-file-events.dll
0x00007ffee88d0000 - 0x00007ffee88da000 	C:\Users\TUF\.vscode\extensions\redhat.java-1.43.1-win32-x64\jre\21.0.7-win32-x86_64\bin\management.dll
0x00007ffee82d0000 - 0x00007ffee82db000 	C:\Users\TUF\.vscode\extensions\redhat.java-1.43.1-win32-x64\jre\21.0.7-win32-x86_64\bin\management_ext.dll
0x00007ffeff470000 - 0x00007ffeff478000 	C:\WINDOWS\System32\PSAPI.DLL
0x00007ffefd340000 - 0x00007ffefd35b000 	C:\WINDOWS\SYSTEM32\CRYPTSP.dll
0x00007ffefc830000 - 0x00007ffefc86b000 	C:\WINDOWS\system32\rsaenh.dll
0x00007ffefcee0000 - 0x00007ffefcf0b000 	C:\WINDOWS\SYSTEM32\USERENV.dll
0x00007ffefda50000 - 0x00007ffefda76000 	C:\WINDOWS\SYSTEM32\bcrypt.dll
0x00007ffefd080000 - 0x00007ffefd08c000 	C:\WINDOWS\SYSTEM32\CRYPTBASE.dll
0x00007ffefc2e0000 - 0x00007ffefc313000 	C:\WINDOWS\SYSTEM32\IPHLPAPI.DLL
0x00007ffefec80000 - 0x00007ffefec8a000 	C:\WINDOWS\System32\NSI.dll
0x00007ffee0910000 - 0x00007ffee0919000 	C:\Users\TUF\.vscode\extensions\redhat.java-1.43.1-win32-x64\jre\21.0.7-win32-x86_64\bin\extnet.dll
0x00007ffee7200000 - 0x00007ffee720e000 	C:\Users\TUF\.vscode\extensions\redhat.java-1.43.1-win32-x64\jre\21.0.7-win32-x86_64\bin\sunmscapi.dll
0x00007ffefe2a0000 - 0x00007ffefe417000 	C:\WINDOWS\System32\CRYPT32.dll
0x00007ffefd490000 - 0x00007ffefd4c0000 	C:\WINDOWS\SYSTEM32\ncrypt.dll
0x00007ffefd440000 - 0x00007ffefd47f000 	C:\WINDOWS\SYSTEM32\NTASN1.dll
0x00007ffe86590000 - 0x00007ffe86598000 	C:\WINDOWS\system32\wshunix.dll

dbghelp: loaded successfully - version: 4.0.5 - missing functions: none
symbol engine: initialized successfully - sym options: 0x614 - pdb path: .;C:\Users\TUF\.vscode\extensions\redhat.java-1.43.1-win32-x64\jre\21.0.7-win32-x86_64\bin;C:\WINDOWS\SYSTEM32;C:\WINDOWS\WinSxS\amd64_microsoft.windows.common-controls_6595b64144ccf1df_6.0.26100.4484_none_3e0e6d4ce32ef3b3;C:\Users\TUF\.vscode\extensions\redhat.java-1.43.1-win32-x64\jre\21.0.7-win32-x86_64\bin\server;C:\Users\TUF\.gradle\native\c067742578af261105cb4f569cf0c3c89f3d7b1fecec35dd04571415982c5e48\windows-amd64;C:\Users\TUF\.gradle\native\100fb08df4bc3b14c8652ba06237920a3bd2aa13389f12d3474272988ae205f9\windows-amd64

VM Arguments:
jvm_args: -XX:MaxMetaspaceSize=2G -XX:+HeapDumpOnOutOfMemoryError --add-opens=java.base/java.util=ALL-UNNAMED --add-opens=java.base/java.lang=ALL-UNNAMED --add-opens=java.base/java.lang.invoke=ALL-UNNAMED --add-opens=java.prefs/java.util.prefs=ALL-UNNAMED --add-exports=jdk.compiler/com.sun.tools.javac.api=ALL-UNNAMED --add-exports=jdk.compiler/com.sun.tools.javac.util=ALL-UNNAMED --add-opens=java.base/java.nio.charset=ALL-UNNAMED --add-opens=java.base/java.net=ALL-UNNAMED --add-opens=java.base/java.util.concurrent.atomic=ALL-UNNAMED -Xmx4G -Dfile.encoding=utf8 -Duser.country=US -Duser.language=en -Duser.variant -javaagent:C:\Users\TUF\.gradle\wrapper\dists\gradle-8.9-bin\90cnw93cvbtalezasaz0blq0a\gradle-8.9\lib\agents\gradle-instrumentation-agent-8.9.jar 
java_command: org.gradle.launcher.daemon.bootstrap.GradleDaemon 8.9
java_class_path (initial): C:\Users\TUF\.gradle\wrapper\dists\gradle-8.9-bin\90cnw93cvbtalezasaz0blq0a\gradle-8.9\lib\gradle-daemon-main-8.9.jar
Launcher Type: SUN_STANDARD

[Global flags]
     intx CICompilerCount                          = 4                                         {product} {ergonomic}
     uint ConcGCThreads                            = 3                                         {product} {ergonomic}
     uint G1ConcRefinementThreads                  = 10                                        {product} {ergonomic}
   size_t G1HeapRegionSize                         = 2097152                                   {product} {ergonomic}
    uintx GCDrainStackTargetSize                   = 64                                        {product} {ergonomic}
     bool HeapDumpOnOutOfMemoryError               = true                                   {manageable} {command line}
   size_t InitialHeapSize                          = 251658240                                 {product} {ergonomic}
   size_t MarkStackSize                            = 4194304                                   {product} {ergonomic}
   size_t MaxHeapSize                              = 4294967296                                {product} {command line}
   size_t MaxMetaspaceSize                         = 2147483648                                {product} {command line}
   size_t MaxNewSize                               = 2575302656                                {product} {ergonomic}
   size_t MinHeapDeltaBytes                        = 2097152                                   {product} {ergonomic}
   size_t MinHeapSize                              = 8388608                                   {product} {ergonomic}
    uintx NonNMethodCodeHeapSize                   = 5839372                                {pd product} {ergonomic}
    uintx NonProfiledCodeHeapSize                  = 122909434                              {pd product} {ergonomic}
    uintx ProfiledCodeHeapSize                     = 122909434                              {pd product} {ergonomic}
    uintx ReservedCodeCacheSize                    = 251658240                              {pd product} {ergonomic}
     bool SegmentedCodeCache                       = true                                      {product} {ergonomic}
   size_t SoftMaxHeapSize                          = 4294967296                             {manageable} {ergonomic}
     bool UseCompressedOops                        = true                           {product lp64_product} {ergonomic}
     bool UseG1GC                                  = true                                      {product} {ergonomic}
     bool UseLargePagesIndividualAllocation        = false                                  {pd product} {ergonomic}

Logging:
Log output configuration:
 #0: stdout all=warning uptime,level,tags foldmultilines=false
 #1: stderr all=off uptime,level,tags foldmultilines=false

Environment Variables:
PATH=C:\Program Files\Common Files\Oracle\Java\javapath;C:\Program Files (x86)\Common Files\Oracle\Java\javapath;C:\WINDOWS\system32;C:\WINDOWS;C:\WINDOWS\System32\Wbem;C:\WINDOWS\System32\WindowsPowerShell\v1.0\;C:\WINDOWS\System32\OpenSSH\;C:\WINDOWS\system32;C:\WINDOWS;C:\WINDOWS\System32\Wbem;C:\WINDOWS\System32\WindowsPowerShell\v1.0\;C:\WINDOWS\System32\OpenSSH\;C:\Users\TUF\AppData\Roaming\nvm;C:\Program Files\nodejs;C:\Program Files\nodejs\;C:\xampp\php;C:\Program Files (x86)\NVIDIA Corporation\PhysX\Common;C:\Program Files\NVIDIA Corporation\NVIDIA NvDLISR;D:\git\Git\cmd;D:\git\Git\mingw64\bin;D:\git\Git\usr\bin;C:\Program Files (x86)\Windows Kits\10\Windows Performance Toolkit\;C:\Program Files\dotnet\;C:\ProgramData\ComposerSetup\bin;C:\php-8.3;C:\Users\TUF\AppData\Local\Programs\Python\Python313;C:\Users\TUF\AppData\Local\Programs\Python\Python313\Scripts;C:\Program Files\Docker\Docker\resources\bin;C:\Program Files (x86)\ZeroTier\One\;C:\Program Files\Java\jdk-24\bin;C:\Users\TUF\AppData\Local\Programs\Python\Launcher\;C:\Users\TUF\AppData\Local\Programs\Python\Python310\Scripts\;C:\Users\TUF\AppData\Local\Programs\Python\Python310\;C:\Users\TUF\AppData\Local\Microsoft\WindowsApps;D:\msys64\mingw64\bin;C:\Program Files\JetBrains\PyCharm Community Edition 2022.3.3\bin;;D:\nodejs;C:\Users\TUF\AppData\Roaming\nvm;C:\Program Files\nodejs;C:\Users\TUF\AppData\Roaming\npm;C:\src\flutter\bin;C:\Program Files\JetBrains\PyCharm 2024.1.4\bin;;C:\cmake-3.30.0-windows-x86_64\bin;D:\Flutter\src\flutter\bin;C:\Users\TUF\AppData\Local\GitHubDesktop\bin;C:\Users\TUF\.dotnet\tools;C:\Users\TUF\AppData\Roaming\Composer\vendor\bin;C:\Users\TUF\AppData\Local\Programs\Microsoft VS Code\bin
USERNAME=TUF
OS=Windows_NT
PROCESSOR_IDENTIFIER=AMD64 Family 25 Model 33 Stepping 2, AuthenticAMD
TMP=C:\Users\TUF\AppData\Local\Temp
TEMP=C:\Users\TUF\AppData\Local\Temp




Periodic native trim disabled

---------------  S Y S T E M  ---------------

OS:
 Windows 11 , 64 bit Build 26100 (10.0.26100.4484)
OS uptime: 0 days 5:10 hours
Hyper-V role detected

CPU: total 12 (initial active 12) (12 cores per cpu, 2 threads per core) family 25 model 33 stepping 2 microcode 0xa20120e, cx8, cmov, fxsr, ht, mmx, 3dnowpref, sse, sse2, sse3, ssse3, sse4a, sse4.1, sse4.2, popcnt, lzcnt, tsc, tscinvbit, avx, avx2, aes, erms, clmul, bmi1, bmi2, adx, sha, fma, vzeroupper, clflush, clflushopt, hv, rdtscp, rdpid, fsrm, f16c, cet_ss
Processor Information for the first 12 processors :
  Max Mhz: 3701, Current Mhz: 3701, Mhz Limit: 3701

Memory: 4k page, system-wide physical 15296M (1674M free)
TotalPageFile size 23488M (AvailPageFile size 479M)
current process WorkingSet (physical memory assigned to process): 523M, peak: 523M
current process commit charge ("private bytes"): 565M, peak: 565M

vm_info: OpenJDK 64-Bit Server VM (21.0.7+6-LTS) for windows-amd64 JRE (21.0.7+6-LTS), built on 2025-04-15T00:00:00Z by "admin" with MS VC++ 17.7 (VS2022)

END.
