#
# There is insufficient memory for the Java Runtime Environment to continue.
# Native memory allocation (malloc) failed to allocate 1052496 bytes. Error detail: Chunk::new
# Possible reasons:
#   The system is out of physical RAM or swap space
#   This process is running with CompressedOops enabled, and the Java Heap may be blocking the growth of the native heap
# Possible solutions:
#   Reduce memory load on the system
#   Increase physical memory or swap space
#   Check if swap backing store is full
#   Decrease Java heap size (-Xmx/-Xms)
#   Decrease number of Java threads
#   Decrease Java thread stack sizes (-Xss)
#   Set larger code cache with -XX:ReservedCodeCacheSize=
#   JVM is running with Unscaled Compressed Oops mode in which the Java heap is
#     placed in the first 4GB address space. The Java Heap base address is the
#     maximum limit for the native heap growth. Please use -XX:HeapBaseMinAddress
#     to set the Java Heap base and to place the Java Heap above 4GB virtual address.
# This output file may be truncated or incomplete.
#
#  Out of Memory Error (arena.cpp:168), pid=18520, tid=25192
#
# JRE version: OpenJDK Runtime Environment Temurin-21.0.7+6 (21.0.7+6) (build 21.0.7+6-LTS)
# Java VM: OpenJDK 64-Bit Server VM Temurin-21.0.7+6 (21.0.7+6-LTS, mixed mode, sharing, tiered, compressed oops, compressed class ptrs, parallel gc, windows-amd64)
# No core dump will be written. Minidumps are not enabled by default on client versions of Windows
#

---------------  S U M M A R Y ------------

Command Line: --add-modules=ALL-SYSTEM --add-opens=java.base/java.util=ALL-UNNAMED --add-opens=java.base/java.lang=ALL-UNNAMED --add-opens=java.base/sun.nio.fs=ALL-UNNAMED -Declipse.application=org.eclipse.jdt.ls.core.id1 -Dosgi.bundles.defaultStartLevel=4 -Declipse.product=org.eclipse.jdt.ls.core.product -Djava.import.generatesMetadataFilesAtProjectRoot=false -DDetectVMInstallationsJob.disabled=true -Dfile.encoding=utf8 -XX:+UseParallelGC -XX:GCTimeRatio=4 -XX:AdaptiveSizePolicyWeight=90 -Dsun.zip.disableMemoryMapping=true -Xmx2G -Xms100m -Xlog:disable -javaagent:c:\Users\TUF\.vscode\extensions\redhat.java-1.43.1-win32-x64\lombok\lombok-1.18.39-4050.jar -XX:+HeapDumpOnOutOfMemoryError -XX:HeapDumpPath=c:\Users\TUF\AppData\Roaming\Code\User\workspaceStorage\03fc4354315e2177e2f05af99acf76cd\redhat.java -Daether.dependencyCollector.impl=bf c:\Users\TUF\.vscode\extensions\redhat.java-1.43.1-win32-x64\server\plugins\org.eclipse.equinox.launcher_1.7.0.v20250519-0528.jar -configuration c:\Users\TUF\AppData\Roaming\Code\User\globalStorage\redhat.java\1.43.1\config_win -data c:\Users\TUF\AppData\Roaming\Code\User\workspaceStorage\03fc4354315e2177e2f05af99acf76cd\redhat.java\jdt_ws --pipe=\\.\pipe\lsp-6d4581504924d43f3d738ce112cadf2e-sock

Host: AMD Ryzen 5 5600X 6-Core Processor             , 12 cores, 14G,  Windows 11 , 64 bit Build 26100 (10.0.26100.4484)
Time: Fri Jul 18 01:02:36 2025 Malay Peninsula Standard Time elapsed time: 43.530476 seconds (0d 0h 0m 43s)

---------------  T H R E A D  ---------------

Current thread (0x0000018dfe461eb0):  JavaThread "C2 CompilerThread1" daemon [_thread_in_native, id=25192, stack(0x000000473cc00000,0x000000473cd00000) (1024K)]


Current CompileTask:
C2:43530 10432       4       jdk.internal.module.SystemModuleFinders$SystemModuleReader::find (59 bytes)

Stack: [0x000000473cc00000,0x000000473cd00000]
Native frames: (J=compiled Java code, j=interpreted, Vv=VM code, C=native code)
V  [jvm.dll+0x6ce119]
V  [jvm.dll+0x8a84a1]
V  [jvm.dll+0x8aa9ce]
V  [jvm.dll+0x8ab0b3]
V  [jvm.dll+0x27f8a6]
V  [jvm.dll+0xc507d]
V  [jvm.dll+0xc55b3]
V  [jvm.dll+0x3b68f2]
V  [jvm.dll+0x1e0029]
V  [jvm.dll+0x247c42]
V  [jvm.dll+0x2470cf]
V  [jvm.dll+0x1c760e]
V  [jvm.dll+0x25695a]
V  [jvm.dll+0x254efa]
V  [jvm.dll+0x3f03f6]
V  [jvm.dll+0x851f6b]
V  [jvm.dll+0x6cc7dd]
C  [ucrtbase.dll+0x37b0]
C  [KERNEL32.DLL+0x2e8d7]
C  [ntdll.dll+0x3c34c]


---------------  P R O C E S S  ---------------

Threads class SMR info:
_java_thread_list=0x0000018dd4c7d1f0, length=81, elements={
0x0000018df190b420, 0x0000018df3b8d080, 0x0000018dfd474c10, 0x0000018dfd477560,
0x0000018dfd478410, 0x0000018dfd47d0c0, 0x0000018dfd4811b0, 0x0000018dfd48c7b0,
0x0000018dfd48e850, 0x0000018dfd553ea0, 0x0000018dfd7edcb0, 0x0000018dfe05a210,
0x0000018dfd69be50, 0x0000018dfe1b4f20, 0x0000018dfe1b5580, 0x0000018dfe54e2f0,
0x0000018dfe3dad80, 0x0000018dfe5468d0, 0x0000018dfe544e90, 0x0000018dfe544800,
0x0000018dfe545bb0, 0x0000018dfe546240, 0x0000018dfe546f60, 0x0000018dfe543ae0,
0x0000018dfe544170, 0x0000018dfe545520, 0x0000018dd658ea50, 0x0000018dd658dd30,
0x0000018dd658d010, 0x0000018dd658f0e0, 0x0000018dd658bc60, 0x0000018dd658d6a0,
0x0000018dd658e3c0, 0x0000018dd658f770, 0x0000018dd658c2f0, 0x0000018dd658fe00,
0x0000018dd658c980, 0x0000018dd65911b0, 0x0000018dd6593280, 0x0000018dd6591ed0,
0x0000018dd6590490, 0x0000018dd6590b20, 0x0000018dd6591840, 0x0000018dd6592560,
0x0000018dd4d2d6f0, 0x0000018dd4d2eaa0, 0x0000018dd4d2e410, 0x0000018dd4d2d060,
0x0000018dd4d31890, 0x0000018dd4d30b70, 0x0000018dd4d2fe50, 0x0000018dd4d31200,
0x0000018dd4d2dd80, 0x0000018dd4d31f20, 0x0000018dd4d325b0, 0x0000018dd4d32c40,
0x0000018dd4d34680, 0x0000018dd53b8940, 0x0000018dd53baa10, 0x0000018dd53b7590,
0x0000018dd53b7c20, 0x0000018dd53b82b0, 0x0000018dd53b8fd0, 0x0000018dd53b9660,
0x0000018dd53b9cf0, 0x0000018dd53ba380, 0x0000018dd4d33960, 0x0000018dd8974960,
0x0000018dd89714e0, 0x0000018dd89735b0, 0x0000018dd8972890, 0x0000018dd8972f20,
0x0000018dd8973c40, 0x0000018dd89742d0, 0x0000018dd8974ff0, 0x0000018dd8971b70,
0x0000018dd8975680, 0x0000018dd8972200, 0x0000018dd8975d10, 0x0000018dfe461eb0,
0x0000018dfe462580
}

Java Threads: ( => current thread )
  0x0000018df190b420 JavaThread "main"                              [_thread_blocked, id=13604, stack(0x0000004736d00000,0x0000004736e00000) (1024K)]
  0x0000018df3b8d080 JavaThread "Reference Handler"          daemon [_thread_blocked, id=6820, stack(0x0000004737100000,0x0000004737200000) (1024K)]
  0x0000018dfd474c10 JavaThread "Finalizer"                  daemon [_thread_blocked, id=5444, stack(0x0000004737200000,0x0000004737300000) (1024K)]
  0x0000018dfd477560 JavaThread "Signal Dispatcher"          daemon [_thread_blocked, id=22104, stack(0x0000004737300000,0x0000004737400000) (1024K)]
  0x0000018dfd478410 JavaThread "Attach Listener"            daemon [_thread_blocked, id=13036, stack(0x0000004737400000,0x0000004737500000) (1024K)]
  0x0000018dfd47d0c0 JavaThread "Service Thread"             daemon [_thread_blocked, id=14224, stack(0x0000004737500000,0x0000004737600000) (1024K)]
  0x0000018dfd4811b0 JavaThread "Monitor Deflation Thread"   daemon [_thread_blocked, id=19928, stack(0x0000004737600000,0x0000004737700000) (1024K)]
  0x0000018dfd48c7b0 JavaThread "C2 CompilerThread0"         daemon [_thread_in_native, id=19512, stack(0x0000004737700000,0x0000004737800000) (1024K)]
  0x0000018dfd48e850 JavaThread "C1 CompilerThread0"         daemon [_thread_blocked, id=19616, stack(0x0000004737800000,0x0000004737900000) (1024K)]
  0x0000018dfd553ea0 JavaThread "Common-Cleaner"             daemon [_thread_blocked, id=5352, stack(0x0000004737900000,0x0000004737a00000) (1024K)]
  0x0000018dfd7edcb0 JavaThread "Notification Thread"        daemon [_thread_blocked, id=9884, stack(0x0000004737c00000,0x0000004737d00000) (1024K)]
  0x0000018dfe05a210 JavaThread "Active Thread: Equinox Container: d7042cae-0fa5-40e4-9b77-32d7635bff81"        [_thread_blocked, id=24832, stack(0x0000004738300000,0x0000004738400000) (1024K)]
  0x0000018dfd69be50 JavaThread "Refresh Thread: Equinox Container: d7042cae-0fa5-40e4-9b77-32d7635bff81" daemon [_thread_blocked, id=9860, stack(0x0000004737b00000,0x0000004737c00000) (1024K)]
  0x0000018dfe1b4f20 JavaThread "Framework Event Dispatcher: Equinox Container: d7042cae-0fa5-40e4-9b77-32d7635bff81" daemon [_thread_blocked, id=18880, stack(0x0000004738400000,0x0000004738500000) (1024K)]
  0x0000018dfe1b5580 JavaThread "Start Level: Equinox Container: d7042cae-0fa5-40e4-9b77-32d7635bff81" daemon [_thread_blocked, id=14064, stack(0x0000004738500000,0x0000004738600000) (1024K)]
  0x0000018dfe54e2f0 JavaThread "Bundle File Closer"         daemon [_thread_blocked, id=15280, stack(0x0000004738900000,0x0000004738a00000) (1024K)]
  0x0000018dfe3dad80 JavaThread "SCR Component Actor"        daemon [_thread_blocked, id=24448, stack(0x0000004738600000,0x0000004738700000) (1024K)]
  0x0000018dfe5468d0 JavaThread "Worker-JM"                         [_thread_blocked, id=16380, stack(0x0000004738c00000,0x0000004738d00000) (1024K)]
  0x0000018dfe544e90 JavaThread "JNA Cleaner"                daemon [_thread_blocked, id=24032, stack(0x0000004738d00000,0x0000004738e00000) (1024K)]
  0x0000018dfe544800 JavaThread "Worker-0"                          [_thread_blocked, id=7220, stack(0x0000004738e00000,0x0000004738f00000) (1024K)]
  0x0000018dfe545bb0 JavaThread "Worker-1"                          [_thread_blocked, id=10752, stack(0x0000004738f00000,0x0000004739000000) (1024K)]
  0x0000018dfe546240 JavaThread "Java indexing"              daemon [_thread_blocked, id=19228, stack(0x0000004739100000,0x0000004739200000) (1024K)]
  0x0000018dfe546f60 JavaThread "Worker-2: Initialize workspace"        [_thread_in_vm, id=14136, stack(0x0000004739500000,0x0000004739600000) (1024K)]
  0x0000018dfe543ae0 JavaThread "Worker-3"                          [_thread_blocked, id=7552, stack(0x0000004739600000,0x0000004739700000) (1024K)]
  0x0000018dfe544170 JavaThread "Thread-2"                   daemon [_thread_in_native, id=9804, stack(0x0000004739700000,0x0000004739800000) (1024K)]
  0x0000018dfe545520 JavaThread "Thread-3"                   daemon [_thread_in_native, id=12912, stack(0x0000004739800000,0x0000004739900000) (1024K)]
  0x0000018dd658ea50 JavaThread "Thread-4"                   daemon [_thread_in_native, id=7716, stack(0x0000004739900000,0x0000004739a00000) (1024K)]
  0x0000018dd658dd30 JavaThread "Thread-5"                   daemon [_thread_in_native, id=4120, stack(0x0000004739a00000,0x0000004739b00000) (1024K)]
  0x0000018dd658d010 JavaThread "Thread-6"                   daemon [_thread_in_native, id=13828, stack(0x0000004739b00000,0x0000004739c00000) (1024K)]
  0x0000018dd658f0e0 JavaThread "Thread-7"                   daemon [_thread_in_native, id=17644, stack(0x0000004739c00000,0x0000004739d00000) (1024K)]
  0x0000018dd658bc60 JavaThread "Thread-8"                   daemon [_thread_in_native, id=2660, stack(0x0000004739d00000,0x0000004739e00000) (1024K)]
  0x0000018dd658d6a0 JavaThread "Thread-9"                   daemon [_thread_in_native, id=18680, stack(0x0000004739e00000,0x0000004739f00000) (1024K)]
  0x0000018dd658e3c0 JavaThread "Thread-10"                  daemon [_thread_in_native, id=664, stack(0x0000004739f00000,0x000000473a000000) (1024K)]
  0x0000018dd658f770 JavaThread "Thread-11"                  daemon [_thread_in_native, id=12456, stack(0x000000473a000000,0x000000473a100000) (1024K)]
  0x0000018dd658c2f0 JavaThread "Thread-12"                  daemon [_thread_in_native, id=2716, stack(0x000000473a100000,0x000000473a200000) (1024K)]
  0x0000018dd658fe00 JavaThread "Thread-13"                  daemon [_thread_in_native, id=1720, stack(0x000000473a200000,0x000000473a300000) (1024K)]
  0x0000018dd658c980 JavaThread "Thread-14"                  daemon [_thread_in_native, id=15836, stack(0x000000473a300000,0x000000473a400000) (1024K)]
  0x0000018dd65911b0 JavaThread "pool-2-thread-1"                   [_thread_blocked, id=15196, stack(0x000000473a400000,0x000000473a500000) (1024K)]
  0x0000018dd6593280 JavaThread "Worker-4"                          [_thread_blocked, id=21996, stack(0x000000473a500000,0x000000473a600000) (1024K)]
  0x0000018dd6591ed0 JavaThread "Timer-0"                           [_thread_blocked, id=15832, stack(0x000000473a600000,0x000000473a700000) (1024K)]
  0x0000018dd6590490 JavaThread "Timer-1"                           [_thread_blocked, id=13196, stack(0x000000473a700000,0x000000473a800000) (1024K)]
  0x0000018dd6590b20 JavaThread "Worker-5: Building"                [_thread_in_Java, id=14308, stack(0x000000473a800000,0x000000473a900000) (1024K)]
  0x0000018dd6591840 JavaThread "WorkspaceEventsHandler"            [_thread_blocked, id=9916, stack(0x000000473a900000,0x000000473aa00000) (1024K)]
  0x0000018dd6592560 JavaThread "pool-1-thread-1"                   [_thread_blocked, id=9940, stack(0x000000473aa00000,0x000000473ab00000) (1024K)]
  0x0000018dd4d2d6f0 JavaThread "Timer-2"                           [_thread_blocked, id=16528, stack(0x000000473ab00000,0x000000473ac00000) (1024K)]
  0x0000018dd4d2eaa0 JavaThread "Timer-3"                           [_thread_blocked, id=7784, stack(0x0000004738a00000,0x0000004738b00000) (1024K)]
  0x0000018dd4d2e410 JavaThread "Exec process"                      [_thread_blocked, id=12852, stack(0x0000004739000000,0x0000004739100000) (1024K)]
  0x0000018dd4d2d060 JavaThread "Exec process Thread 2"             [_thread_blocked, id=17796, stack(0x000000473ac00000,0x000000473ad00000) (1024K)]
  0x0000018dd4d31890 JavaThread "Exec process Thread 3"             [_thread_blocked, id=20372, stack(0x000000473ad00000,0x000000473ae00000) (1024K)]
  0x0000018dd4d30b70 JavaThread "Timer-4"                           [_thread_blocked, id=8984, stack(0x0000004738b00000,0x0000004738c00000) (1024K)]
  0x0000018dd4d2fe50 JavaThread "Timer-5"                           [_thread_blocked, id=2872, stack(0x000000473ae00000,0x000000473af00000) (1024K)]
  0x0000018dd4d31200 JavaThread "Timer-6"                           [_thread_blocked, id=23876, stack(0x000000473b000000,0x000000473b100000) (1024K)]
  0x0000018dd4d2dd80 JavaThread "Timer-7"                           [_thread_blocked, id=2328, stack(0x000000473b100000,0x000000473b200000) (1024K)]
  0x0000018dd4d31f20 JavaThread "Timer-8"                           [_thread_blocked, id=2040, stack(0x000000473b200000,0x000000473b300000) (1024K)]
  0x0000018dd4d325b0 JavaThread "Timer-9"                           [_thread_blocked, id=4224, stack(0x000000473b500000,0x000000473b600000) (1024K)]
  0x0000018dd4d32c40 JavaThread "Timer-10"                          [_thread_blocked, id=4360, stack(0x000000473b600000,0x000000473b700000) (1024K)]
  0x0000018dd4d34680 JavaThread "Timer-11"                          [_thread_blocked, id=4756, stack(0x000000473b700000,0x000000473b800000) (1024K)]
  0x0000018dd53b8940 JavaThread "ForkJoinPool.commonPool-worker-1" daemon [_thread_blocked, id=12964, stack(0x000000473ba00000,0x000000473bb00000) (1024K)]
  0x0000018dd53baa10 JavaThread "ForkJoinPool.commonPool-worker-2" daemon [_thread_blocked, id=15872, stack(0x000000473bb00000,0x000000473bc00000) (1024K)]
  0x0000018dd53b7590 JavaThread "ForkJoinPool.commonPool-worker-3" daemon [_thread_blocked, id=19612, stack(0x000000473bc00000,0x000000473bd00000) (1024K)]
  0x0000018dd53b7c20 JavaThread "Timer-12"                          [_thread_blocked, id=1276, stack(0x000000473b400000,0x000000473b500000) (1024K)]
  0x0000018dd53b82b0 JavaThread "LocalFile Deleter"          daemon [_thread_blocked, id=15724, stack(0x000000473b300000,0x000000473b400000) (1024K)]
  0x0000018dd53b8fd0 JavaThread "LocalFile Deleter"          daemon [_thread_blocked, id=16556, stack(0x000000473b800000,0x000000473b900000) (1024K)]
  0x0000018dd53b9660 JavaThread "LocalFile Deleter"          daemon [_thread_blocked, id=15744, stack(0x000000473b900000,0x000000473ba00000) (1024K)]
  0x0000018dd53b9cf0 JavaThread "LocalFile Deleter"          daemon [_thread_blocked, id=15252, stack(0x000000473bd00000,0x000000473be00000) (1024K)]
  0x0000018dd53ba380 JavaThread "LocalFile Deleter"          daemon [_thread_blocked, id=14248, stack(0x000000473be00000,0x000000473bf00000) (1024K)]
  0x0000018dd4d33960 JavaThread "LocalFile Deleter"          daemon [_thread_blocked, id=4136, stack(0x000000473bf00000,0x000000473c000000) (1024K)]
  0x0000018dd8974960 JavaThread "LocalFile Deleter"          daemon [_thread_blocked, id=24640, stack(0x000000473c000000,0x000000473c100000) (1024K)]
  0x0000018dd89714e0 JavaThread "LocalFile Deleter"          daemon [_thread_blocked, id=10788, stack(0x000000473c100000,0x000000473c200000) (1024K)]
  0x0000018dd89735b0 JavaThread "LocalFile Deleter"          daemon [_thread_blocked, id=2620, stack(0x000000473c200000,0x000000473c300000) (1024K)]
  0x0000018dd8972890 JavaThread "LocalFile Deleter"          daemon [_thread_blocked, id=19572, stack(0x000000473c300000,0x000000473c400000) (1024K)]
  0x0000018dd8972f20 JavaThread "LocalFile Deleter"          daemon [_thread_blocked, id=2920, stack(0x000000473c400000,0x000000473c500000) (1024K)]
  0x0000018dd8973c40 JavaThread "LocalFile Deleter"          daemon [_thread_blocked, id=2012, stack(0x000000473c500000,0x000000473c600000) (1024K)]
  0x0000018dd89742d0 JavaThread "Compiler Source File Reader" daemon [_thread_blocked, id=5756, stack(0x000000473c600000,0x000000473c700000) (1024K)]
  0x0000018dd8974ff0 JavaThread "Compiler Source File Reader" daemon [_thread_blocked, id=13668, stack(0x000000473c700000,0x000000473c800000) (1024K)]
  0x0000018dd8971b70 JavaThread "Compiler Source File Reader" daemon [_thread_blocked, id=7356, stack(0x000000473c800000,0x000000473c900000) (1024K)]
  0x0000018dd8975680 JavaThread "Compiler Source File Reader" daemon [_thread_blocked, id=14144, stack(0x000000473c900000,0x000000473ca00000) (1024K)]
  0x0000018dd8972200 JavaThread "Compiler Source File Reader" daemon [_thread_blocked, id=13200, stack(0x000000473ca00000,0x000000473cb00000) (1024K)]
  0x0000018dd8975d10 JavaThread "Compiler Source File Reader" daemon [_thread_blocked, id=8768, stack(0x000000473cb00000,0x000000473cc00000) (1024K)]
=>0x0000018dfe461eb0 JavaThread "C2 CompilerThread1"         daemon [_thread_in_native, id=25192, stack(0x000000473cc00000,0x000000473cd00000) (1024K)]
  0x0000018dfe462580 JavaThread "C2 CompilerThread2"         daemon [_thread_in_native, id=24700, stack(0x000000473cd00000,0x000000473ce00000) (1024K)]
Total: 81

Other Threads:
  0x0000018df3c9e060 VMThread "VM Thread"                           [id=3548, stack(0x0000004737000000,0x0000004737100000) (1024K)]
  0x0000018df3a6ca00 WatcherThread "VM Periodic Task Thread"        [id=8964, stack(0x0000004736f00000,0x0000004737000000) (1024K)]
  0x0000018df3bfca80 WorkerThread "GC Thread#0"                     [id=23196, stack(0x0000004736e00000,0x0000004736f00000) (1024K)]
  0x0000018dfe2fa600 WorkerThread "GC Thread#1"                     [id=11028, stack(0x0000004737d00000,0x0000004737e00000) (1024K)]
  0x0000018dfdbf4a40 WorkerThread "GC Thread#2"                     [id=3472, stack(0x0000004737e00000,0x0000004737f00000) (1024K)]
  0x0000018dfdbf4de0 WorkerThread "GC Thread#3"                     [id=22624, stack(0x0000004737f00000,0x0000004738000000) (1024K)]
  0x0000018dfdd4bf00 WorkerThread "GC Thread#4"                     [id=2372, stack(0x0000004738000000,0x0000004738100000) (1024K)]
  0x0000018dfdd4c2a0 WorkerThread "GC Thread#5"                     [id=19980, stack(0x0000004738100000,0x0000004738200000) (1024K)]
  0x0000018dfd89f480 WorkerThread "GC Thread#6"                     [id=16348, stack(0x0000004738200000,0x0000004738300000) (1024K)]
  0x0000018dfdc25570 WorkerThread "GC Thread#7"                     [id=13224, stack(0x0000004737a00000,0x0000004737b00000) (1024K)]
  0x0000018dfdc24e30 WorkerThread "GC Thread#8"                     [id=13192, stack(0x0000004738700000,0x0000004738800000) (1024K)]
  0x0000018dfdc25cb0 WorkerThread "GC Thread#9"                     [id=22284, stack(0x0000004738800000,0x0000004738900000) (1024K)]
Total: 12

Threads with active compile tasks:
C2 CompilerThread0  43575 10481 %     4       org.lombokweb.asm.ClassReader::readCode @ 2187 (5117 bytes)
C2 CompilerThread1  43575 10432       4       jdk.internal.module.SystemModuleFinders$SystemModuleReader::find (59 bytes)
C2 CompilerThread2  43575 10474 %     4       org.lombokweb.asm.SymbolTable::<init> @ 98 (554 bytes)
Total: 3

VM state: not at safepoint (normal execution)

VM Mutex/Monitor currently owned by a thread: None

Heap address: 0x0000000080000000, size: 2048 MB, Compressed Oops mode: 32-bit

CDS archive(s) mapped at: [0x0000018d8f000000-0x0000018d8fba0000-0x0000018d8fba0000), size 12189696, SharedBaseAddress: 0x0000018d8f000000, ArchiveRelocationMode: 1.
Compressed class space mapped at: 0x0000018d90000000-0x0000018dd0000000, reserved size: 1073741824
Narrow klass base: 0x0000018d8f000000, Narrow klass shift: 0, Narrow klass range: 0x100000000

GC Precious Log:
 CardTable entry size: 512
 CPUs: 12 total, 12 available
 Memory: 15296M
 Large Page Support: Disabled
 NUMA Support: Disabled
 Compressed Oops: Enabled (32-bit)
 Alignments: Space 512K, Generation 512K, Heap 2M
 Heap Min Capacity: 100M
 Heap Initial Capacity: 100M
 Heap Max Capacity: 2G
 Pre-touch: Disabled
 Parallel Workers: 10

Heap:
 PSYoungGen      total 5120K, used 679K [0x00000000d5580000, 0x00000000d5c00000, 0x0000000100000000)
  eden space 4608K, 8% used [0x00000000d5580000,0x00000000d55e1ff0,0x00000000d5a00000)
  from space 512K, 56% used [0x00000000d5b80000,0x00000000d5bc8000,0x00000000d5c00000)
  to   space 512K, 0% used [0x00000000d5b00000,0x00000000d5b00000,0x00000000d5b80000)
 ParOldGen       total 425472K, used 230424K [0x0000000080000000, 0x0000000099f80000, 0x00000000d5580000)
  object space 425472K, 54% used [0x0000000080000000,0x000000008e1061b8,0x0000000099f80000)
 Metaspace       used 76169K, committed 77696K, reserved 1179648K
  class space    used 9186K, committed 9856K, reserved 1048576K

Card table byte_map: [0x0000018df3580000,0x0000018df3990000] _byte_map_base: 0x0000018df3180000

Marking Bits: (ParMarkBitMap*) 0x00007ff87a8031f0
 Begin Bits: [0x0000018df7080000, 0x0000018df9080000)
 End Bits:   [0x0000018df9080000, 0x0000018dfb080000)

Polling page: 0x0000018df1a70000

Metaspace:

Usage:
  Non-class:     65.41 MB used.
      Class:      8.97 MB used.
       Both:     74.38 MB used.

Virtual space:
  Non-class space:      128.00 MB reserved,      66.25 MB ( 52%) committed,  2 nodes.
      Class space:        1.00 GB reserved,       9.62 MB ( <1%) committed,  1 nodes.
             Both:        1.12 GB reserved,      75.88 MB (  7%) committed. 

Chunk freelists:
   Non-Class:  13.75 MB
       Class:  6.19 MB
        Both:  19.94 MB

MaxMetaspaceSize: unlimited
CompressedClassSpaceSize: 1.00 GB
Initial GC threshold: 21.00 MB
Current GC threshold: 97.31 MB
CDS: on
 - commit_granule_bytes: 65536.
 - commit_granule_words: 8192.
 - virtual_space_node_default_size: 8388608.
 - enlarge_chunks_in_place: 1.
 - use_allocation_guard: 0.


Internal statistics:

num_allocs_failed_limit: 9.
num_arena_births: 1324.
num_arena_deaths: 14.
num_vsnodes_births: 3.
num_vsnodes_deaths: 0.
num_space_committed: 1214.
num_space_uncommitted: 0.
num_chunks_returned_to_freelist: 23.
num_chunks_taken_from_freelist: 4719.
num_chunk_merges: 10.
num_chunk_splits: 2912.
num_chunks_enlarged: 1653.
num_inconsistent_stats: 0.

CodeHeap 'non-profiled nmethods': size=120000Kb used=9141Kb max_used=9141Kb free=110858Kb
 bounds [0x0000018d87ad0000, 0x0000018d883c0000, 0x0000018d8f000000]
CodeHeap 'profiled nmethods': size=120000Kb used=19812Kb max_used=19812Kb free=100187Kb
 bounds [0x0000018d80000000, 0x0000018d81360000, 0x0000018d87530000]
CodeHeap 'non-nmethods': size=5760Kb used=1461Kb max_used=1507Kb free=4298Kb
 bounds [0x0000018d87530000, 0x0000018d877a0000, 0x0000018d87ad0000]
 total_blobs=10528 nmethods=9755 adapters=679
 compilation: enabled
              stopped_count=0, restarted_count=0
 full_count=0

Compilation events (20 events):
Event: 41.507 Thread 0x0000018dfd48e850 10513   !   2       sun.net.www.protocol.jar.JarURLConnection$JarURLInputStream::close (51 bytes)
Event: 41.507 Thread 0x0000018dfd48e850 nmethod 10513 0x0000018d81345390 code [0x0000018d81345580, 0x0000018d813457f8]
Event: 41.508 Thread 0x0000018dfd48c7b0 nmethod 10398 0x0000018d883b6a90 code [0x0000018d883b6de0, 0x0000018d883bad88]
Event: 41.509 Thread 0x0000018dfd48c7b0 10477       4       org.lombokweb.asm.MethodWriter::visitLabel (332 bytes)
Event: 41.512 Thread 0x0000018dfd48c7b0 nmethod 10477 0x0000018d883bc590 code [0x0000018d883bc760, 0x0000018d883bcce8]
Event: 41.512 Thread 0x0000018dfd48c7b0 10491       4       java.util.regex.Pattern$Begin::match (62 bytes)
Event: 41.514 Thread 0x0000018dfd48c7b0 nmethod 10491 0x0000018d883bd010 code [0x0000018d883bd1a0, 0x0000018d883bd320]
Event: 41.514 Thread 0x0000018dfd48c7b0 10481 %     4       org.lombokweb.asm.ClassReader::readCode @ 2187 (5117 bytes)
Event: 41.524 Thread 0x0000018dfd48e850 10515   !   3       lombok.launch.ShadowClassLoader::loadClass (242 bytes)
Event: 41.525 Thread 0x0000018dfd48e850 nmethod 10515 0x0000018d81345a10 code [0x0000018d81345e60, 0x0000018d81347728]
Event: 41.525 Thread 0x0000018dfd48e850 10517   !   3       lombok.launch.ShadowClassLoader::getOrMakeJarListing (193 bytes)
Event: 41.525 Thread 0x0000018dfd48e850 nmethod 10517 0x0000018d81348090 code [0x0000018d813483c0, 0x0000018d81349788]
Event: 41.525 Thread 0x0000018dfd48e850 10516   !   3       lombok.launch.ShadowClassLoader::getResource_ (229 bytes)
Event: 41.526 Thread 0x0000018dfd48e850 nmethod 10516 0x0000018d81349f10 code [0x0000018d8134a2c0, 0x0000018d8134b6a0]
Event: 41.526 Thread 0x0000018dfd48e850 10518       3       sun.net.www.protocol.jar.JarFileFactory::urlFor (79 bytes)
Event: 41.527 Thread 0x0000018dfd48e850 nmethod 10518 0x0000018d8134bd90 code [0x0000018d8134c020, 0x0000018d8134c920]
Event: 41.863 Thread 0x0000018dfd48e850 10519       3       org.eclipse.core.internal.events.ResourceDelta::getFlags (11 bytes)
Event: 42.529 Thread 0x0000018dfd48e850 nmethod 10519 0x0000018d8134cd10 code [0x0000018d8134cea0, 0x0000018d8134cfc0]
Event: 42.529 Thread 0x0000018dfd48e850 10520       3       org.eclipse.core.internal.events.ResourceDelta::getAffectedChildren (326 bytes)
Event: 42.530 Thread 0x0000018dfd48e850 nmethod 10520 0x0000018d8134d090 code [0x0000018d8134d380, 0x0000018d8134e430]

GC Heap History (20 events):
Event: 41.378 GC heap before
{Heap before GC invocations=1693 (full 3):
 PSYoungGen      total 6144K, used 6123K [0x00000000d5580000, 0x00000000d5f80000, 0x0000000100000000)
  eden space 5120K, 100% used [0x00000000d5580000,0x00000000d5a80000,0x00000000d5a80000)
  from space 1024K, 97% used [0x00000000d5a80000,0x00000000d5b7ad60,0x00000000d5b80000)
  to   space 2560K, 0% used [0x00000000d5d00000,0x00000000d5d00000,0x00000000d5f80000)
 ParOldGen       total 425472K, used 229976K [0x0000000080000000, 0x0000000099f80000, 0x00000000d5580000)
  object space 425472K, 54% used [0x0000000080000000,0x000000008e0961b8,0x0000000099f80000)
 Metaspace       used 74541K, committed 76096K, reserved 1179648K
  class space    used 9012K, committed 9728K, reserved 1048576K
}
Event: 41.379 GC heap after
{Heap after GC invocations=1693 (full 3):
 PSYoungGen      total 6656K, used 1409K [0x00000000d5580000, 0x00000000d5e80000, 0x0000000100000000)
  eden space 5120K, 0% used [0x00000000d5580000,0x00000000d5580000,0x00000000d5a80000)
  from space 1536K, 91% used [0x00000000d5d00000,0x00000000d5e60600,0x00000000d5e80000)
  to   space 2048K, 0% used [0x00000000d5a80000,0x00000000d5a80000,0x00000000d5c80000)
 ParOldGen       total 425472K, used 230096K [0x0000000080000000, 0x0000000099f80000, 0x00000000d5580000)
  object space 425472K, 54% used [0x0000000080000000,0x000000008e0b41b8,0x0000000099f80000)
 Metaspace       used 74541K, committed 76096K, reserved 1179648K
  class space    used 9012K, committed 9728K, reserved 1048576K
}
Event: 41.387 GC heap before
{Heap before GC invocations=1694 (full 3):
 PSYoungGen      total 6656K, used 6529K [0x00000000d5580000, 0x00000000d5e80000, 0x0000000100000000)
  eden space 5120K, 100% used [0x00000000d5580000,0x00000000d5a80000,0x00000000d5a80000)
  from space 1536K, 91% used [0x00000000d5d00000,0x00000000d5e60600,0x00000000d5e80000)
  to   space 2048K, 0% used [0x00000000d5a80000,0x00000000d5a80000,0x00000000d5c80000)
 ParOldGen       total 425472K, used 230096K [0x0000000080000000, 0x0000000099f80000, 0x00000000d5580000)
  object space 425472K, 54% used [0x0000000080000000,0x000000008e0b41b8,0x0000000099f80000)
 Metaspace       used 74558K, committed 76096K, reserved 1179648K
  class space    used 9012K, committed 9728K, reserved 1048576K
}
Event: 41.389 GC heap after
{Heap after GC invocations=1694 (full 3):
 PSYoungGen      total 6656K, used 1096K [0x00000000d5580000, 0x00000000d5d80000, 0x0000000100000000)
  eden space 5120K, 0% used [0x00000000d5580000,0x00000000d5580000,0x00000000d5a80000)
  from space 1536K, 71% used [0x00000000d5a80000,0x00000000d5b92160,0x00000000d5c00000)
  to   space 1536K, 0% used [0x00000000d5c00000,0x00000000d5c00000,0x00000000d5d80000)
 ParOldGen       total 425472K, used 230096K [0x0000000080000000, 0x0000000099f80000, 0x00000000d5580000)
  object space 425472K, 54% used [0x0000000080000000,0x000000008e0b41b8,0x0000000099f80000)
 Metaspace       used 74558K, committed 76096K, reserved 1179648K
  class space    used 9012K, committed 9728K, reserved 1048576K
}
Event: 41.401 GC heap before
{Heap before GC invocations=1695 (full 3):
 PSYoungGen      total 6656K, used 6216K [0x00000000d5580000, 0x00000000d5d80000, 0x0000000100000000)
  eden space 5120K, 100% used [0x00000000d5580000,0x00000000d5a80000,0x00000000d5a80000)
  from space 1536K, 71% used [0x00000000d5a80000,0x00000000d5b92160,0x00000000d5c00000)
  to   space 1536K, 0% used [0x00000000d5c00000,0x00000000d5c00000,0x00000000d5d80000)
 ParOldGen       total 425472K, used 230096K [0x0000000080000000, 0x0000000099f80000, 0x00000000d5580000)
  object space 425472K, 54% used [0x0000000080000000,0x000000008e0b41b8,0x0000000099f80000)
 Metaspace       used 74560K, committed 76096K, reserved 1179648K
  class space    used 9012K, committed 9728K, reserved 1048576K
}
Event: 41.402 GC heap after
{Heap after GC invocations=1695 (full 3):
 PSYoungGen      total 6144K, used 1501K [0x00000000d5580000, 0x00000000d5e80000, 0x0000000100000000)
  eden space 4608K, 0% used [0x00000000d5580000,0x00000000d5580000,0x00000000d5a00000)
  from space 1536K, 97% used [0x00000000d5c00000,0x00000000d5d776a0,0x00000000d5d80000)
  to   space 2048K, 0% used [0x00000000d5a00000,0x00000000d5a00000,0x00000000d5c00000)
 ParOldGen       total 425472K, used 230104K [0x0000000080000000, 0x0000000099f80000, 0x00000000d5580000)
  object space 425472K, 54% used [0x0000000080000000,0x000000008e0b61b8,0x0000000099f80000)
 Metaspace       used 74560K, committed 76096K, reserved 1179648K
  class space    used 9012K, committed 9728K, reserved 1048576K
}
Event: 41.410 GC heap before
{Heap before GC invocations=1696 (full 3):
 PSYoungGen      total 6144K, used 6109K [0x00000000d5580000, 0x00000000d5e80000, 0x0000000100000000)
  eden space 4608K, 100% used [0x00000000d5580000,0x00000000d5a00000,0x00000000d5a00000)
  from space 1536K, 97% used [0x00000000d5c00000,0x00000000d5d776a0,0x00000000d5d80000)
  to   space 2048K, 0% used [0x00000000d5a00000,0x00000000d5a00000,0x00000000d5c00000)
 ParOldGen       total 425472K, used 230104K [0x0000000080000000, 0x0000000099f80000, 0x00000000d5580000)
  object space 425472K, 54% used [0x0000000080000000,0x000000008e0b61b8,0x0000000099f80000)
 Metaspace       used 74561K, committed 76096K, reserved 1179648K
  class space    used 9012K, committed 9728K, reserved 1048576K
}
Event: 41.411 GC heap after
{Heap after GC invocations=1696 (full 3):
 PSYoungGen      total 5632K, used 777K [0x00000000d5580000, 0x00000000d5d00000, 0x0000000100000000)
  eden space 4608K, 0% used [0x00000000d5580000,0x00000000d5580000,0x00000000d5a00000)
  from space 1024K, 75% used [0x00000000d5a00000,0x00000000d5ac2520,0x00000000d5b00000)
  to   space 1536K, 0% used [0x00000000d5b80000,0x00000000d5b80000,0x00000000d5d00000)
 ParOldGen       total 425472K, used 230120K [0x0000000080000000, 0x0000000099f80000, 0x00000000d5580000)
  object space 425472K, 54% used [0x0000000080000000,0x000000008e0ba1b8,0x0000000099f80000)
 Metaspace       used 74561K, committed 76096K, reserved 1179648K
  class space    used 9012K, committed 9728K, reserved 1048576K
}
Event: 41.417 GC heap before
{Heap before GC invocations=1697 (full 3):
 PSYoungGen      total 5632K, used 5262K [0x00000000d5580000, 0x00000000d5d00000, 0x0000000100000000)
  eden space 4608K, 97% used [0x00000000d5580000,0x00000000d59e15e0,0x00000000d5a00000)
  from space 1024K, 75% used [0x00000000d5a00000,0x00000000d5ac2520,0x00000000d5b00000)
  to   space 1536K, 0% used [0x00000000d5b80000,0x00000000d5b80000,0x00000000d5d00000)
 ParOldGen       total 425472K, used 230120K [0x0000000080000000, 0x0000000099f80000, 0x00000000d5580000)
  object space 425472K, 54% used [0x0000000080000000,0x000000008e0ba1b8,0x0000000099f80000)
 Metaspace       used 74562K, committed 76096K, reserved 1179648K
  class space    used 9012K, committed 9728K, reserved 1048576K
}
Event: 41.417 GC heap after
{Heap after GC invocations=1697 (full 3):
 PSYoungGen      total 6144K, used 1033K [0x00000000d5580000, 0x00000000d5d00000, 0x0000000100000000)
  eden space 4608K, 0% used [0x00000000d5580000,0x00000000d5580000,0x00000000d5a00000)
  from space 1536K, 67% used [0x00000000d5b80000,0x00000000d5c82558,0x00000000d5d00000)
  to   space 1536K, 0% used [0x00000000d5a00000,0x00000000d5a00000,0x00000000d5b80000)
 ParOldGen       total 425472K, used 230128K [0x0000000080000000, 0x0000000099f80000, 0x00000000d5580000)
  object space 425472K, 54% used [0x0000000080000000,0x000000008e0bc1b8,0x0000000099f80000)
 Metaspace       used 74562K, committed 76096K, reserved 1179648K
  class space    used 9012K, committed 9728K, reserved 1048576K
}
Event: 41.420 GC heap before
{Heap before GC invocations=1698 (full 3):
 PSYoungGen      total 6144K, used 5641K [0x00000000d5580000, 0x00000000d5d00000, 0x0000000100000000)
  eden space 4608K, 100% used [0x00000000d5580000,0x00000000d5a00000,0x00000000d5a00000)
  from space 1536K, 67% used [0x00000000d5b80000,0x00000000d5c82558,0x00000000d5d00000)
  to   space 1536K, 0% used [0x00000000d5a00000,0x00000000d5a00000,0x00000000d5b80000)
 ParOldGen       total 425472K, used 230128K [0x0000000080000000, 0x0000000099f80000, 0x00000000d5580000)
  object space 425472K, 54% used [0x0000000080000000,0x000000008e0bc1b8,0x0000000099f80000)
 Metaspace       used 74562K, committed 76096K, reserved 1179648K
  class space    used 9012K, committed 9728K, reserved 1048576K
}
Event: 41.421 GC heap after
{Heap after GC invocations=1698 (full 3):
 PSYoungGen      total 6144K, used 1322K [0x00000000d5580000, 0x00000000d5d00000, 0x0000000100000000)
  eden space 4608K, 0% used [0x00000000d5580000,0x00000000d5580000,0x00000000d5a00000)
  from space 1536K, 86% used [0x00000000d5a00000,0x00000000d5b4a8d0,0x00000000d5b80000)
  to   space 1536K, 0% used [0x00000000d5b80000,0x00000000d5b80000,0x00000000d5d00000)
 ParOldGen       total 425472K, used 230128K [0x0000000080000000, 0x0000000099f80000, 0x00000000d5580000)
  object space 425472K, 54% used [0x0000000080000000,0x000000008e0bc1b8,0x0000000099f80000)
 Metaspace       used 74562K, committed 76096K, reserved 1179648K
  class space    used 9012K, committed 9728K, reserved 1048576K
}
Event: 41.432 GC heap before
{Heap before GC invocations=1699 (full 3):
 PSYoungGen      total 6144K, used 5930K [0x00000000d5580000, 0x00000000d5d00000, 0x0000000100000000)
  eden space 4608K, 100% used [0x00000000d5580000,0x00000000d5a00000,0x00000000d5a00000)
  from space 1536K, 86% used [0x00000000d5a00000,0x00000000d5b4a8d0,0x00000000d5b80000)
  to   space 1536K, 0% used [0x00000000d5b80000,0x00000000d5b80000,0x00000000d5d00000)
 ParOldGen       total 425472K, used 230128K [0x0000000080000000, 0x0000000099f80000, 0x00000000d5580000)
  object space 425472K, 54% used [0x0000000080000000,0x000000008e0bc1b8,0x0000000099f80000)
 Metaspace       used 74841K, committed 76352K, reserved 1179648K
  class space    used 9029K, committed 9728K, reserved 1048576K
}
Event: 41.432 GC heap after
{Heap after GC invocations=1699 (full 3):
 PSYoungGen      total 5120K, used 224K [0x00000000d5580000, 0x00000000d5c00000, 0x0000000100000000)
  eden space 4608K, 0% used [0x00000000d5580000,0x00000000d5580000,0x00000000d5a00000)
  from space 512K, 43% used [0x00000000d5b80000,0x00000000d5bb8000,0x00000000d5c00000)
  to   space 1024K, 0% used [0x00000000d5a00000,0x00000000d5a00000,0x00000000d5b00000)
 ParOldGen       total 425472K, used 230128K [0x0000000080000000, 0x0000000099f80000, 0x00000000d5580000)
  object space 425472K, 54% used [0x0000000080000000,0x000000008e0bc1b8,0x0000000099f80000)
 Metaspace       used 74841K, committed 76352K, reserved 1179648K
  class space    used 9029K, committed 9728K, reserved 1048576K
}
Event: 41.454 GC heap before
{Heap before GC invocations=1700 (full 3):
 PSYoungGen      total 5120K, used 4832K [0x00000000d5580000, 0x00000000d5c00000, 0x0000000100000000)
  eden space 4608K, 100% used [0x00000000d5580000,0x00000000d5a00000,0x00000000d5a00000)
  from space 512K, 43% used [0x00000000d5b80000,0x00000000d5bb8000,0x00000000d5c00000)
  to   space 1024K, 0% used [0x00000000d5a00000,0x00000000d5a00000,0x00000000d5b00000)
 ParOldGen       total 425472K, used 230128K [0x0000000080000000, 0x0000000099f80000, 0x00000000d5580000)
  object space 425472K, 54% used [0x0000000080000000,0x000000008e0bc1b8,0x0000000099f80000)
 Metaspace       used 75660K, committed 77184K, reserved 1179648K
  class space    used 9113K, committed 9792K, reserved 1048576K
}
Event: 41.454 GC heap after
{Heap after GC invocations=1700 (full 3):
 PSYoungGen      total 5632K, used 288K [0x00000000d5580000, 0x00000000d5c00000, 0x0000000100000000)
  eden space 4608K, 0% used [0x00000000d5580000,0x00000000d5580000,0x00000000d5a00000)
  from space 1024K, 28% used [0x00000000d5a00000,0x00000000d5a48000,0x00000000d5b00000)
  to   space 512K, 0% used [0x00000000d5b80000,0x00000000d5b80000,0x00000000d5c00000)
 ParOldGen       total 425472K, used 230200K [0x0000000080000000, 0x0000000099f80000, 0x00000000d5580000)
  object space 425472K, 54% used [0x0000000080000000,0x000000008e0ce1b8,0x0000000099f80000)
 Metaspace       used 75660K, committed 77184K, reserved 1179648K
  class space    used 9113K, committed 9792K, reserved 1048576K
}
Event: 41.499 GC heap before
{Heap before GC invocations=1701 (full 3):
 PSYoungGen      total 5632K, used 4896K [0x00000000d5580000, 0x00000000d5c00000, 0x0000000100000000)
  eden space 4608K, 100% used [0x00000000d5580000,0x00000000d5a00000,0x00000000d5a00000)
  from space 1024K, 28% used [0x00000000d5a00000,0x00000000d5a48000,0x00000000d5b00000)
  to   space 512K, 0% used [0x00000000d5b80000,0x00000000d5b80000,0x00000000d5c00000)
 ParOldGen       total 425472K, used 230200K [0x0000000080000000, 0x0000000099f80000, 0x00000000d5580000)
  object space 425472K, 54% used [0x0000000080000000,0x000000008e0ce1b8,0x0000000099f80000)
 Metaspace       used 75842K, committed 77376K, reserved 1179648K
  class space    used 9139K, committed 9856K, reserved 1048576K
}
Event: 41.500 GC heap after
{Heap after GC invocations=1701 (full 3):
 PSYoungGen      total 5120K, used 288K [0x00000000d5580000, 0x00000000d5c00000, 0x0000000100000000)
  eden space 4608K, 0% used [0x00000000d5580000,0x00000000d5580000,0x00000000d5a00000)
  from space 512K, 56% used [0x00000000d5b80000,0x00000000d5bc8000,0x00000000d5c00000)
  to   space 512K, 0% used [0x00000000d5b00000,0x00000000d5b00000,0x00000000d5b80000)
 ParOldGen       total 425472K, used 230288K [0x0000000080000000, 0x0000000099f80000, 0x00000000d5580000)
  object space 425472K, 54% used [0x0000000080000000,0x000000008e0e41b8,0x0000000099f80000)
 Metaspace       used 75842K, committed 77376K, reserved 1179648K
  class space    used 9139K, committed 9856K, reserved 1048576K
}
Event: 41.528 GC heap before
{Heap before GC invocations=1702 (full 3):
 PSYoungGen      total 5120K, used 4895K [0x00000000d5580000, 0x00000000d5c00000, 0x0000000100000000)
  eden space 4608K, 99% used [0x00000000d5580000,0x00000000d59ffff0,0x00000000d5a00000)
  from space 512K, 56% used [0x00000000d5b80000,0x00000000d5bc8000,0x00000000d5c00000)
  to   space 512K, 0% used [0x00000000d5b00000,0x00000000d5b00000,0x00000000d5b80000)
 ParOldGen       total 425472K, used 230288K [0x0000000080000000, 0x0000000099f80000, 0x00000000d5580000)
  object space 425472K, 54% used [0x0000000080000000,0x000000008e0e41b8,0x0000000099f80000)
 Metaspace       used 75923K, committed 77504K, reserved 1179648K
  class space    used 9164K, committed 9856K, reserved 1048576K
}
Event: 41.529 GC heap after
{Heap after GC invocations=1702 (full 3):
 PSYoungGen      total 5120K, used 256K [0x00000000d5580000, 0x00000000d5c00000, 0x0000000100000000)
  eden space 4608K, 0% used [0x00000000d5580000,0x00000000d5580000,0x00000000d5a00000)
  from space 512K, 50% used [0x00000000d5b00000,0x00000000d5b40010,0x00000000d5b80000)
  to   space 512K, 0% used [0x00000000d5b80000,0x00000000d5b80000,0x00000000d5c00000)
 ParOldGen       total 425472K, used 230376K [0x0000000080000000, 0x0000000099f80000, 0x00000000d5580000)
  object space 425472K, 54% used [0x0000000080000000,0x000000008e0fa1b8,0x0000000099f80000)
 Metaspace       used 75923K, committed 77504K, reserved 1179648K
  class space    used 9164K, committed 9856K, reserved 1048576K
}

Dll operation events (15 events):
Event: 0.025 Loaded shared library c:\Users\TUF\.vscode\extensions\redhat.java-1.43.1-win32-x64\jre\21.0.7-win32-x86_64\bin\java.dll
Event: 0.097 Loaded shared library c:\Users\TUF\.vscode\extensions\redhat.java-1.43.1-win32-x64\jre\21.0.7-win32-x86_64\bin\zip.dll
Event: 0.117 Loaded shared library C:\Users\TUF\.vscode\extensions\redhat.java-1.43.1-win32-x64\jre\21.0.7-win32-x86_64\bin\instrument.dll
Event: 0.122 Loaded shared library C:\Users\TUF\.vscode\extensions\redhat.java-1.43.1-win32-x64\jre\21.0.7-win32-x86_64\bin\net.dll
Event: 0.124 Loaded shared library C:\Users\TUF\.vscode\extensions\redhat.java-1.43.1-win32-x64\jre\21.0.7-win32-x86_64\bin\nio.dll
Event: 0.127 Loaded shared library C:\Users\TUF\.vscode\extensions\redhat.java-1.43.1-win32-x64\jre\21.0.7-win32-x86_64\bin\zip.dll
Event: 0.141 Loaded shared library C:\Users\TUF\.vscode\extensions\redhat.java-1.43.1-win32-x64\jre\21.0.7-win32-x86_64\bin\jimage.dll
Event: 0.210 Loaded shared library c:\Users\TUF\.vscode\extensions\redhat.java-1.43.1-win32-x64\jre\21.0.7-win32-x86_64\bin\verify.dll
Event: 2.092 Loaded shared library C:\Users\TUF\AppData\Roaming\Code\User\globalStorage\redhat.java\1.43.1\config_win\org.eclipse.equinox.launcher\org.eclipse.equinox.launcher.win32.win32.x86_64_1.2.1300.v20250331-1702\eclipse_11911.dll
Event: 9.510 Loaded shared library C:\Users\TUF\AppData\Local\Temp\jna-83429\jna2447521877093580307.dll
Event: 11.788 Loaded shared library C:\Users\TUF\.gradle\native\c067742578af261105cb4f569cf0c3c89f3d7b1fecec35dd04571415982c5e48\windows-amd64\native-platform.dll
Event: 12.938 Loaded shared library C:\Users\TUF\.vscode\extensions\redhat.java-1.43.1-win32-x64\jre\21.0.7-win32-x86_64\bin\management.dll
Event: 12.941 Loaded shared library C:\Users\TUF\.vscode\extensions\redhat.java-1.43.1-win32-x64\jre\21.0.7-win32-x86_64\bin\management_ext.dll
Event: 21.582 Loaded shared library C:\Users\TUF\.vscode\extensions\redhat.java-1.43.1-win32-x64\jre\21.0.7-win32-x86_64\bin\extnet.dll
Event: 21.830 Loaded shared library C:\Users\TUF\.vscode\extensions\redhat.java-1.43.1-win32-x64\jre\21.0.7-win32-x86_64\bin\sunmscapi.dll

Deoptimization events (20 events):
Event: 41.383 Thread 0x0000018dd6590b20 Uncommon trap: trap_request=0xffffffde fr.pc=0x0000018d87ca9d40 relative=0x00000000000034c0
Event: 41.383 Thread 0x0000018dd6590b20 Uncommon trap: reason=class_check action=maybe_recompile pc=0x0000018d87ca9d40 method=lombok.patcher.PatchScript$MethodPatcher.visitMethod(ILjava/lang/String;Ljava/lang/String;Ljava/lang/String;[Ljava/lang/String;)Lorg/lombokweb/asm/MethodVisitor; @ 101 c
Event: 41.383 Thread 0x0000018dd6590b20 DEOPT PACKING pc=0x0000018d87ca9d40 sp=0x000000473a8fa3f0
Event: 41.383 Thread 0x0000018dd6590b20 DEOPT UNPACKING pc=0x0000018d87583aa2 sp=0x000000473a8fa418 mode 2
Event: 41.406 Thread 0x0000018dd6590b20 DEOPT PACKING pc=0x0000018d80801fb3 sp=0x000000473a8fa6e0
Event: 41.406 Thread 0x0000018dd6590b20 DEOPT UNPACKING pc=0x0000018d87584242 sp=0x000000473a8f9c10 mode 0
Event: 41.409 Thread 0x0000018dd6590b20 DEOPT PACKING pc=0x0000018d80801fb3 sp=0x000000473a8fa6e0
Event: 41.409 Thread 0x0000018dd6590b20 DEOPT UNPACKING pc=0x0000018d87584242 sp=0x000000473a8f9c10 mode 0
Event: 41.414 Thread 0x0000018dd6590b20 DEOPT PACKING pc=0x0000018d80801fb3 sp=0x000000473a8fa6e0
Event: 41.414 Thread 0x0000018dd6590b20 DEOPT UNPACKING pc=0x0000018d87584242 sp=0x000000473a8f9c10 mode 0
Event: 41.416 Thread 0x0000018dd6590b20 DEOPT PACKING pc=0x0000018d80801fb3 sp=0x000000473a8fa6e0
Event: 41.416 Thread 0x0000018dd6590b20 DEOPT UNPACKING pc=0x0000018d87584242 sp=0x000000473a8f9c10 mode 0
Event: 41.418 Thread 0x0000018dd6590b20 DEOPT PACKING pc=0x0000018d80801fb3 sp=0x000000473a8fa6e0
Event: 41.418 Thread 0x0000018dd6590b20 DEOPT UNPACKING pc=0x0000018d87584242 sp=0x000000473a8f9c10 mode 0
Event: 41.419 Thread 0x0000018dd6590b20 DEOPT PACKING pc=0x0000018d80801fb3 sp=0x000000473a8fa6e0
Event: 41.419 Thread 0x0000018dd6590b20 DEOPT UNPACKING pc=0x0000018d87584242 sp=0x000000473a8f9c10 mode 0
Event: 41.425 Thread 0x0000018dd6590b20 DEOPT PACKING pc=0x0000018d80801fb3 sp=0x000000473a8fa6e0
Event: 41.425 Thread 0x0000018dd6590b20 DEOPT UNPACKING pc=0x0000018d87584242 sp=0x000000473a8f9c10 mode 0
Event: 41.502 Thread 0x0000018dd6590b20 DEOPT PACKING pc=0x0000018d811b374e sp=0x000000473a8f8810
Event: 41.502 Thread 0x0000018dd6590b20 DEOPT UNPACKING pc=0x0000018d87584242 sp=0x000000473a8f7d90 mode 0

Classes loaded (20 events):
Event: 31.066 Loading class sun/util/resources/cldr/TimeZoneNames
Event: 31.066 Loading class sun/util/resources/TimeZoneNamesBundle
Event: 31.066 Loading class sun/util/resources/OpenListResourceBundle
Event: 31.066 Loading class sun/util/resources/OpenListResourceBundle done
Event: 31.066 Loading class sun/util/resources/TimeZoneNamesBundle done
Event: 31.066 Loading class sun/util/resources/cldr/TimeZoneNames done
Event: 31.066 Loading class sun/util/resources/cldr/TimeZoneNames_en
Event: 31.067 Loading class sun/util/resources/cldr/TimeZoneNames_en done
Event: 31.068 Loading class sun/util/resources/cldr/TimeZoneNames_en_US
Event: 31.068 Loading class sun/util/resources/cldr/TimeZoneNames_en_US done
Event: 31.069 Loading class sun/util/cldr/CLDRBaseLocaleDataMetaInfo$TZCanonicalIDMapHolder
Event: 31.070 Loading class sun/util/cldr/CLDRBaseLocaleDataMetaInfo$TZCanonicalIDMapHolder done
Event: 31.071 Loading class sun/util/resources/TimeZoneNames
Event: 31.072 Loading class sun/util/resources/TimeZoneNames done
Event: 31.072 Loading class sun/util/resources/TimeZoneNames_en
Event: 31.072 Loading class sun/util/resources/TimeZoneNames_en done
Event: 31.802 Loading class java/io/SequenceInputStream
Event: 31.802 Loading class java/io/SequenceInputStream done
Event: 40.316 Loading class java/util/concurrent/ForkJoinTask$AdaptedCallable
Event: 40.316 Loading class java/util/concurrent/ForkJoinTask$AdaptedCallable done

Classes unloaded (7 events):
Event: 9.944 Thread 0x0000018df3c9e060 Unloading class 0x0000018d901a4800 'java/lang/invoke/LambdaForm$MH+0x0000018d901a4800'
Event: 9.944 Thread 0x0000018df3c9e060 Unloading class 0x0000018d901a4400 'java/lang/invoke/LambdaForm$MH+0x0000018d901a4400'
Event: 9.944 Thread 0x0000018df3c9e060 Unloading class 0x0000018d901a4000 'java/lang/invoke/LambdaForm$MH+0x0000018d901a4000'
Event: 9.944 Thread 0x0000018df3c9e060 Unloading class 0x0000018d901a3c00 'java/lang/invoke/LambdaForm$MH+0x0000018d901a3c00'
Event: 9.944 Thread 0x0000018df3c9e060 Unloading class 0x0000018d901a3800 'java/lang/invoke/LambdaForm$BMH+0x0000018d901a3800'
Event: 9.944 Thread 0x0000018df3c9e060 Unloading class 0x0000018d901a3400 'java/lang/invoke/LambdaForm$DMH+0x0000018d901a3400'
Event: 9.944 Thread 0x0000018df3c9e060 Unloading class 0x0000018d901a2000 'java/lang/invoke/LambdaForm$DMH+0x0000018d901a2000'

Classes redefined (0 events):
No events

Internal exceptions (20 events):
Event: 31.784 Thread 0x0000018dfe544800 Exception <a 'java/lang/NoSuchMethodError'{0x00000000d59267b0}: 'java.lang.Object java.lang.invoke.DirectMethodHandle$Holder.invokeStatic(java.lang.Object, java.lang.Object, int, java.lang.Object)'> (0x00000000d59267b0) 
thrown [s\src\hotspot\share\interpreter\linkResolver.cpp, line 773]
Event: 31.890 Thread 0x0000018dfe544800 Exception <a 'java/io/FileNotFoundException'{0x00000000d5622b90}> (0x00000000d5622b90) 
thrown [s\src\hotspot\share\prims\jni.cpp, line 520]
Event: 31.893 Thread 0x0000018dfe544800 Exception <a 'java/io/FileNotFoundException'{0x00000000d5623e10}> (0x00000000d5623e10) 
thrown [s\src\hotspot\share\prims\jni.cpp, line 520]
Event: 40.216 Thread 0x0000018dd6590b20 Exception <a 'java/io/FileNotFoundException'{0x00000000d5af2c70}> (0x00000000d5af2c70) 
thrown [s\src\hotspot\share\prims\jni.cpp, line 520]
Event: 40.216 Thread 0x0000018dd6590b20 Exception <a 'java/io/FileNotFoundException'{0x00000000d5af3c58}> (0x00000000d5af3c58) 
thrown [s\src\hotspot\share\prims\jni.cpp, line 520]
Event: 40.216 Thread 0x0000018dd6590b20 Exception <a 'java/io/FileNotFoundException'{0x00000000d5af5630}> (0x00000000d5af5630) 
thrown [s\src\hotspot\share\prims\jni.cpp, line 520]
Event: 40.216 Thread 0x0000018dd6590b20 Exception <a 'java/io/FileNotFoundException'{0x00000000d5af68e0}> (0x00000000d5af68e0) 
thrown [s\src\hotspot\share\prims\jni.cpp, line 520]
Event: 40.216 Thread 0x0000018dd6590b20 Exception <a 'java/io/FileNotFoundException'{0x00000000d5af78e8}> (0x00000000d5af78e8) 
thrown [s\src\hotspot\share\prims\jni.cpp, line 520]
Event: 40.316 Thread 0x0000018dd6590b20 Exception <a 'sun/nio/fs/WindowsException'{0x00000000d5864fd0}> (0x00000000d5864fd0) 
thrown [s\src\hotspot\share\prims\jni.cpp, line 520]
Event: 40.317 Thread 0x0000018dd53b82b0 Exception <a 'sun/nio/fs/WindowsException'{0x00000000d587fd38}> (0x00000000d587fd38) 
thrown [s\src\hotspot\share\prims\jni.cpp, line 520]
Event: 40.317 Thread 0x0000018dd53b8fd0 Exception <a 'sun/nio/fs/WindowsException'{0x00000000d5886520}> (0x00000000d5886520) 
thrown [s\src\hotspot\share\prims\jni.cpp, line 520]
Event: 40.321 Thread 0x0000018dd6590b20 Exception <a 'sun/nio/fs/WindowsException'{0x00000000d5879090}> (0x00000000d5879090) 
thrown [s\src\hotspot\share\prims\jni.cpp, line 520]
Event: 40.321 Thread 0x0000018dd53b82b0 Exception <a 'sun/nio/fs/WindowsException'{0x00000000d58a0598}> (0x00000000d58a0598) 
thrown [s\src\hotspot\share\prims\jni.cpp, line 520]
Event: 40.321 Thread 0x0000018dd53b8fd0 Exception <a 'sun/nio/fs/WindowsException'{0x00000000d5888048}> (0x00000000d5888048) 
thrown [s\src\hotspot\share\prims\jni.cpp, line 520]
Event: 40.321 Thread 0x0000018dd53b9660 Exception <a 'sun/nio/fs/WindowsException'{0x00000000d588dea0}> (0x00000000d588dea0) 
thrown [s\src\hotspot\share\prims\jni.cpp, line 520]
Event: 40.321 Thread 0x0000018dd53ba380 Exception <a 'sun/nio/fs/WindowsException'{0x00000000d589a5d0}> (0x00000000d589a5d0) 
thrown [s\src\hotspot\share\prims\jni.cpp, line 520]
Event: 40.322 Thread 0x0000018dd53b9cf0 Exception <a 'sun/nio/fs/WindowsException'{0x00000000d58940f8}> (0x00000000d58940f8) 
thrown [s\src\hotspot\share\prims\jni.cpp, line 520]
Event: 40.322 Thread 0x0000018dd4d33960 Exception <a 'sun/nio/fs/WindowsException'{0x00000000d58a7798}> (0x00000000d58a7798) 
thrown [s\src\hotspot\share\prims\jni.cpp, line 520]
Event: 40.322 Thread 0x0000018dd8974960 Exception <a 'sun/nio/fs/WindowsException'{0x00000000d58adf08}> (0x00000000d58adf08) 
thrown [s\src\hotspot\share\prims\jni.cpp, line 520]
Event: 40.322 Thread 0x0000018dd89714e0 Exception <a 'sun/nio/fs/WindowsException'{0x00000000d58b4a10}> (0x00000000d58b4a10) 
thrown [s\src\hotspot\share\prims\jni.cpp, line 520]

ZGC Phase Switch (0 events):
No events

VM Operations (20 events):
Event: 41.379 Executing VM operation: ParallelGCFailedAllocation (Allocation Failure) done
Event: 41.387 Executing VM operation: ParallelGCFailedAllocation (Allocation Failure)
Event: 41.389 Executing VM operation: ParallelGCFailedAllocation (Allocation Failure) done
Event: 41.401 Executing VM operation: ParallelGCFailedAllocation (Allocation Failure)
Event: 41.402 Executing VM operation: ParallelGCFailedAllocation (Allocation Failure) done
Event: 41.410 Executing VM operation: ParallelGCFailedAllocation (Allocation Failure)
Event: 41.411 Executing VM operation: ParallelGCFailedAllocation (Allocation Failure) done
Event: 41.417 Executing VM operation: ParallelGCFailedAllocation (Allocation Failure)
Event: 41.417 Executing VM operation: ParallelGCFailedAllocation (Allocation Failure) done
Event: 41.420 Executing VM operation: ParallelGCFailedAllocation (Allocation Failure)
Event: 41.421 Executing VM operation: ParallelGCFailedAllocation (Allocation Failure) done
Event: 41.432 Executing VM operation: ParallelGCFailedAllocation (Allocation Failure)
Event: 41.432 Executing VM operation: ParallelGCFailedAllocation (Allocation Failure) done
Event: 41.454 Executing VM operation: ParallelGCFailedAllocation (Allocation Failure)
Event: 41.454 Executing VM operation: ParallelGCFailedAllocation (Allocation Failure) done
Event: 41.499 Executing VM operation: ParallelGCFailedAllocation (Allocation Failure)
Event: 41.500 Executing VM operation: ParallelGCFailedAllocation (Allocation Failure) done
Event: 41.528 Executing VM operation: ParallelGCFailedAllocation (Allocation Failure)
Event: 41.529 Executing VM operation: ParallelGCFailedAllocation (Allocation Failure) done
Event: 43.529 Executing VM operation: Cleanup

Memory protections (0 events):
No events

Nmethod flushes (20 events):
Event: 19.174 Thread 0x0000018df3c9e060 flushing  nmethod 0x0000018d80866510
Event: 19.174 Thread 0x0000018df3c9e060 flushing  nmethod 0x0000018d8086a910
Event: 19.174 Thread 0x0000018df3c9e060 flushing  nmethod 0x0000018d8086ad90
Event: 19.174 Thread 0x0000018df3c9e060 flushing  nmethod 0x0000018d80876390
Event: 19.174 Thread 0x0000018df3c9e060 flushing  nmethod 0x0000018d80882810
Event: 19.174 Thread 0x0000018df3c9e060 flushing  nmethod 0x0000018d80885e10
Event: 19.174 Thread 0x0000018df3c9e060 flushing  nmethod 0x0000018d80887710
Event: 19.174 Thread 0x0000018df3c9e060 flushing  nmethod 0x0000018d80887f90
Event: 19.174 Thread 0x0000018df3c9e060 flushing  nmethod 0x0000018d80888590
Event: 19.174 Thread 0x0000018df3c9e060 flushing  nmethod 0x0000018d80889290
Event: 19.174 Thread 0x0000018df3c9e060 flushing  nmethod 0x0000018d8088aa90
Event: 19.174 Thread 0x0000018df3c9e060 flushing  nmethod 0x0000018d80894790
Event: 19.174 Thread 0x0000018df3c9e060 flushing  nmethod 0x0000018d808ad290
Event: 19.174 Thread 0x0000018df3c9e060 flushing  nmethod 0x0000018d808c3210
Event: 19.174 Thread 0x0000018df3c9e060 flushing  nmethod 0x0000018d808cc210
Event: 19.174 Thread 0x0000018df3c9e060 flushing  nmethod 0x0000018d808f7090
Event: 19.174 Thread 0x0000018df3c9e060 flushing  nmethod 0x0000018d808f8b90
Event: 19.174 Thread 0x0000018df3c9e060 flushing  nmethod 0x0000018d80900190
Event: 19.174 Thread 0x0000018df3c9e060 flushing  nmethod 0x0000018d80921490
Event: 19.174 Thread 0x0000018df3c9e060 flushing  nmethod 0x0000018d80922790

Events (20 events):
Event: 40.317 Thread 0x0000018dd6590b20 Thread added: 0x0000018dd53b82b0
Event: 40.317 Thread 0x0000018dd53b82b0 Thread added: 0x0000018dd53b8fd0
Event: 40.317 Thread 0x0000018dd53b82b0 Thread added: 0x0000018dd53b9660
Event: 40.318 Thread 0x0000018dd53b8fd0 Thread added: 0x0000018dd53b9cf0
Event: 40.318 Thread 0x0000018dd53b8fd0 Thread added: 0x0000018dd53ba380
Event: 40.321 Thread 0x0000018dd53b9660 Thread added: 0x0000018dd4d33960
Event: 40.321 Thread 0x0000018dd53b9cf0 Thread added: 0x0000018dd8974960
Event: 40.322 Thread 0x0000018dd4d33960 Thread added: 0x0000018dd89714e0
Event: 40.322 Thread 0x0000018dd8974960 Thread added: 0x0000018dd89735b0
Event: 40.322 Thread 0x0000018dd53ba380 Thread added: 0x0000018dd8972890
Event: 40.322 Thread 0x0000018dd53b9cf0 Thread added: 0x0000018dd8972f20
Event: 40.322 Thread 0x0000018dd53ba380 Thread added: 0x0000018dd8973c40
Event: 40.334 Thread 0x0000018dd6590b20 Thread added: 0x0000018dd89742d0
Event: 40.334 Thread 0x0000018dd6590b20 Thread added: 0x0000018dd8974ff0
Event: 40.334 Thread 0x0000018dd6590b20 Thread added: 0x0000018dd8971b70
Event: 40.334 Thread 0x0000018dd6590b20 Thread added: 0x0000018dd8975680
Event: 40.334 Thread 0x0000018dd6590b20 Thread added: 0x0000018dd8972200
Event: 40.334 Thread 0x0000018dd8971b70 Thread added: 0x0000018dd8975d10
Event: 40.336 Thread 0x0000018dfd48e850 Thread added: 0x0000018dfe461eb0
Event: 41.379 Thread 0x0000018dfd48e850 Thread added: 0x0000018dfe462580


Dynamic libraries:
0x00007ff6a5e60000 - 0x00007ff6a5e6e000 	c:\Users\TUF\.vscode\extensions\redhat.java-1.43.1-win32-x64\jre\21.0.7-win32-x86_64\bin\java.exe
0x00007ff908ba0000 - 0x00007ff908e08000 	C:\WINDOWS\SYSTEM32\ntdll.dll
0x00007ff907d00000 - 0x00007ff907dc9000 	C:\WINDOWS\System32\KERNEL32.DLL
0x00007ff906550000 - 0x00007ff90693d000 	C:\WINDOWS\System32\KERNELBASE.dll
0x00007ff9062a0000 - 0x00007ff9063eb000 	C:\WINDOWS\System32\ucrtbase.dll
0x00007ff8ec0b0000 - 0x00007ff8ec0c8000 	c:\Users\TUF\.vscode\extensions\redhat.java-1.43.1-win32-x64\jre\21.0.7-win32-x86_64\bin\jli.dll
0x00007ff908980000 - 0x00007ff908b4c000 	C:\WINDOWS\System32\USER32.dll
0x00007ff906080000 - 0x00007ff9060a7000 	C:\WINDOWS\System32\win32u.dll
0x00007ff906fe0000 - 0x00007ff90700b000 	C:\WINDOWS\System32\GDI32.dll
0x00007ff906160000 - 0x00007ff906297000 	C:\WINDOWS\System32\gdi32full.dll
0x00007ff9060b0000 - 0x00007ff906153000 	C:\WINDOWS\System32\msvcp_win.dll
0x00007ff8eb8c0000 - 0x00007ff8eb8de000 	c:\Users\TUF\.vscode\extensions\redhat.java-1.43.1-win32-x64\jre\21.0.7-win32-x86_64\bin\VCRUNTIME140.dll
0x00007ff8ebb80000 - 0x00007ff8ebe1a000 	C:\WINDOWS\WinSxS\amd64_microsoft.windows.common-controls_6595b64144ccf1df_6.0.26100.4484_none_3e0e6d4ce32ef3b3\COMCTL32.dll
0x00007ff906c60000 - 0x00007ff906d09000 	C:\WINDOWS\System32\msvcrt.dll
0x00007ff907bb0000 - 0x00007ff907bdf000 	C:\WINDOWS\System32\IMM32.DLL
0x00007ff8fe450000 - 0x00007ff8fe45c000 	c:\Users\TUF\.vscode\extensions\redhat.java-1.43.1-win32-x64\jre\21.0.7-win32-x86_64\bin\vcruntime140_1.dll
0x00007ff8e75e0000 - 0x00007ff8e766d000 	c:\Users\TUF\.vscode\extensions\redhat.java-1.43.1-win32-x64\jre\21.0.7-win32-x86_64\bin\msvcp140.dll
0x00007ff879b50000 - 0x00007ff87a8e0000 	c:\Users\TUF\.vscode\extensions\redhat.java-1.43.1-win32-x64\jre\21.0.7-win32-x86_64\bin\server\jvm.dll
0x00007ff907290000 - 0x00007ff907344000 	C:\WINDOWS\System32\ADVAPI32.dll
0x00007ff908730000 - 0x00007ff9087d6000 	C:\WINDOWS\System32\sechost.dll
0x00007ff9087e0000 - 0x00007ff9088f8000 	C:\WINDOWS\System32\RPCRT4.dll
0x00007ff908900000 - 0x00007ff908974000 	C:\WINDOWS\System32\WS2_32.dll
0x00007ff905450000 - 0x00007ff9054ae000 	C:\WINDOWS\SYSTEM32\POWRPROF.dll
0x00007ff8f5e20000 - 0x00007ff8f5e55000 	C:\WINDOWS\SYSTEM32\WINMM.dll
0x00007ff8ff520000 - 0x00007ff8ff52b000 	C:\WINDOWS\SYSTEM32\VERSION.dll
0x00007ff905430000 - 0x00007ff905444000 	C:\WINDOWS\SYSTEM32\UMPDC.dll
0x00007ff904a50000 - 0x00007ff904a6b000 	C:\WINDOWS\SYSTEM32\kernel.appcore.dll
0x00007ff8fb570000 - 0x00007ff8fb57a000 	c:\Users\TUF\.vscode\extensions\redhat.java-1.43.1-win32-x64\jre\21.0.7-win32-x86_64\bin\jimage.dll
0x00007ff8f5130000 - 0x00007ff8f5371000 	C:\WINDOWS\SYSTEM32\DBGHELP.DLL
0x00007ff907f10000 - 0x00007ff908296000 	C:\WINDOWS\System32\combase.dll
0x00007ff906d10000 - 0x00007ff906df0000 	C:\WINDOWS\System32\OLEAUT32.dll
0x00007ff8e9550000 - 0x00007ff8e9593000 	C:\WINDOWS\SYSTEM32\dbgcore.DLL
0x00007ff9064b0000 - 0x00007ff906549000 	C:\WINDOWS\System32\bcryptPrimitives.dll
0x00007ff8ef360000 - 0x00007ff8ef36f000 	c:\Users\TUF\.vscode\extensions\redhat.java-1.43.1-win32-x64\jre\21.0.7-win32-x86_64\bin\instrument.dll
0x00007ff8e6750000 - 0x00007ff8e676f000 	c:\Users\TUF\.vscode\extensions\redhat.java-1.43.1-win32-x64\jre\21.0.7-win32-x86_64\bin\java.dll
0x00007ff907460000 - 0x00007ff907baa000 	C:\WINDOWS\System32\SHELL32.dll
0x00007ff905cf0000 - 0x00007ff905e64000 	C:\WINDOWS\System32\wintypes.dll
0x00007ff903910000 - 0x00007ff90416b000 	C:\WINDOWS\SYSTEM32\windows.storage.dll
0x00007ff907c00000 - 0x00007ff907cf5000 	C:\WINDOWS\System32\SHCORE.dll
0x00007ff907dd0000 - 0x00007ff907e3a000 	C:\WINDOWS\System32\shlwapi.dll
0x00007ff905c00000 - 0x00007ff905c2f000 	C:\WINDOWS\SYSTEM32\profapi.dll
0x00007ff8e6730000 - 0x00007ff8e6748000 	c:\Users\TUF\.vscode\extensions\redhat.java-1.43.1-win32-x64\jre\21.0.7-win32-x86_64\bin\zip.dll
0x00007ff8fb440000 - 0x00007ff8fb450000 	C:\Users\TUF\.vscode\extensions\redhat.java-1.43.1-win32-x64\jre\21.0.7-win32-x86_64\bin\net.dll
0x00007ff8fe980000 - 0x00007ff8fea9e000 	C:\WINDOWS\SYSTEM32\WINHTTP.dll
0x00007ff904fc0000 - 0x00007ff90502a000 	C:\WINDOWS\system32\mswsock.dll
0x00007ff8e5300000 - 0x00007ff8e5316000 	C:\Users\TUF\.vscode\extensions\redhat.java-1.43.1-win32-x64\jre\21.0.7-win32-x86_64\bin\nio.dll
0x00007ff8eb8b0000 - 0x00007ff8eb8c0000 	c:\Users\TUF\.vscode\extensions\redhat.java-1.43.1-win32-x64\jre\21.0.7-win32-x86_64\bin\verify.dll
0x00007ff8e13a0000 - 0x00007ff8e13e5000 	C:\Users\TUF\AppData\Roaming\Code\User\globalStorage\redhat.java\1.43.1\config_win\org.eclipse.equinox.launcher\org.eclipse.equinox.launcher.win32.win32.x86_64_1.2.1300.v20250331-1702\eclipse_11911.dll
0x00007ff907080000 - 0x00007ff90721e000 	C:\WINDOWS\System32\ole32.dll
0x00007ff9054c0000 - 0x00007ff9054db000 	C:\WINDOWS\SYSTEM32\CRYPTSP.dll
0x00007ff9049b0000 - 0x00007ff9049eb000 	C:\WINDOWS\system32\rsaenh.dll
0x00007ff905060000 - 0x00007ff90508b000 	C:\WINDOWS\SYSTEM32\USERENV.dll
0x00007ff905bd0000 - 0x00007ff905bf6000 	C:\WINDOWS\SYSTEM32\bcrypt.dll
0x00007ff905200000 - 0x00007ff90520c000 	C:\WINDOWS\SYSTEM32\CRYPTBASE.dll
0x00007ff904460000 - 0x00007ff904493000 	C:\WINDOWS\SYSTEM32\IPHLPAPI.DLL
0x00007ff907bf0000 - 0x00007ff907bfa000 	C:\WINDOWS\System32\NSI.dll
0x00007ff8fb640000 - 0x00007ff8fb689000 	C:\Users\TUF\AppData\Local\Temp\jna-83429\jna2447521877093580307.dll
0x00007ff907ef0000 - 0x00007ff907ef8000 	C:\WINDOWS\System32\PSAPI.DLL
0x00007ff8fe790000 - 0x00007ff8fe7af000 	C:\WINDOWS\SYSTEM32\dhcpcsvc6.DLL
0x00007ff8fe760000 - 0x00007ff8fe785000 	C:\WINDOWS\SYSTEM32\dhcpcsvc.DLL
0x00007ff8e3040000 - 0x00007ff8e3067000 	C:\Users\TUF\.gradle\native\c067742578af261105cb4f569cf0c3c89f3d7b1fecec35dd04571415982c5e48\windows-amd64\native-platform.dll
0x00007ff8f4de0000 - 0x00007ff8f4dea000 	C:\Users\TUF\.vscode\extensions\redhat.java-1.43.1-win32-x64\jre\21.0.7-win32-x86_64\bin\management.dll
0x00007ff8f0000000 - 0x00007ff8f000b000 	C:\Users\TUF\.vscode\extensions\redhat.java-1.43.1-win32-x64\jre\21.0.7-win32-x86_64\bin\management_ext.dll
0x00007ff8ef4c0000 - 0x00007ff8ef4c9000 	C:\Users\TUF\.vscode\extensions\redhat.java-1.43.1-win32-x64\jre\21.0.7-win32-x86_64\bin\extnet.dll
0x00007ff8efb40000 - 0x00007ff8efb4e000 	C:\Users\TUF\.vscode\extensions\redhat.java-1.43.1-win32-x64\jre\21.0.7-win32-x86_64\bin\sunmscapi.dll
0x00007ff905f00000 - 0x00007ff906077000 	C:\WINDOWS\System32\CRYPT32.dll
0x00007ff905610000 - 0x00007ff905640000 	C:\WINDOWS\SYSTEM32\ncrypt.dll
0x00007ff9055c0000 - 0x00007ff9055ff000 	C:\WINDOWS\SYSTEM32\NTASN1.dll
0x00007ff8708c0000 - 0x00007ff8708c8000 	C:\WINDOWS\system32\wshunix.dll
0x00007ff9044f0000 - 0x00007ff904616000 	C:\WINDOWS\SYSTEM32\DNSAPI.dll
0x00007ff8fe5b0000 - 0x00007ff8fe5bb000 	C:\Windows\System32\rasadhlp.dll
0x00007ff8fb180000 - 0x00007ff8fb206000 	C:\WINDOWS\System32\fwpuclnt.dll

dbghelp: loaded successfully - version: 4.0.5 - missing functions: none
symbol engine: initialized successfully - sym options: 0x614 - pdb path: .;c:\Users\TUF\.vscode\extensions\redhat.java-1.43.1-win32-x64\jre\21.0.7-win32-x86_64\bin;C:\WINDOWS\SYSTEM32;C:\WINDOWS\WinSxS\amd64_microsoft.windows.common-controls_6595b64144ccf1df_6.0.26100.4484_none_3e0e6d4ce32ef3b3;c:\Users\TUF\.vscode\extensions\redhat.java-1.43.1-win32-x64\jre\21.0.7-win32-x86_64\bin\server;C:\Users\TUF\AppData\Roaming\Code\User\globalStorage\redhat.java\1.43.1\config_win\org.eclipse.equinox.launcher\org.eclipse.equinox.launcher.win32.win32.x86_64_1.2.1300.v20250331-1702;C:\Users\TUF\AppData\Local\Temp\jna-83429;C:\Users\TUF\.gradle\native\c067742578af261105cb4f569cf0c3c89f3d7b1fecec35dd04571415982c5e48\windows-amd64

VM Arguments:
jvm_args: --add-modules=ALL-SYSTEM --add-opens=java.base/java.util=ALL-UNNAMED --add-opens=java.base/java.lang=ALL-UNNAMED --add-opens=java.base/sun.nio.fs=ALL-UNNAMED -Declipse.application=org.eclipse.jdt.ls.core.id1 -Dosgi.bundles.defaultStartLevel=4 -Declipse.product=org.eclipse.jdt.ls.core.product -Djava.import.generatesMetadataFilesAtProjectRoot=false -DDetectVMInstallationsJob.disabled=true -Dfile.encoding=utf8 -XX:+UseParallelGC -XX:GCTimeRatio=4 -XX:AdaptiveSizePolicyWeight=90 -Dsun.zip.disableMemoryMapping=true -Xmx2G -Xms100m -Xlog:disable -javaagent:c:\Users\TUF\.vscode\extensions\redhat.java-1.43.1-win32-x64\lombok\lombok-1.18.39-4050.jar -XX:+HeapDumpOnOutOfMemoryError -XX:HeapDumpPath=c:\Users\TUF\AppData\Roaming\Code\User\workspaceStorage\03fc4354315e2177e2f05af99acf76cd\redhat.java -Daether.dependencyCollector.impl=bf 
java_command: c:\Users\TUF\.vscode\extensions\redhat.java-1.43.1-win32-x64\server\plugins\org.eclipse.equinox.launcher_1.7.0.v20250519-0528.jar -configuration c:\Users\TUF\AppData\Roaming\Code\User\globalStorage\redhat.java\1.43.1\config_win -data c:\Users\TUF\AppData\Roaming\Code\User\workspaceStorage\03fc4354315e2177e2f05af99acf76cd\redhat.java\jdt_ws --pipe=\\.\pipe\lsp-6d4581504924d43f3d738ce112cadf2e-sock
java_class_path (initial): c:\Users\TUF\.vscode\extensions\redhat.java-1.43.1-win32-x64\server\plugins\org.eclipse.equinox.launcher_1.7.0.v20250519-0528.jar
Launcher Type: SUN_STANDARD

[Global flags]
    uintx AdaptiveSizePolicyWeight                 = 90                                        {product} {command line}
     intx CICompilerCount                          = 4                                         {product} {ergonomic}
    uintx GCTimeRatio                              = 4                                         {product} {command line}
     bool HeapDumpOnOutOfMemoryError               = true                                   {manageable} {command line}
    ccstr HeapDumpPath                             = c:\Users\TUF\AppData\Roaming\Code\User\workspaceStorage\03fc4354315e2177e2f05af99acf76cd\redhat.java         {manageable} {command line}
   size_t InitialHeapSize                          = 104857600                                 {product} {command line}
   size_t MaxHeapSize                              = 2147483648                                {product} {command line}
   size_t MaxNewSize                               = 715653120                                 {product} {ergonomic}
   size_t MinHeapDeltaBytes                        = 524288                                    {product} {ergonomic}
   size_t MinHeapSize                              = 104857600                                 {product} {command line}
   size_t NewSize                                  = 34603008                                  {product} {ergonomic}
    uintx NonNMethodCodeHeapSize                   = 5839372                                {pd product} {ergonomic}
    uintx NonProfiledCodeHeapSize                  = 122909434                              {pd product} {ergonomic}
   size_t OldSize                                  = 70254592                                  {product} {ergonomic}
    uintx ProfiledCodeHeapSize                     = 122909434                              {pd product} {ergonomic}
    uintx ReservedCodeCacheSize                    = 251658240                              {pd product} {ergonomic}
     bool SegmentedCodeCache                       = true                                      {product} {ergonomic}
   size_t SoftMaxHeapSize                          = 2147483648                             {manageable} {ergonomic}
     bool UseCompressedOops                        = true                           {product lp64_product} {ergonomic}
     bool UseLargePagesIndividualAllocation        = false                                  {pd product} {ergonomic}
     bool UseParallelGC                            = true                                      {product} {command line}

Logging:
Log output configuration:
 #0: stdout all=off uptime,level,tags foldmultilines=false
 #1: stderr all=off uptime,level,tags foldmultilines=false

Environment Variables:
PATH=C:\Program Files\Common Files\Oracle\Java\javapath;C:\Program Files (x86)\Common Files\Oracle\Java\javapath;C:\WINDOWS\system32;C:\WINDOWS;C:\WINDOWS\System32\Wbem;C:\WINDOWS\System32\WindowsPowerShell\v1.0\;C:\WINDOWS\System32\OpenSSH\;C:\WINDOWS\system32;C:\WINDOWS;C:\WINDOWS\System32\Wbem;C:\WINDOWS\System32\WindowsPowerShell\v1.0\;C:\WINDOWS\System32\OpenSSH\;C:\Users\TUF\AppData\Roaming\nvm;C:\Program Files\nodejs;C:\Program Files\nodejs\;C:\xampp\php;C:\Program Files (x86)\NVIDIA Corporation\PhysX\Common;C:\Program Files\NVIDIA Corporation\NVIDIA NvDLISR;D:\git\Git\cmd;D:\git\Git\mingw64\bin;D:\git\Git\usr\bin;C:\Program Files (x86)\Windows Kits\10\Windows Performance Toolkit\;C:\Program Files\dotnet\;C:\ProgramData\ComposerSetup\bin;C:\php-8.3;C:\Users\TUF\AppData\Local\Programs\Python\Python313;C:\Users\TUF\AppData\Local\Programs\Python\Python313\Scripts;C:\Program Files\Docker\Docker\resources\bin;C:\Program Files (x86)\ZeroTier\One\;C:\Program Files\Java\jdk-24\bin;C:\Users\TUF\AppData\Local\Programs\Python\Launcher\;C:\Users\TUF\AppData\Local\Programs\Python\Python310\Scripts\;C:\Users\TUF\AppData\Local\Programs\Python\Python310\;C:\Users\TUF\AppData\Local\Microsoft\WindowsApps;D:\msys64\mingw64\bin;C:\Program Files\JetBrains\PyCharm Community Edition 2022.3.3\bin;;D:\nodejs;C:\Users\TUF\AppData\Roaming\nvm;C:\Program Files\nodejs;C:\Users\TUF\AppData\Roaming\npm;C:\src\flutter\bin;C:\Program Files\JetBrains\PyCharm 2024.1.4\bin;;C:\cmake-3.30.0-windows-x86_64\bin;D:\Flutter\src\flutter\bin;C:\Users\TUF\AppData\Local\GitHubDesktop\bin;C:\Users\TUF\.dotnet\tools;C:\Users\TUF\AppData\Roaming\Composer\vendor\bin;C:\Users\TUF\AppData\Local\Programs\Microsoft VS Code\bin
USERNAME=TUF
OS=Windows_NT
PROCESSOR_IDENTIFIER=AMD64 Family 25 Model 33 Stepping 2, AuthenticAMD
TMP=C:\Users\TUF\AppData\Local\Temp
TEMP=C:\Users\TUF\AppData\Local\Temp




Periodic native trim disabled

---------------  S Y S T E M  ---------------

OS:
 Windows 11 , 64 bit Build 26100 (10.0.26100.4484)
OS uptime: 0 days 0:49 hours
Hyper-V role detected

CPU: total 12 (initial active 12) (12 cores per cpu, 2 threads per core) family 25 model 33 stepping 2 microcode 0xa20120e, cx8, cmov, fxsr, ht, mmx, 3dnowpref, sse, sse2, sse3, ssse3, sse4a, sse4.1, sse4.2, popcnt, lzcnt, tsc, tscinvbit, avx, avx2, aes, erms, clmul, bmi1, bmi2, adx, sha, fma, vzeroupper, clflush, clflushopt, hv, rdtscp, rdpid, fsrm, f16c, cet_ss
Processor Information for the first 12 processors :
  Max Mhz: 3701, Current Mhz: 3701, Mhz Limit: 3701

Memory: 4k page, system-wide physical 15296M (796M free)
TotalPageFile size 23488M (AvailPageFile size 33M)
current process WorkingSet (physical memory assigned to process): 831M, peak: 835M
current process commit charge ("private bytes"): 770M, peak: 776M

vm_info: OpenJDK 64-Bit Server VM (21.0.7+6-LTS) for windows-amd64 JRE (21.0.7+6-LTS), built on 2025-04-15T00:00:00Z by "admin" with MS VC++ 17.7 (VS2022)

END.
