#
# There is insufficient memory for the Java Runtime Environment to continue.
# Native memory allocation (malloc) failed to allocate 1486256 bytes. Error detail: Chunk::new
# Possible reasons:
#   The system is out of physical RAM or swap space
#   This process is running with CompressedOops enabled, and the Java Heap may be blocking the growth of the native heap
# Possible solutions:
#   Reduce memory load on the system
#   Increase physical memory or swap space
#   Check if swap backing store is full
#   Decrease Java heap size (-Xmx/-Xms)
#   Decrease number of Java threads
#   Decrease Java thread stack sizes (-Xss)
#   Set larger code cache with -XX:ReservedCodeCacheSize=
#   JVM is running with Unscaled Compressed Oops mode in which the Java heap is
#     placed in the first 4GB address space. The Java Heap base address is the
#     maximum limit for the native heap growth. Please use -XX:HeapBaseMinAddress
#     to set the Java Heap base and to place the Java Heap above 4GB virtual address.
# This output file may be truncated or incomplete.
#
#  Out of Memory Error (arena.cpp:168), pid=4252, tid=21792
#
# JRE version: OpenJDK Runtime Environment Temurin-21.0.7+6 (21.0.7+6) (build 21.0.7+6-LTS)
# Java VM: OpenJDK 64-Bit Server VM Temurin-21.0.7+6 (21.0.7+6-LTS, mixed mode, sharing, tiered, compressed oops, compressed class ptrs, parallel gc, windows-amd64)
# No core dump will be written. Minidumps are not enabled by default on client versions of Windows
#

---------------  S U M M A R Y ------------

Command Line: --add-modules=ALL-SYSTEM --add-opens=java.base/java.util=ALL-UNNAMED --add-opens=java.base/java.lang=ALL-UNNAMED --add-opens=java.base/sun.nio.fs=ALL-UNNAMED -Declipse.application=org.eclipse.jdt.ls.core.id1 -Dosgi.bundles.defaultStartLevel=4 -Declipse.product=org.eclipse.jdt.ls.core.product -Djava.import.generatesMetadataFilesAtProjectRoot=false -DDetectVMInstallationsJob.disabled=true -Dfile.encoding=utf8 -XX:+UseParallelGC -XX:GCTimeRatio=4 -XX:AdaptiveSizePolicyWeight=90 -Dsun.zip.disableMemoryMapping=true -Xmx2G -Xms100m -Xlog:disable -javaagent:c:\Users\TUF\.vscode\extensions\redhat.java-1.43.1-win32-x64\lombok\lombok-1.18.39-4050.jar c:\Users\TUF\.vscode\extensions\redhat.java-1.43.1-win32-x64\server\plugins\org.eclipse.equinox.launcher_1.7.0.v20250519-0528.jar -configuration c:\Users\TUF\AppData\Roaming\Code\User\globalStorage\redhat.java\1.43.1\config_ss_win -data c:\Users\TUF\AppData\Roaming\Code\User\workspaceStorage\03fc4354315e2177e2f05af99acf76cd\redhat.java\ss_ws --pipe=\\.\pipe\lsp-b318d4c3589c708318adcab77951cf2f-sock

Host: AMD Ryzen 5 5600X 6-Core Processor             , 12 cores, 14G,  Windows 11 , 64 bit Build 26100 (10.0.26100.4484)
Time: Fri Jul 18 01:02:00 2025 Malay Peninsula Standard Time elapsed time: 8.051526 seconds (0d 0h 0m 8s)

---------------  T H R E A D  ---------------

Current thread (0x0000024b061922b0):  JavaThread "C2 CompilerThread2" daemon [_thread_in_native, id=21792, stack(0x0000005fa3400000,0x0000005fa3500000) (1024K)]


Current CompileTask:
C2:8051 2708       4       org.lombokweb.asm.ClassReader::readMethod (1070 bytes)

Stack: [0x0000005fa3400000,0x0000005fa3500000]
Native frames: (J=compiled Java code, j=interpreted, Vv=VM code, C=native code)
V  [jvm.dll+0x6ce119]
V  [jvm.dll+0x8a84a1]
V  [jvm.dll+0x8aa9ce]
V  [jvm.dll+0x8ab0b3]
V  [jvm.dll+0x27f8a6]
V  [jvm.dll+0xc507d]
V  [jvm.dll+0xc55b3]
V  [jvm.dll+0x3b68f2]
V  [jvm.dll+0x382aa5]
V  [jvm.dll+0x381f0a]
V  [jvm.dll+0x247af0]
V  [jvm.dll+0x2470cf]
V  [jvm.dll+0x1c760e]
V  [jvm.dll+0x25695a]
V  [jvm.dll+0x254efa]
V  [jvm.dll+0x3f03f6]
V  [jvm.dll+0x851f6b]
V  [jvm.dll+0x6cc7dd]
C  [ucrtbase.dll+0x37b0]
C  [KERNEL32.DLL+0x2e8d7]
C  [ntdll.dll+0x3c34c]


---------------  P R O C E S S  ---------------

Threads class SMR info:
_java_thread_list=0x0000024b065c40a0, length=22, elements={
0x0000024b24ddabf0, 0x0000024b271def90, 0x0000024b271e37c0, 0x0000024b271e47a0,
0x0000024b271e53f0, 0x0000024b271e7e50, 0x0000024b271eacb0, 0x0000024b271ebae0,
0x0000024b271fe6d0, 0x0000024b00112ea0, 0x0000024b003359d0, 0x0000024b05790d50,
0x0000024b002e12b0, 0x0000024b057e9170, 0x0000024b059f8460, 0x0000024b0597f0e0,
0x0000024b05b05f00, 0x0000024b05d316b0, 0x0000024b0529c330, 0x0000024b057db3a0,
0x0000024b05f1d140, 0x0000024b061922b0
}

Java Threads: ( => current thread )
  0x0000024b24ddabf0 JavaThread "main"                              [_thread_blocked, id=19956, stack(0x0000005fa1300000,0x0000005fa1400000) (1024K)]
  0x0000024b271def90 JavaThread "Reference Handler"          daemon [_thread_blocked, id=3776, stack(0x0000005fa1700000,0x0000005fa1800000) (1024K)]
  0x0000024b271e37c0 JavaThread "Finalizer"                  daemon [_thread_blocked, id=9140, stack(0x0000005fa1800000,0x0000005fa1900000) (1024K)]
  0x0000024b271e47a0 JavaThread "Signal Dispatcher"          daemon [_thread_blocked, id=2860, stack(0x0000005fa1900000,0x0000005fa1a00000) (1024K)]
  0x0000024b271e53f0 JavaThread "Attach Listener"            daemon [_thread_blocked, id=21640, stack(0x0000005fa1a00000,0x0000005fa1b00000) (1024K)]
  0x0000024b271e7e50 JavaThread "Service Thread"             daemon [_thread_blocked, id=21288, stack(0x0000005fa1b00000,0x0000005fa1c00000) (1024K)]
  0x0000024b271eacb0 JavaThread "Monitor Deflation Thread"   daemon [_thread_blocked, id=9596, stack(0x0000005fa1c00000,0x0000005fa1d00000) (1024K)]
  0x0000024b271ebae0 JavaThread "C2 CompilerThread0"         daemon [_thread_blocked, id=18496, stack(0x0000005fa1d00000,0x0000005fa1e00000) (1024K)]
  0x0000024b271fe6d0 JavaThread "C1 CompilerThread0"         daemon [_thread_blocked, id=2656, stack(0x0000005fa1e00000,0x0000005fa1f00000) (1024K)]
  0x0000024b00112ea0 JavaThread "Common-Cleaner"             daemon [_thread_blocked, id=6600, stack(0x0000005fa1f00000,0x0000005fa2000000) (1024K)]
  0x0000024b003359d0 JavaThread "Notification Thread"        daemon [_thread_blocked, id=3856, stack(0x0000005fa2100000,0x0000005fa2200000) (1024K)]
  0x0000024b05790d50 JavaThread "Active Thread: Equinox Container: d30b88c2-660a-4652-afd2-cce57b24fa0a"        [_thread_blocked, id=21496, stack(0x0000005fa2900000,0x0000005fa2a00000) (1024K)]
  0x0000024b002e12b0 JavaThread "Framework Event Dispatcher: Equinox Container: d30b88c2-660a-4652-afd2-cce57b24fa0a" daemon [_thread_blocked, id=24700, stack(0x0000005fa2000000,0x0000005fa2100000) (1024K)]
  0x0000024b057e9170 JavaThread "Start Level: Equinox Container: d30b88c2-660a-4652-afd2-cce57b24fa0a" daemon [_thread_in_vm, id=17768, stack(0x0000005fa2200000,0x0000005fa2300000) (1024K)]
  0x0000024b059f8460 JavaThread "SCR Component Actor"        daemon [_thread_blocked, id=23708, stack(0x0000005fa2b00000,0x0000005fa2c00000) (1024K)]
  0x0000024b0597f0e0 JavaThread "SCR Component Registry"     daemon [_thread_blocked, id=9696, stack(0x0000005fa2c00000,0x0000005fa2d00000) (1024K)]
  0x0000024b05b05f00 JavaThread "Worker-JM"                         [_thread_blocked, id=18824, stack(0x0000005fa2f00000,0x0000005fa3000000) (1024K)]
  0x0000024b05d316b0 JavaThread "C2 CompilerThread1"         daemon [_thread_blocked, id=23784, stack(0x0000005fa2d00000,0x0000005fa2e00000) (1024K)]
  0x0000024b0529c330 JavaThread "JNA Cleaner"                daemon [_thread_blocked, id=5944, stack(0x0000005fa2e00000,0x0000005fa2f00000) (1024K)]
  0x0000024b057db3a0 JavaThread "Worker-0"                          [_thread_blocked, id=18984, stack(0x0000005fa3200000,0x0000005fa3300000) (1024K)]
  0x0000024b05f1d140 JavaThread "Worker-1"                          [_thread_blocked, id=12600, stack(0x0000005fa3300000,0x0000005fa3400000) (1024K)]
=>0x0000024b061922b0 JavaThread "C2 CompilerThread2"         daemon [_thread_in_native, id=21792, stack(0x0000005fa3400000,0x0000005fa3500000) (1024K)]
Total: 22

Other Threads:
  0x0000024b3dbc4930 VMThread "VM Thread"                           [id=5468, stack(0x0000005fa1600000,0x0000005fa1700000) (1024K)]
  0x0000024b3dabca00 WatcherThread "VM Periodic Task Thread"        [id=14012, stack(0x0000005fa1500000,0x0000005fa1600000) (1024K)]
  0x0000024b2715d160 WorkerThread "GC Thread#0"                     [id=12360, stack(0x0000005fa1400000,0x0000005fa1500000) (1024K)]
  0x0000024b0538a9d0 WorkerThread "GC Thread#1"                     [id=19708, stack(0x0000005fa2300000,0x0000005fa2400000) (1024K)]
  0x0000024b0538a630 WorkerThread "GC Thread#2"                     [id=3820, stack(0x0000005fa2400000,0x0000005fa2500000) (1024K)]
  0x0000024b05389070 WorkerThread "GC Thread#3"                     [id=14228, stack(0x0000005fa2500000,0x0000005fa2600000) (1024K)]
  0x0000024b053897b0 WorkerThread "GC Thread#4"                     [id=23544, stack(0x0000005fa2600000,0x0000005fa2700000) (1024K)]
  0x0000024b05389b50 WorkerThread "GC Thread#5"                     [id=20996, stack(0x0000005fa2700000,0x0000005fa2800000) (1024K)]
  0x0000024b05389ef0 WorkerThread "GC Thread#6"                     [id=17712, stack(0x0000005fa2800000,0x0000005fa2900000) (1024K)]
  0x0000024b0538a290 WorkerThread "GC Thread#7"                     [id=20032, stack(0x0000005fa2a00000,0x0000005fa2b00000) (1024K)]
  0x0000024b05b5dc40 WorkerThread "GC Thread#8"                     [id=24460, stack(0x0000005fa3000000,0x0000005fa3100000) (1024K)]
  0x0000024b05b612a0 WorkerThread "GC Thread#9"                     [id=23644, stack(0x0000005fa3100000,0x0000005fa3200000) (1024K)]
Total: 12

Threads with active compile tasks:
C2 CompilerThread2  8074 2708       4       org.lombokweb.asm.ClassReader::readMethod (1070 bytes)
Total: 1

VM state: not at safepoint (normal execution)

VM Mutex/Monitor currently owned by a thread:  ([mutex/lock_event])
[0x00007ff87a7fc308] Metaspace_lock - owner thread: 0x0000024b057e9170

Heap address: 0x0000000080000000, size: 2048 MB, Compressed Oops mode: 32-bit

CDS archive(s) mapped at: [0x0000024b3e000000-0x0000024b3eba0000-0x0000024b3eba0000), size 12189696, SharedBaseAddress: 0x0000024b3e000000, ArchiveRelocationMode: 1.
Compressed class space mapped at: 0x0000024b3f000000-0x0000024b7f000000, reserved size: 1073741824
Narrow klass base: 0x0000024b3e000000, Narrow klass shift: 0, Narrow klass range: 0x100000000

GC Precious Log:
 CardTable entry size: 512
 CPUs: 12 total, 12 available
 Memory: 15296M
 Large Page Support: Disabled
 NUMA Support: Disabled
 Compressed Oops: Enabled (32-bit)
 Alignments: Space 512K, Generation 512K, Heap 2M
 Heap Min Capacity: 100M
 Heap Initial Capacity: 100M
 Heap Max Capacity: 2G
 Pre-touch: Disabled
 Parallel Workers: 10

Heap:
 PSYoungGen      total 27648K, used 5869K [0x00000000d5580000, 0x00000000d7480000, 0x0000000100000000)
  eden space 24576K, 12% used [0x00000000d5580000,0x00000000d5879a50,0x00000000d6d80000)
  from space 3072K, 91% used [0x00000000d6e80000,0x00000000d7141cf0,0x00000000d7180000)
  to   space 3072K, 0% used [0x00000000d7180000,0x00000000d7180000,0x00000000d7480000)
 ParOldGen       total 68608K, used 8314K [0x0000000080000000, 0x0000000084300000, 0x00000000d5580000)
  object space 68608K, 12% used [0x0000000080000000,0x000000008081e9a0,0x0000000084300000)
 Metaspace       used 23381K, committed 24000K, reserved 1114112K
  class space    used 2199K, committed 2496K, reserved 1048576K

Card table byte_map: [0x0000024b26ae0000,0x0000024b26ef0000] _byte_map_base: 0x0000024b266e0000

Marking Bits: (ParMarkBitMap*) 0x00007ff87a8031f0
 Begin Bits: [0x0000024b395e0000, 0x0000024b3b5e0000)
 End Bits:   [0x0000024b3b5e0000, 0x0000024b3d5e0000)

Polling page: 0x0000024b24ff0000

Metaspace:

Usage:
  Non-class:     20.69 MB used.
      Class:      2.15 MB used.
       Both:     22.83 MB used.

Virtual space:
  Non-class space:       64.00 MB reserved,      21.00 MB ( 33%) committed,  1 nodes.
      Class space:        1.00 GB reserved,       2.44 MB ( <1%) committed,  1 nodes.
             Both:        1.06 GB reserved,      23.44 MB (  2%) committed. 

Chunk freelists:
   Non-Class:  10.17 MB
       Class:  13.50 MB
        Both:  23.67 MB

MaxMetaspaceSize: unlimited
CompressedClassSpaceSize: 1.00 GB
Initial GC threshold: 21.00 MB
Current GC threshold: 35.00 MB
CDS: on
 - commit_granule_bytes: 65536.
 - commit_granule_words: 8192.
 - virtual_space_node_default_size: 8388608.
 - enlarge_chunks_in_place: 1.
 - use_allocation_guard: 0.


Internal statistics:

num_allocs_failed_limit: 3.
num_arena_births: 514.
num_arena_deaths: 14.
num_vsnodes_births: 2.
num_vsnodes_deaths: 0.
num_space_committed: 375.
num_space_uncommitted: 0.
num_chunks_returned_to_freelist: 17.
num_chunks_taken_from_freelist: 1378.
num_chunk_merges: 8.
num_chunk_splits: 906.
num_chunks_enlarged: 589.
num_inconsistent_stats: 0.

CodeHeap 'non-profiled nmethods': size=120000Kb used=1333Kb max_used=1333Kb free=118666Kb
 bounds [0x0000024b31e00000, 0x0000024b32070000, 0x0000024b39330000]
CodeHeap 'profiled nmethods': size=120000Kb used=5924Kb max_used=5924Kb free=114075Kb
 bounds [0x0000024b2a330000, 0x0000024b2a900000, 0x0000024b31860000]
CodeHeap 'non-nmethods': size=5760Kb used=1319Kb max_used=1358Kb free=4440Kb
 bounds [0x0000024b31860000, 0x0000024b31ad0000, 0x0000024b31e00000]
 total_blobs=3551 nmethods=2945 adapters=512
 compilation: enabled
              stopped_count=0, restarted_count=0
 full_count=0

Compilation events (20 events):
Event: 7.015 Thread 0x0000024b271fe6d0 2931       3       org.eclipse.core.internal.preferences.PreferencesService::getDefault (20 bytes)
Event: 7.015 Thread 0x0000024b271fe6d0 nmethod 2931 0x0000024b2a8eff10 code [0x0000024b2a8f00c0, 0x0000024b2a8f02b8]
Event: 7.015 Thread 0x0000024b271fe6d0 2924       1       java.lang.reflect.Constructor::getDeclaringClass (5 bytes)
Event: 7.015 Thread 0x0000024b271fe6d0 nmethod 2924 0x0000024b31f4a710 code [0x0000024b31f4a8a0, 0x0000024b31f4a968]
Event: 7.016 Thread 0x0000024b271fe6d0 2932       3       java.lang.AbstractStringBuilder::append (77 bytes)
Event: 7.016 Thread 0x0000024b271fe6d0 nmethod 2932 0x0000024b2a8f0390 code [0x0000024b2a8f05a0, 0x0000024b2a8f0c58]
Event: 7.016 Thread 0x0000024b271fe6d0 2933       3       jdk.internal.misc.Unsafe::checkPrimitivePointer (19 bytes)
Event: 7.016 Thread 0x0000024b271fe6d0 nmethod 2933 0x0000024b2a8f0f10 code [0x0000024b2a8f1120, 0x0000024b2a8f1718]
Event: 7.016 Thread 0x0000024b271fe6d0 2934       3       jdk.internal.misc.Unsafe::checkPointer (19 bytes)
Event: 7.017 Thread 0x0000024b271fe6d0 nmethod 2934 0x0000024b2a8f1990 code [0x0000024b2a8f1b60, 0x0000024b2a8f1ee8]
Event: 7.018 Thread 0x0000024b271fe6d0 2936       3       java.lang.invoke.DirectMethodHandle$Constructor::viewAsType (49 bytes)
Event: 7.018 Thread 0x0000024b271fe6d0 nmethod 2936 0x0000024b2a8f2090 code [0x0000024b2a8f2240, 0x0000024b2a8f2418]
Event: 7.020 Thread 0x0000024b271ebae0 2937       4       java.util.HashMap::putVal (300 bytes)
Event: 7.023 Thread 0x0000024b05d316b0 2938       4       java.lang.invoke.MethodType::equals (25 bytes)
Event: 7.025 Thread 0x0000024b05d316b0 nmethod 2938 0x0000024b31f4ae10 code [0x0000024b31f4afc0, 0x0000024b31f4b180]
Event: 7.026 Thread 0x0000024b271fe6d0 2939       3       java.util.concurrent.ConcurrentHashMap::sumCount (60 bytes)
Event: 7.026 Thread 0x0000024b271fe6d0 nmethod 2939 0x0000024b2a8f2510 code [0x0000024b2a8f26c0, 0x0000024b2a8f2908]
Event: 7.027 Thread 0x0000024b271ebae0 nmethod 2937 0x0000024b31f4b310 code [0x0000024b31f4b500, 0x0000024b31f4bb78]
Event: 7.027 Thread 0x0000024b271fe6d0 2940       1       sun.nio.fs.NativeBuffer::owner (5 bytes)
Event: 7.027 Thread 0x0000024b271fe6d0 nmethod 2940 0x0000024b31f4c110 code [0x0000024b31f4c2a0, 0x0000024b31f4c368]

GC Heap History (16 events):
Event: 0.787 GC heap before
{Heap before GC invocations=1 (full 0):
 PSYoungGen      total 29696K, used 25600K [0x00000000d5580000, 0x00000000d7680000, 0x0000000100000000)
  eden space 25600K, 100% used [0x00000000d5580000,0x00000000d6e80000,0x00000000d6e80000)
  from space 4096K, 0% used [0x00000000d7280000,0x00000000d7280000,0x00000000d7680000)
  to   space 4096K, 0% used [0x00000000d6e80000,0x00000000d6e80000,0x00000000d7280000)
 ParOldGen       total 68608K, used 0K [0x0000000080000000, 0x0000000084300000, 0x00000000d5580000)
  object space 68608K, 0% used [0x0000000080000000,0x0000000080000000,0x0000000084300000)
 Metaspace       used 4305K, committed 4544K, reserved 1114112K
  class space    used 458K, committed 576K, reserved 1048576K
}
Event: 0.794 GC heap after
{Heap after GC invocations=1 (full 0):
 PSYoungGen      total 29696K, used 3311K [0x00000000d5580000, 0x00000000d7680000, 0x0000000100000000)
  eden space 25600K, 0% used [0x00000000d5580000,0x00000000d5580000,0x00000000d6e80000)
  from space 4096K, 80% used [0x00000000d6e80000,0x00000000d71bbf18,0x00000000d7280000)
  to   space 4096K, 0% used [0x00000000d7280000,0x00000000d7280000,0x00000000d7680000)
 ParOldGen       total 68608K, used 8K [0x0000000080000000, 0x0000000084300000, 0x00000000d5580000)
  object space 68608K, 0% used [0x0000000080000000,0x0000000080002000,0x0000000084300000)
 Metaspace       used 4305K, committed 4544K, reserved 1114112K
  class space    used 458K, committed 576K, reserved 1048576K
}
Event: 2.625 GC heap before
{Heap before GC invocations=2 (full 0):
 PSYoungGen      total 29696K, used 28911K [0x00000000d5580000, 0x00000000d7680000, 0x0000000100000000)
  eden space 25600K, 100% used [0x00000000d5580000,0x00000000d6e80000,0x00000000d6e80000)
  from space 4096K, 80% used [0x00000000d6e80000,0x00000000d71bbf18,0x00000000d7280000)
  to   space 4096K, 0% used [0x00000000d7280000,0x00000000d7280000,0x00000000d7680000)
 ParOldGen       total 68608K, used 8K [0x0000000080000000, 0x0000000084300000, 0x00000000d5580000)
  object space 68608K, 0% used [0x0000000080000000,0x0000000080002000,0x0000000084300000)
 Metaspace       used 8138K, committed 8448K, reserved 1114112K
  class space    used 844K, committed 1024K, reserved 1048576K
}
Event: 2.629 GC heap after
{Heap after GC invocations=2 (full 0):
 PSYoungGen      total 29696K, used 4075K [0x00000000d5580000, 0x00000000d7680000, 0x0000000100000000)
  eden space 25600K, 0% used [0x00000000d5580000,0x00000000d5580000,0x00000000d6e80000)
  from space 4096K, 99% used [0x00000000d7280000,0x00000000d767adc0,0x00000000d7680000)
  to   space 4096K, 0% used [0x00000000d6e80000,0x00000000d6e80000,0x00000000d7280000)
 ParOldGen       total 68608K, used 909K [0x0000000080000000, 0x0000000084300000, 0x00000000d5580000)
  object space 68608K, 1% used [0x0000000080000000,0x00000000800e36a8,0x0000000084300000)
 Metaspace       used 8138K, committed 8448K, reserved 1114112K
  class space    used 844K, committed 1024K, reserved 1048576K
}
Event: 3.105 GC heap before
{Heap before GC invocations=3 (full 0):
 PSYoungGen      total 29696K, used 29675K [0x00000000d5580000, 0x00000000d7680000, 0x0000000100000000)
  eden space 25600K, 100% used [0x00000000d5580000,0x00000000d6e80000,0x00000000d6e80000)
  from space 4096K, 99% used [0x00000000d7280000,0x00000000d767adc0,0x00000000d7680000)
  to   space 4096K, 0% used [0x00000000d6e80000,0x00000000d6e80000,0x00000000d7280000)
 ParOldGen       total 68608K, used 909K [0x0000000080000000, 0x0000000084300000, 0x00000000d5580000)
  object space 68608K, 1% used [0x0000000080000000,0x00000000800e36a8,0x0000000084300000)
 Metaspace       used 12879K, committed 13440K, reserved 1114112K
  class space    used 1320K, committed 1536K, reserved 1048576K
}
Event: 3.108 GC heap after
{Heap after GC invocations=3 (full 0):
 PSYoungGen      total 29696K, used 4086K [0x00000000d5580000, 0x00000000d7680000, 0x0000000100000000)
  eden space 25600K, 0% used [0x00000000d5580000,0x00000000d5580000,0x00000000d6e80000)
  from space 4096K, 99% used [0x00000000d6e80000,0x00000000d727da88,0x00000000d7280000)
  to   space 4096K, 0% used [0x00000000d7280000,0x00000000d7280000,0x00000000d7680000)
 ParOldGen       total 68608K, used 2943K [0x0000000080000000, 0x0000000084300000, 0x00000000d5580000)
  object space 68608K, 4% used [0x0000000080000000,0x00000000802dfd60,0x0000000084300000)
 Metaspace       used 12879K, committed 13440K, reserved 1114112K
  class space    used 1320K, committed 1536K, reserved 1048576K
}
Event: 4.620 GC heap before
{Heap before GC invocations=4 (full 0):
 PSYoungGen      total 29696K, used 29455K [0x00000000d5580000, 0x00000000d7680000, 0x0000000100000000)
  eden space 25600K, 99% used [0x00000000d5580000,0x00000000d6e46330,0x00000000d6e80000)
  from space 4096K, 99% used [0x00000000d6e80000,0x00000000d727da88,0x00000000d7280000)
  to   space 4096K, 0% used [0x00000000d7280000,0x00000000d7280000,0x00000000d7680000)
 ParOldGen       total 68608K, used 2943K [0x0000000080000000, 0x0000000084300000, 0x00000000d5580000)
  object space 68608K, 4% used [0x0000000080000000,0x00000000802dfd60,0x0000000084300000)
 Metaspace       used 16961K, committed 17664K, reserved 1114112K
  class space    used 1734K, committed 2048K, reserved 1048576K
}
Event: 4.623 GC heap after
{Heap after GC invocations=4 (full 0):
 PSYoungGen      total 29696K, used 4091K [0x00000000d5580000, 0x00000000d7680000, 0x0000000100000000)
  eden space 25600K, 0% used [0x00000000d5580000,0x00000000d5580000,0x00000000d6e80000)
  from space 4096K, 99% used [0x00000000d7280000,0x00000000d767edc8,0x00000000d7680000)
  to   space 4096K, 0% used [0x00000000d6e80000,0x00000000d6e80000,0x00000000d7280000)
 ParOldGen       total 68608K, used 4299K [0x0000000080000000, 0x0000000084300000, 0x00000000d5580000)
  object space 68608K, 6% used [0x0000000080000000,0x0000000080432ea8,0x0000000084300000)
 Metaspace       used 16961K, committed 17664K, reserved 1114112K
  class space    used 1734K, committed 2048K, reserved 1048576K
}
Event: 4.799 GC heap before
{Heap before GC invocations=5 (full 0):
 PSYoungGen      total 29696K, used 29691K [0x00000000d5580000, 0x00000000d7680000, 0x0000000100000000)
  eden space 25600K, 100% used [0x00000000d5580000,0x00000000d6e80000,0x00000000d6e80000)
  from space 4096K, 99% used [0x00000000d7280000,0x00000000d767edc8,0x00000000d7680000)
  to   space 4096K, 0% used [0x00000000d6e80000,0x00000000d6e80000,0x00000000d7280000)
 ParOldGen       total 68608K, used 4299K [0x0000000080000000, 0x0000000084300000, 0x00000000d5580000)
  object space 68608K, 6% used [0x0000000080000000,0x0000000080432ea8,0x0000000084300000)
 Metaspace       used 20167K, committed 20800K, reserved 1114112K
  class space    used 1955K, committed 2240K, reserved 1048576K
}
Event: 4.801 GC heap after
{Heap after GC invocations=5 (full 0):
 PSYoungGen      total 29184K, used 4089K [0x00000000d5580000, 0x00000000d7800000, 0x0000000100000000)
  eden space 25088K, 0% used [0x00000000d5580000,0x00000000d5580000,0x00000000d6e00000)
  from space 4096K, 99% used [0x00000000d6e80000,0x00000000d727e728,0x00000000d7280000)
  to   space 5120K, 0% used [0x00000000d7300000,0x00000000d7300000,0x00000000d7800000)
 ParOldGen       total 68608K, used 4515K [0x0000000080000000, 0x0000000084300000, 0x00000000d5580000)
  object space 68608K, 6% used [0x0000000080000000,0x0000000080468ed8,0x0000000084300000)
 Metaspace       used 20167K, committed 20800K, reserved 1114112K
  class space    used 1955K, committed 2240K, reserved 1048576K
}
Event: 4.828 GC heap before
{Heap before GC invocations=6 (full 0):
 PSYoungGen      total 29184K, used 10641K [0x00000000d5580000, 0x00000000d7800000, 0x0000000100000000)
  eden space 25088K, 26% used [0x00000000d5580000,0x00000000d5be60b8,0x00000000d6e00000)
  from space 4096K, 99% used [0x00000000d6e80000,0x00000000d727e728,0x00000000d7280000)
  to   space 5120K, 0% used [0x00000000d7300000,0x00000000d7300000,0x00000000d7800000)
 ParOldGen       total 68608K, used 4515K [0x0000000080000000, 0x0000000084300000, 0x00000000d5580000)
  object space 68608K, 6% used [0x0000000080000000,0x0000000080468ed8,0x0000000084300000)
 Metaspace       used 20889K, committed 21504K, reserved 1114112K
  class space    used 2013K, committed 2304K, reserved 1048576K
}
Event: 4.831 GC heap after
{Heap after GC invocations=6 (full 0):
 PSYoungGen      total 29696K, used 4223K [0x00000000d5580000, 0x00000000d7780000, 0x0000000100000000)
  eden space 25088K, 0% used [0x00000000d5580000,0x00000000d5580000,0x00000000d6e00000)
  from space 4608K, 91% used [0x00000000d7300000,0x00000000d771fef8,0x00000000d7780000)
  to   space 4608K, 0% used [0x00000000d6e80000,0x00000000d6e80000,0x00000000d7300000)
 ParOldGen       total 68608K, used 4515K [0x0000000080000000, 0x0000000084300000, 0x00000000d5580000)
  object space 68608K, 6% used [0x0000000080000000,0x0000000080468ed8,0x0000000084300000)
 Metaspace       used 20889K, committed 21504K, reserved 1114112K
  class space    used 2013K, committed 2304K, reserved 1048576K
}
Event: 4.831 GC heap before
{Heap before GC invocations=7 (full 1):
 PSYoungGen      total 29696K, used 4223K [0x00000000d5580000, 0x00000000d7780000, 0x0000000100000000)
  eden space 25088K, 0% used [0x00000000d5580000,0x00000000d5580000,0x00000000d6e00000)
  from space 4608K, 91% used [0x00000000d7300000,0x00000000d771fef8,0x00000000d7780000)
  to   space 4608K, 0% used [0x00000000d6e80000,0x00000000d6e80000,0x00000000d7300000)
 ParOldGen       total 68608K, used 4515K [0x0000000080000000, 0x0000000084300000, 0x00000000d5580000)
  object space 68608K, 6% used [0x0000000080000000,0x0000000080468ed8,0x0000000084300000)
 Metaspace       used 20889K, committed 21504K, reserved 1114112K
  class space    used 2013K, committed 2304K, reserved 1048576K
}
Event: 4.847 GC heap after
{Heap after GC invocations=7 (full 1):
 PSYoungGen      total 29696K, used 0K [0x00000000d5580000, 0x00000000d7780000, 0x0000000100000000)
  eden space 25088K, 0% used [0x00000000d5580000,0x00000000d5580000,0x00000000d6e00000)
  from space 4608K, 0% used [0x00000000d7300000,0x00000000d7300000,0x00000000d7780000)
  to   space 4608K, 0% used [0x00000000d6e80000,0x00000000d6e80000,0x00000000d7300000)
 ParOldGen       total 68608K, used 8306K [0x0000000080000000, 0x0000000084300000, 0x00000000d5580000)
  object space 68608K, 12% used [0x0000000080000000,0x000000008081c9a0,0x0000000084300000)
 Metaspace       used 20876K, committed 21504K, reserved 1114112K
  class space    used 2010K, committed 2304K, reserved 1048576K
}
Event: 6.999 GC heap before
{Heap before GC invocations=8 (full 1):
 PSYoungGen      total 29696K, used 25088K [0x00000000d5580000, 0x00000000d7780000, 0x0000000100000000)
  eden space 25088K, 100% used [0x00000000d5580000,0x00000000d6e00000,0x00000000d6e00000)
  from space 4608K, 0% used [0x00000000d7300000,0x00000000d7300000,0x00000000d7780000)
  to   space 4608K, 0% used [0x00000000d6e80000,0x00000000d6e80000,0x00000000d7300000)
 ParOldGen       total 68608K, used 8306K [0x0000000080000000, 0x0000000084300000, 0x00000000d5580000)
  object space 68608K, 12% used [0x0000000080000000,0x000000008081c9a0,0x0000000084300000)
 Metaspace       used 22902K, committed 23552K, reserved 1114112K
  class space    used 2164K, committed 2432K, reserved 1048576K
}
Event: 7.000 GC heap after
{Heap after GC invocations=8 (full 1):
 PSYoungGen      total 27648K, used 2823K [0x00000000d5580000, 0x00000000d7480000, 0x0000000100000000)
  eden space 24576K, 0% used [0x00000000d5580000,0x00000000d5580000,0x00000000d6d80000)
  from space 3072K, 91% used [0x00000000d6e80000,0x00000000d7141cf0,0x00000000d7180000)
  to   space 3072K, 0% used [0x00000000d7180000,0x00000000d7180000,0x00000000d7480000)
 ParOldGen       total 68608K, used 8314K [0x0000000080000000, 0x0000000084300000, 0x00000000d5580000)
  object space 68608K, 12% used [0x0000000080000000,0x000000008081e9a0,0x0000000084300000)
 Metaspace       used 22902K, committed 23552K, reserved 1114112K
  class space    used 2164K, committed 2432K, reserved 1048576K
}

Dll operation events (10 events):
Event: 0.023 Loaded shared library c:\Users\TUF\.vscode\extensions\redhat.java-1.43.1-win32-x64\jre\21.0.7-win32-x86_64\bin\java.dll
Event: 0.130 Loaded shared library c:\Users\TUF\.vscode\extensions\redhat.java-1.43.1-win32-x64\jre\21.0.7-win32-x86_64\bin\zip.dll
Event: 0.158 Loaded shared library C:\Users\TUF\.vscode\extensions\redhat.java-1.43.1-win32-x64\jre\21.0.7-win32-x86_64\bin\instrument.dll
Event: 0.163 Loaded shared library C:\Users\TUF\.vscode\extensions\redhat.java-1.43.1-win32-x64\jre\21.0.7-win32-x86_64\bin\net.dll
Event: 0.165 Loaded shared library C:\Users\TUF\.vscode\extensions\redhat.java-1.43.1-win32-x64\jre\21.0.7-win32-x86_64\bin\nio.dll
Event: 0.167 Loaded shared library C:\Users\TUF\.vscode\extensions\redhat.java-1.43.1-win32-x64\jre\21.0.7-win32-x86_64\bin\zip.dll
Event: 0.186 Loaded shared library C:\Users\TUF\.vscode\extensions\redhat.java-1.43.1-win32-x64\jre\21.0.7-win32-x86_64\bin\jimage.dll
Event: 0.272 Loaded shared library c:\Users\TUF\.vscode\extensions\redhat.java-1.43.1-win32-x64\jre\21.0.7-win32-x86_64\bin\verify.dll
Event: 2.609 Loaded shared library C:\Users\TUF\AppData\Roaming\Code\User\globalStorage\redhat.java\1.43.1\config_ss_win\org.eclipse.equinox.launcher\org.eclipse.equinox.launcher.win32.win32.x86_64_1.2.1300.v20250331-1702\eclipse_11911.dll
Event: 3.453 Loaded shared library C:\Users\TUF\AppData\Local\Temp\jna-83429\jna1755364332660194266.dll

Deoptimization events (20 events):
Event: 7.007 Thread 0x0000024b057e9170 Uncommon trap: trap_request=0xffffff45 fr.pc=0x0000024b31e2718c relative=0x000000000000042c
Event: 7.007 Thread 0x0000024b057e9170 Uncommon trap: reason=unstable_if action=reinterpret pc=0x0000024b31e2718c method=java.lang.StringLatin1.canEncode(I)Z @ 4 c2
Event: 7.007 Thread 0x0000024b057e9170 DEOPT PACKING pc=0x0000024b31e2718c sp=0x0000005fa22fe0f0
Event: 7.007 Thread 0x0000024b057e9170 DEOPT UNPACKING pc=0x0000024b318b3aa2 sp=0x0000005fa22fe028 mode 2
Event: 7.008 Thread 0x0000024b057e9170 Uncommon trap: trap_request=0xffffff45 fr.pc=0x0000024b31e5b5ec relative=0x000000000000040c
Event: 7.008 Thread 0x0000024b057e9170 Uncommon trap: reason=unstable_if action=reinterpret pc=0x0000024b31e5b5ec method=java.lang.AbstractStringBuilder.isLatin1()Z @ 10 c2
Event: 7.008 Thread 0x0000024b057e9170 DEOPT PACKING pc=0x0000024b31e5b5ec sp=0x0000005fa22fe110
Event: 7.008 Thread 0x0000024b057e9170 DEOPT UNPACKING pc=0x0000024b318b3aa2 sp=0x0000005fa22fe0a0 mode 2
Event: 7.008 Thread 0x0000024b057e9170 Uncommon trap: trap_request=0xffffff45 fr.pc=0x0000024b31ec0c8c relative=0x000000000000006c
Event: 7.008 Thread 0x0000024b057e9170 Uncommon trap: reason=unstable_if action=reinterpret pc=0x0000024b31ec0c8c method=java.lang.AbstractStringBuilder.isLatin1()Z @ 10 c2
Event: 7.008 Thread 0x0000024b057e9170 DEOPT PACKING pc=0x0000024b31ec0c8c sp=0x0000005fa22fe110
Event: 7.008 Thread 0x0000024b057e9170 DEOPT UNPACKING pc=0x0000024b318b3aa2 sp=0x0000005fa22fe0a0 mode 2
Event: 7.010 Thread 0x0000024b057e9170 Uncommon trap: trap_request=0xffffffc6 fr.pc=0x0000024b31eb4b2c relative=0x0000000000000a2c
Event: 7.010 Thread 0x0000024b057e9170 Uncommon trap: reason=bimorphic_or_optimized_type_check action=maybe_recompile pc=0x0000024b31eb4b2c method=java.util.HashMap.putVal(ILjava/lang/Object;Ljava/lang/Object;ZZ)Ljava/lang/Object; @ 56 c2
Event: 7.010 Thread 0x0000024b057e9170 DEOPT PACKING pc=0x0000024b31eb4b2c sp=0x0000005fa22fd7a0
Event: 7.010 Thread 0x0000024b057e9170 DEOPT UNPACKING pc=0x0000024b318b3aa2 sp=0x0000005fa22fd708 mode 2
Event: 7.019 Thread 0x0000024b057e9170 Uncommon trap: trap_request=0xffffff45 fr.pc=0x0000024b31f29ec8 relative=0x0000000000000aa8
Event: 7.019 Thread 0x0000024b057e9170 Uncommon trap: reason=unstable_if action=reinterpret pc=0x0000024b31f29ec8 method=java.util.regex.Pattern$BmpCharPropertyGreedy.match(Ljava/util/regex/Matcher;ILjava/lang/CharSequence;)Z @ 12 c2
Event: 7.019 Thread 0x0000024b057e9170 DEOPT PACKING pc=0x0000024b31f29ec8 sp=0x0000005fa22fd490
Event: 7.019 Thread 0x0000024b057e9170 DEOPT UNPACKING pc=0x0000024b318b3aa2 sp=0x0000005fa22fd378 mode 2

Classes loaded (20 events):
Event: 7.019 Loading class sun/util/resources/TimeZoneNamesBundle done
Event: 7.019 Loading class sun/util/resources/cldr/TimeZoneNames done
Event: 7.019 Loading class sun/util/resources/cldr/TimeZoneNames_en
Event: 7.020 Loading class sun/util/resources/cldr/TimeZoneNames_en done
Event: 7.020 Loading class sun/util/resources/cldr/TimeZoneNames_en_US
Event: 7.020 Loading class sun/util/resources/cldr/TimeZoneNames_en_US done
Event: 7.021 Loading class sun/util/cldr/CLDRBaseLocaleDataMetaInfo$TZCanonicalIDMapHolder
Event: 7.021 Loading class sun/util/cldr/CLDRBaseLocaleDataMetaInfo$TZCanonicalIDMapHolder done
Event: 7.022 Loading class sun/util/resources/TimeZoneNames
Event: 7.023 Loading class sun/util/resources/TimeZoneNames done
Event: 7.023 Loading class sun/util/resources/TimeZoneNames_en
Event: 7.023 Loading class sun/util/resources/TimeZoneNames_en done
Event: 7.025 Loading class sun/nio/fs/WindowsPath$1
Event: 7.025 Loading class sun/nio/fs/WindowsPath$1 done
Event: 7.025 Loading class sun/nio/fs/WindowsChannelFactory$2
Event: 7.025 Loading class sun/nio/fs/WindowsChannelFactory$2 done
Event: 7.026 Loading class sun/nio/ch/ChannelOutputStream
Event: 7.026 Loading class sun/nio/ch/ChannelOutputStream done
Event: 7.026 Loading class sun/nio/fs/WindowsFileCopy
Event: 7.026 Loading class sun/nio/fs/WindowsFileCopy done

Classes unloaded (7 events):
Event: 4.833 Thread 0x0000024b3dbc4930 Unloading class 0x0000024b3f184800 'java/lang/invoke/LambdaForm$MH+0x0000024b3f184800'
Event: 4.833 Thread 0x0000024b3dbc4930 Unloading class 0x0000024b3f184400 'java/lang/invoke/LambdaForm$MH+0x0000024b3f184400'
Event: 4.833 Thread 0x0000024b3dbc4930 Unloading class 0x0000024b3f184000 'java/lang/invoke/LambdaForm$MH+0x0000024b3f184000'
Event: 4.833 Thread 0x0000024b3dbc4930 Unloading class 0x0000024b3f183c00 'java/lang/invoke/LambdaForm$MH+0x0000024b3f183c00'
Event: 4.833 Thread 0x0000024b3dbc4930 Unloading class 0x0000024b3f183800 'java/lang/invoke/LambdaForm$BMH+0x0000024b3f183800'
Event: 4.833 Thread 0x0000024b3dbc4930 Unloading class 0x0000024b3f183400 'java/lang/invoke/LambdaForm$DMH+0x0000024b3f183400'
Event: 4.833 Thread 0x0000024b3dbc4930 Unloading class 0x0000024b3f182000 'java/lang/invoke/LambdaForm$DMH+0x0000024b3f182000'

Classes redefined (0 events):
No events

Internal exceptions (20 events):
Event: 4.526 Thread 0x0000024b057e9170 Exception <a 'java/lang/NoSuchMethodError'{0x00000000d661e520}: 'java.lang.Object java.lang.invoke.DirectMethodHandle$Holder.invokeSpecial(java.lang.Object, java.lang.Object, java.lang.Object, java.lang.Object, long)'> (0x00000000d661e520) 
thrown [s\src\hotspot\share\interpreter\linkResolver.cpp, line 773]
Event: 4.526 Thread 0x0000024b057e9170 Exception <a 'java/lang/NoSuchMethodError'{0x00000000d6622140}: 'java.lang.Object java.lang.invoke.Invokers$Holder.linkToTargetMethod(java.lang.Object, java.lang.Object, long, java.lang.Object)'> (0x00000000d6622140) 
thrown [s\src\hotspot\share\interpreter\linkResolver.cpp, line 773]
Event: 4.532 Thread 0x0000024b057e9170 Exception <a 'java/lang/NoSuchMethodError'{0x00000000d6694040}: 'int java.lang.invoke.DirectMethodHandle$Holder.invokeStaticInit(java.lang.Object, java.lang.Object, java.lang.Object)'> (0x00000000d6694040) 
thrown [s\src\hotspot\share\interpreter\linkResolver.cpp, line 773]
Event: 4.537 Thread 0x0000024b057e9170 Exception <a 'java/lang/IncompatibleClassChangeError'{0x00000000d67162b0}: Found class java.lang.Object, but interface was expected> (0x00000000d67162b0) 
thrown [s\src\hotspot\share\interpreter\linkResolver.cpp, line 840]
Event: 4.541 Thread 0x0000024b057e9170 Exception <a 'java/lang/NoSuchMethodError'{0x00000000d672d890}: 'java.lang.Object java.lang.invoke.DirectMethodHandle$Holder.invokeSpecial(java.lang.Object, java.lang.Object, java.lang.Object, int, java.lang.Object, java.lang.Object)'> (0x00000000d672d890) 
thrown [s\src\hotspot\share\interpreter\linkResolver.cpp, line 773]
Event: 4.541 Thread 0x0000024b057e9170 Exception <a 'java/lang/NoSuchMethodError'{0x00000000d6735368}: 'java.lang.Object java.lang.invoke.DirectMethodHandle$Holder.newInvokeSpecial(java.lang.Object, java.lang.Object, java.lang.Object, int, java.lang.Object)'> (0x00000000d6735368) 
thrown [s\src\hotspot\share\interpreter\linkResolver.cpp, line 773]
Event: 4.541 Thread 0x0000024b057e9170 Exception <a 'java/lang/NoSuchMethodError'{0x00000000d6739328}: 'java.lang.Object java.lang.invoke.DirectMethodHandle$Holder.invokeSpecial(java.lang.Object, java.lang.Object, java.lang.Object, java.lang.Object, int, java.lang.Object)'> (0x00000000d6739328) 
thrown [s\src\hotspot\share\interpreter\linkResolver.cpp, line 773]
Event: 4.541 Thread 0x0000024b057e9170 Exception <a 'java/lang/NoSuchMethodError'{0x00000000d673ce68}: 'java.lang.Object java.lang.invoke.Invokers$Holder.linkToTargetMethod(java.lang.Object, java.lang.Object, int, java.lang.Object, java.lang.Object)'> (0x00000000d673ce68) 
thrown [s\src\hotspot\share\interpreter\linkResolver.cpp, line 773]
Event: 4.541 Thread 0x0000024b057db3a0 Exception <a 'java/lang/NoSuchMethodError'{0x00000000d6677278}: 'java.lang.Object java.lang.invoke.DirectMethodHandle$Holder.invokeSpecial(java.lang.Object, java.lang.Object, int, java.lang.Object, java.lang.Object)'> (0x00000000d6677278) 
thrown [s\src\hotspot\share\interpreter\linkResolver.cpp, line 773]
Event: 4.542 Thread 0x0000024b057db3a0 Exception <a 'java/lang/NoSuchMethodError'{0x00000000d667dfb0}: 'java.lang.Object java.lang.invoke.DirectMethodHandle$Holder.newInvokeSpecial(java.lang.Object, java.lang.Object, int, java.lang.Object)'> (0x00000000d667dfb0) 
thrown [s\src\hotspot\share\interpreter\linkResolver.cpp, line 773]
Event: 4.542 Thread 0x0000024b057db3a0 Exception <a 'java/lang/NoSuchMethodError'{0x00000000d66818d0}: 'java.lang.Object java.lang.invoke.DirectMethodHandle$Holder.invokeSpecial(java.lang.Object, java.lang.Object, java.lang.Object, int, java.lang.Object)'> (0x00000000d66818d0) 
thrown [s\src\hotspot\share\interpreter\linkResolver.cpp, line 773]
Event: 4.552 Thread 0x0000024b057e9170 Exception <a 'java/lang/NoSuchMethodError'{0x00000000d685cfd8}: 'void java.lang.invoke.DirectMethodHandle$Holder.invokeSpecial(java.lang.Object, java.lang.Object, java.lang.Object, java.lang.Object, java.lang.Object)'> (0x00000000d685cfd8) 
thrown [s\src\hotspot\share\interpreter\linkResolver.cpp, line 773]
Event: 4.567 Thread 0x0000024b057e9170 Exception <a 'java/lang/NoSuchMethodError'{0x00000000d698b8a8}: 'double java.lang.invoke.DirectMethodHandle$Holder.invokeStatic(java.lang.Object, java.lang.Object)'> (0x00000000d698b8a8) 
thrown [s\src\hotspot\share\interpreter\linkResolver.cpp, line 773]
Event: 4.568 Thread 0x0000024b057e9170 Exception <a 'java/lang/NoSuchMethodError'{0x00000000d698ef68}: 'double java.lang.invoke.DirectMethodHandle$Holder.invokeStaticInit(java.lang.Object, java.lang.Object)'> (0x00000000d698ef68) 
thrown [s\src\hotspot\share\interpreter\linkResolver.cpp, line 773]
Event: 4.791 Thread 0x0000024b057e9170 Implicit null exception at 0x0000024b31f282f5 to 0x0000024b31f283d0
Event: 5.958 Thread 0x0000024b057e9170 Exception <a 'java/lang/ClassNotFoundException'{0x00000000d6a711f0}: com/sun/org/apache/xerces/internal/impl/msg/spi/DOMMessagesProvider> (0x00000000d6a711f0) 
thrown [s\src\hotspot\share\classfile\systemDictionary.cpp, line 312]
Event: 5.959 Thread 0x0000024b057e9170 Exception <a 'java/lang/ClassNotFoundException'{0x00000000d6a8c4c8}: com/sun/org/apache/xerces/internal/impl/msg/spi/XMLSerializerMessagesProvider> (0x00000000d6a8c4c8) 
thrown [s\src\hotspot\share\classfile\systemDictionary.cpp, line 312]
Event: 5.959 Thread 0x0000024b057e9170 Exception <a 'java/lang/ClassNotFoundException'{0x00000000d6a99748}: com/sun/org/apache/xerces/internal/impl/msg/spi/XMLMessagesProvider> (0x00000000d6a99748) 
thrown [s\src\hotspot\share\classfile\systemDictionary.cpp, line 312]
Event: 6.992 Thread 0x0000024b057e9170 Exception <a 'java/lang/NoSuchMethodError'{0x00000000d6d32f20}: 'java.lang.Object java.lang.invoke.DirectMethodHandle$Holder.newInvokeSpecial(java.lang.Object, int, java.lang.Object, java.lang.Object)'> (0x00000000d6d32f20) 
thrown [s\src\hotspot\share\interpreter\linkResolver.cpp, line 773]
Event: 7.016 Thread 0x0000024b057e9170 Exception <a 'sun/nio/fs/WindowsException'{0x00000000d56b8328}> (0x00000000d56b8328) 
thrown [s\src\hotspot\share\prims\jni.cpp, line 520]

ZGC Phase Switch (0 events):
No events

VM Operations (20 events):
Event: 3.459 Executing VM operation: HandshakeAllThreads (Deoptimize) done
Event: 4.464 Executing VM operation: Cleanup
Event: 4.495 Executing VM operation: Cleanup done
Event: 4.620 Executing VM operation: ParallelGCFailedAllocation (Allocation Failure)
Event: 4.623 Executing VM operation: ParallelGCFailedAllocation (Allocation Failure) done
Event: 4.799 Executing VM operation: ParallelGCFailedAllocation (Allocation Failure)
Event: 4.801 Executing VM operation: ParallelGCFailedAllocation (Allocation Failure) done
Event: 4.828 Executing VM operation: CollectForMetadataAllocation (Metadata GC Threshold)
Event: 4.847 Executing VM operation: CollectForMetadataAllocation (Metadata GC Threshold) done
Event: 5.847 Executing VM operation: Cleanup
Event: 5.847 Executing VM operation: Cleanup done
Event: 5.936 Executing VM operation: HandshakeAllThreads (Deoptimize)
Event: 5.936 Executing VM operation: HandshakeAllThreads (Deoptimize) done
Event: 6.930 Executing VM operation: Cleanup
Event: 6.930 Executing VM operation: Cleanup done
Event: 6.999 Executing VM operation: ParallelGCFailedAllocation (Allocation Failure)
Event: 7.000 Executing VM operation: ParallelGCFailedAllocation (Allocation Failure) done
Event: 7.009 Executing VM operation: HandshakeAllThreads (Deoptimize)
Event: 7.009 Executing VM operation: HandshakeAllThreads (Deoptimize) done
Event: 8.012 Executing VM operation: Cleanup

Memory protections (0 events):
No events

Nmethod flushes (0 events):
No events

Events (20 events):
Event: 0.381 Thread 0x0000024b24ddabf0 Thread added: 0x0000024b003359d0
Event: 0.523 Thread 0x0000024b271fe6d0 Thread added: 0x0000024b0512cdf0
Event: 1.119 Thread 0x0000024b24ddabf0 Thread added: 0x0000024b05790d50
Event: 1.586 Thread 0x0000024b002e12b0 Thread exited: 0x0000024b002e12b0
Event: 1.586 Thread 0x0000024b0512cdf0 Thread exited: 0x0000024b0512cdf0
Event: 2.603 Thread 0x0000024b24ddabf0 Thread added: 0x0000024b002e12b0
Event: 2.606 Thread 0x0000024b24ddabf0 Thread added: 0x0000024b057e9170
Event: 2.637 Thread 0x0000024b057e9170 Thread added: 0x0000024b059f8460
Event: 2.731 Thread 0x0000024b057e9170 Thread added: 0x0000024b0597f0e0
Event: 2.810 Thread 0x0000024b271fe6d0 Thread added: 0x0000024b051ec440
Event: 2.810 Thread 0x0000024b271fe6d0 Thread added: 0x0000024b051ecae0
Event: 2.987 Thread 0x0000024b057e9170 Thread added: 0x0000024b05b05f00
Event: 3.186 Thread 0x0000024b051ec440 Thread exited: 0x0000024b051ec440
Event: 3.186 Thread 0x0000024b051ecae0 Thread exited: 0x0000024b051ecae0
Event: 3.221 Thread 0x0000024b271fe6d0 Thread added: 0x0000024b05d316b0
Event: 3.475 Thread 0x0000024b057e9170 Thread added: 0x0000024b0529c330
Event: 4.528 Thread 0x0000024b057e9170 Thread added: 0x0000024b057db3a0
Event: 4.542 Thread 0x0000024b057e9170 Thread added: 0x0000024b05f1d140
Event: 4.642 Thread 0x0000024b271fe6d0 Thread added: 0x0000024b061922b0
Event: 5.965 Thread 0x0000024b057e9170 Thread added: 0x0000024b05f1de60


Dynamic libraries:
0x00007ff6a5e60000 - 0x00007ff6a5e6e000 	c:\Users\TUF\.vscode\extensions\redhat.java-1.43.1-win32-x64\jre\21.0.7-win32-x86_64\bin\java.exe
0x00007ff908ba0000 - 0x00007ff908e08000 	C:\WINDOWS\SYSTEM32\ntdll.dll
0x00007ff907d00000 - 0x00007ff907dc9000 	C:\WINDOWS\System32\KERNEL32.DLL
0x00007ff906550000 - 0x00007ff90693d000 	C:\WINDOWS\System32\KERNELBASE.dll
0x00007ff9062a0000 - 0x00007ff9063eb000 	C:\WINDOWS\System32\ucrtbase.dll
0x00007ff8ec0b0000 - 0x00007ff8ec0c8000 	c:\Users\TUF\.vscode\extensions\redhat.java-1.43.1-win32-x64\jre\21.0.7-win32-x86_64\bin\jli.dll
0x00007ff8eb8c0000 - 0x00007ff8eb8de000 	c:\Users\TUF\.vscode\extensions\redhat.java-1.43.1-win32-x64\jre\21.0.7-win32-x86_64\bin\VCRUNTIME140.dll
0x00007ff908980000 - 0x00007ff908b4c000 	C:\WINDOWS\System32\USER32.dll
0x00007ff8ebb80000 - 0x00007ff8ebe1a000 	C:\WINDOWS\WinSxS\amd64_microsoft.windows.common-controls_6595b64144ccf1df_6.0.26100.4484_none_3e0e6d4ce32ef3b3\COMCTL32.dll
0x00007ff906080000 - 0x00007ff9060a7000 	C:\WINDOWS\System32\win32u.dll
0x00007ff906c60000 - 0x00007ff906d09000 	C:\WINDOWS\System32\msvcrt.dll
0x00007ff906fe0000 - 0x00007ff90700b000 	C:\WINDOWS\System32\GDI32.dll
0x00007ff906160000 - 0x00007ff906297000 	C:\WINDOWS\System32\gdi32full.dll
0x00007ff9060b0000 - 0x00007ff906153000 	C:\WINDOWS\System32\msvcp_win.dll
0x00007ff907bb0000 - 0x00007ff907bdf000 	C:\WINDOWS\System32\IMM32.DLL
0x00007ff8fe450000 - 0x00007ff8fe45c000 	c:\Users\TUF\.vscode\extensions\redhat.java-1.43.1-win32-x64\jre\21.0.7-win32-x86_64\bin\vcruntime140_1.dll
0x00007ff8e75e0000 - 0x00007ff8e766d000 	c:\Users\TUF\.vscode\extensions\redhat.java-1.43.1-win32-x64\jre\21.0.7-win32-x86_64\bin\msvcp140.dll
0x00007ff879b50000 - 0x00007ff87a8e0000 	c:\Users\TUF\.vscode\extensions\redhat.java-1.43.1-win32-x64\jre\21.0.7-win32-x86_64\bin\server\jvm.dll
0x00007ff907290000 - 0x00007ff907344000 	C:\WINDOWS\System32\ADVAPI32.dll
0x00007ff908730000 - 0x00007ff9087d6000 	C:\WINDOWS\System32\sechost.dll
0x00007ff9087e0000 - 0x00007ff9088f8000 	C:\WINDOWS\System32\RPCRT4.dll
0x00007ff908900000 - 0x00007ff908974000 	C:\WINDOWS\System32\WS2_32.dll
0x00007ff905450000 - 0x00007ff9054ae000 	C:\WINDOWS\SYSTEM32\POWRPROF.dll
0x00007ff8ff520000 - 0x00007ff8ff52b000 	C:\WINDOWS\SYSTEM32\VERSION.dll
0x00007ff8f5e20000 - 0x00007ff8f5e55000 	C:\WINDOWS\SYSTEM32\WINMM.dll
0x00007ff905430000 - 0x00007ff905444000 	C:\WINDOWS\SYSTEM32\UMPDC.dll
0x00007ff904a50000 - 0x00007ff904a6b000 	C:\WINDOWS\SYSTEM32\kernel.appcore.dll
0x00007ff8fb570000 - 0x00007ff8fb57a000 	c:\Users\TUF\.vscode\extensions\redhat.java-1.43.1-win32-x64\jre\21.0.7-win32-x86_64\bin\jimage.dll
0x00007ff8f5130000 - 0x00007ff8f5371000 	C:\WINDOWS\SYSTEM32\DBGHELP.DLL
0x00007ff907f10000 - 0x00007ff908296000 	C:\WINDOWS\System32\combase.dll
0x00007ff906d10000 - 0x00007ff906df0000 	C:\WINDOWS\System32\OLEAUT32.dll
0x00007ff8e9550000 - 0x00007ff8e9593000 	C:\WINDOWS\SYSTEM32\dbgcore.DLL
0x00007ff9064b0000 - 0x00007ff906549000 	C:\WINDOWS\System32\bcryptPrimitives.dll
0x00007ff8ef360000 - 0x00007ff8ef36f000 	c:\Users\TUF\.vscode\extensions\redhat.java-1.43.1-win32-x64\jre\21.0.7-win32-x86_64\bin\instrument.dll
0x00007ff8e6750000 - 0x00007ff8e676f000 	c:\Users\TUF\.vscode\extensions\redhat.java-1.43.1-win32-x64\jre\21.0.7-win32-x86_64\bin\java.dll
0x00007ff907460000 - 0x00007ff907baa000 	C:\WINDOWS\System32\SHELL32.dll
0x00007ff905cf0000 - 0x00007ff905e64000 	C:\WINDOWS\System32\wintypes.dll
0x00007ff903910000 - 0x00007ff90416b000 	C:\WINDOWS\SYSTEM32\windows.storage.dll
0x00007ff907c00000 - 0x00007ff907cf5000 	C:\WINDOWS\System32\SHCORE.dll
0x00007ff907dd0000 - 0x00007ff907e3a000 	C:\WINDOWS\System32\shlwapi.dll
0x00007ff905c00000 - 0x00007ff905c2f000 	C:\WINDOWS\SYSTEM32\profapi.dll
0x00007ff8e6730000 - 0x00007ff8e6748000 	c:\Users\TUF\.vscode\extensions\redhat.java-1.43.1-win32-x64\jre\21.0.7-win32-x86_64\bin\zip.dll
0x00007ff8fb440000 - 0x00007ff8fb450000 	C:\Users\TUF\.vscode\extensions\redhat.java-1.43.1-win32-x64\jre\21.0.7-win32-x86_64\bin\net.dll
0x00007ff8fe980000 - 0x00007ff8fea9e000 	C:\WINDOWS\SYSTEM32\WINHTTP.dll
0x00007ff904fc0000 - 0x00007ff90502a000 	C:\WINDOWS\system32\mswsock.dll
0x00007ff8e5300000 - 0x00007ff8e5316000 	C:\Users\TUF\.vscode\extensions\redhat.java-1.43.1-win32-x64\jre\21.0.7-win32-x86_64\bin\nio.dll
0x00007ff8eb8b0000 - 0x00007ff8eb8c0000 	c:\Users\TUF\.vscode\extensions\redhat.java-1.43.1-win32-x64\jre\21.0.7-win32-x86_64\bin\verify.dll
0x00007ff8e4590000 - 0x00007ff8e45d5000 	C:\Users\TUF\AppData\Roaming\Code\User\globalStorage\redhat.java\1.43.1\config_ss_win\org.eclipse.equinox.launcher\org.eclipse.equinox.launcher.win32.win32.x86_64_1.2.1300.v20250331-1702\eclipse_11911.dll
0x00007ff907080000 - 0x00007ff90721e000 	C:\WINDOWS\System32\ole32.dll
0x00007ff9054c0000 - 0x00007ff9054db000 	C:\WINDOWS\SYSTEM32\CRYPTSP.dll
0x00007ff9049b0000 - 0x00007ff9049eb000 	C:\WINDOWS\system32\rsaenh.dll
0x00007ff905060000 - 0x00007ff90508b000 	C:\WINDOWS\SYSTEM32\USERENV.dll
0x00007ff905bd0000 - 0x00007ff905bf6000 	C:\WINDOWS\SYSTEM32\bcrypt.dll
0x00007ff905200000 - 0x00007ff90520c000 	C:\WINDOWS\SYSTEM32\CRYPTBASE.dll
0x00007ff904460000 - 0x00007ff904493000 	C:\WINDOWS\SYSTEM32\IPHLPAPI.DLL
0x00007ff907bf0000 - 0x00007ff907bfa000 	C:\WINDOWS\System32\NSI.dll
0x00007ff8fb640000 - 0x00007ff8fb689000 	C:\Users\TUF\AppData\Local\Temp\jna-83429\jna1755364332660194266.dll
0x00007ff907ef0000 - 0x00007ff907ef8000 	C:\WINDOWS\System32\PSAPI.DLL

dbghelp: loaded successfully - version: 4.0.5 - missing functions: none
symbol engine: initialized successfully - sym options: 0x614 - pdb path: .;c:\Users\TUF\.vscode\extensions\redhat.java-1.43.1-win32-x64\jre\21.0.7-win32-x86_64\bin;C:\WINDOWS\SYSTEM32;C:\WINDOWS\WinSxS\amd64_microsoft.windows.common-controls_6595b64144ccf1df_6.0.26100.4484_none_3e0e6d4ce32ef3b3;c:\Users\TUF\.vscode\extensions\redhat.java-1.43.1-win32-x64\jre\21.0.7-win32-x86_64\bin\server;C:\Users\TUF\AppData\Roaming\Code\User\globalStorage\redhat.java\1.43.1\config_ss_win\org.eclipse.equinox.launcher\org.eclipse.equinox.launcher.win32.win32.x86_64_1.2.1300.v20250331-1702;C:\Users\TUF\AppData\Local\Temp\jna-83429

VM Arguments:
jvm_args: --add-modules=ALL-SYSTEM --add-opens=java.base/java.util=ALL-UNNAMED --add-opens=java.base/java.lang=ALL-UNNAMED --add-opens=java.base/sun.nio.fs=ALL-UNNAMED -Declipse.application=org.eclipse.jdt.ls.core.id1 -Dosgi.bundles.defaultStartLevel=4 -Declipse.product=org.eclipse.jdt.ls.core.product -Djava.import.generatesMetadataFilesAtProjectRoot=false -DDetectVMInstallationsJob.disabled=true -Dfile.encoding=utf8 -XX:+UseParallelGC -XX:GCTimeRatio=4 -XX:AdaptiveSizePolicyWeight=90 -Dsun.zip.disableMemoryMapping=true -Xmx2G -Xms100m -Xlog:disable -javaagent:c:\Users\TUF\.vscode\extensions\redhat.java-1.43.1-win32-x64\lombok\lombok-1.18.39-4050.jar 
java_command: c:\Users\TUF\.vscode\extensions\redhat.java-1.43.1-win32-x64\server\plugins\org.eclipse.equinox.launcher_1.7.0.v20250519-0528.jar -configuration c:\Users\TUF\AppData\Roaming\Code\User\globalStorage\redhat.java\1.43.1\config_ss_win -data c:\Users\TUF\AppData\Roaming\Code\User\workspaceStorage\03fc4354315e2177e2f05af99acf76cd\redhat.java\ss_ws --pipe=\\.\pipe\lsp-b318d4c3589c708318adcab77951cf2f-sock
java_class_path (initial): c:\Users\TUF\.vscode\extensions\redhat.java-1.43.1-win32-x64\server\plugins\org.eclipse.equinox.launcher_1.7.0.v20250519-0528.jar
Launcher Type: SUN_STANDARD

[Global flags]
    uintx AdaptiveSizePolicyWeight                 = 90                                        {product} {command line}
     intx CICompilerCount                          = 4                                         {product} {ergonomic}
    uintx GCTimeRatio                              = 4                                         {product} {command line}
   size_t InitialHeapSize                          = 104857600                                 {product} {command line}
   size_t MaxHeapSize                              = 2147483648                                {product} {command line}
   size_t MaxNewSize                               = 715653120                                 {product} {ergonomic}
   size_t MinHeapDeltaBytes                        = 524288                                    {product} {ergonomic}
   size_t MinHeapSize                              = 104857600                                 {product} {command line}
   size_t NewSize                                  = 34603008                                  {product} {ergonomic}
    uintx NonNMethodCodeHeapSize                   = 5839372                                {pd product} {ergonomic}
    uintx NonProfiledCodeHeapSize                  = 122909434                              {pd product} {ergonomic}
   size_t OldSize                                  = 70254592                                  {product} {ergonomic}
    uintx ProfiledCodeHeapSize                     = 122909434                              {pd product} {ergonomic}
    uintx ReservedCodeCacheSize                    = 251658240                              {pd product} {ergonomic}
     bool SegmentedCodeCache                       = true                                      {product} {ergonomic}
   size_t SoftMaxHeapSize                          = 2147483648                             {manageable} {ergonomic}
     bool UseCompressedOops                        = true                           {product lp64_product} {ergonomic}
     bool UseLargePagesIndividualAllocation        = false                                  {pd product} {ergonomic}
     bool UseParallelGC                            = true                                      {product} {command line}

Logging:
Log output configuration:
 #0: stdout all=off uptime,level,tags foldmultilines=false
 #1: stderr all=off uptime,level,tags foldmultilines=false

Environment Variables:
PATH=C:\Program Files\Common Files\Oracle\Java\javapath;C:\Program Files (x86)\Common Files\Oracle\Java\javapath;C:\WINDOWS\system32;C:\WINDOWS;C:\WINDOWS\System32\Wbem;C:\WINDOWS\System32\WindowsPowerShell\v1.0\;C:\WINDOWS\System32\OpenSSH\;C:\WINDOWS\system32;C:\WINDOWS;C:\WINDOWS\System32\Wbem;C:\WINDOWS\System32\WindowsPowerShell\v1.0\;C:\WINDOWS\System32\OpenSSH\;C:\Users\TUF\AppData\Roaming\nvm;C:\Program Files\nodejs;C:\Program Files\nodejs\;C:\xampp\php;C:\Program Files (x86)\NVIDIA Corporation\PhysX\Common;C:\Program Files\NVIDIA Corporation\NVIDIA NvDLISR;D:\git\Git\cmd;D:\git\Git\mingw64\bin;D:\git\Git\usr\bin;C:\Program Files (x86)\Windows Kits\10\Windows Performance Toolkit\;C:\Program Files\dotnet\;C:\ProgramData\ComposerSetup\bin;C:\php-8.3;C:\Users\TUF\AppData\Local\Programs\Python\Python313;C:\Users\TUF\AppData\Local\Programs\Python\Python313\Scripts;C:\Program Files\Docker\Docker\resources\bin;C:\Program Files (x86)\ZeroTier\One\;C:\Program Files\Java\jdk-24\bin;C:\Users\TUF\AppData\Local\Programs\Python\Launcher\;C:\Users\TUF\AppData\Local\Programs\Python\Python310\Scripts\;C:\Users\TUF\AppData\Local\Programs\Python\Python310\;C:\Users\TUF\AppData\Local\Microsoft\WindowsApps;D:\msys64\mingw64\bin;C:\Program Files\JetBrains\PyCharm Community Edition 2022.3.3\bin;;D:\nodejs;C:\Users\TUF\AppData\Roaming\nvm;C:\Program Files\nodejs;C:\Users\TUF\AppData\Roaming\npm;C:\src\flutter\bin;C:\Program Files\JetBrains\PyCharm 2024.1.4\bin;;C:\cmake-3.30.0-windows-x86_64\bin;D:\Flutter\src\flutter\bin;C:\Users\TUF\AppData\Local\GitHubDesktop\bin;C:\Users\TUF\.dotnet\tools;C:\Users\TUF\AppData\Roaming\Composer\vendor\bin;C:\Users\TUF\AppData\Local\Programs\Microsoft VS Code\bin
USERNAME=TUF
OS=Windows_NT
PROCESSOR_IDENTIFIER=AMD64 Family 25 Model 33 Stepping 2, AuthenticAMD
TMP=C:\Users\TUF\AppData\Local\Temp
TEMP=C:\Users\TUF\AppData\Local\Temp




Periodic native trim disabled

---------------  S Y S T E M  ---------------

OS:
 Windows 11 , 64 bit Build 26100 (10.0.26100.4484)
OS uptime: 0 days 0:48 hours
Hyper-V role detected

CPU: total 12 (initial active 12) (12 cores per cpu, 2 threads per core) family 25 model 33 stepping 2 microcode 0xa20120e, cx8, cmov, fxsr, ht, mmx, 3dnowpref, sse, sse2, sse3, ssse3, sse4a, sse4.1, sse4.2, popcnt, lzcnt, tsc, tscinvbit, avx, avx2, aes, erms, clmul, bmi1, bmi2, adx, sha, fma, vzeroupper, clflush, clflushopt, hv, rdtscp, rdpid, fsrm, f16c, cet_ss
Processor Information for the first 12 processors :
  Max Mhz: 3701, Current Mhz: 3701, Mhz Limit: 3701

Memory: 4k page, system-wide physical 15296M (1524M free)
TotalPageFile size 23488M (AvailPageFile size 2M)
current process WorkingSet (physical memory assigned to process): 148M, peak: 148M
current process commit charge ("private bytes"): 288M, peak: 290M

vm_info: OpenJDK 64-Bit Server VM (21.0.7+6-LTS) for windows-amd64 JRE (21.0.7+6-LTS), built on 2025-04-15T00:00:00Z by "admin" with MS VC++ 17.7 (VS2022)

END.
